ARM GAS  /tmp/ccSi0Yuu.s 			page 1


   1              		.cpu cortex-m4
   2              		.eabi_attribute 27, 1
   3              		.eabi_attribute 28, 1
   4              		.eabi_attribute 20, 1
   5              		.eabi_attribute 21, 1
   6              		.eabi_attribute 23, 3
   7              		.eabi_attribute 24, 1
   8              		.eabi_attribute 25, 1
   9              		.eabi_attribute 26, 1
  10              		.eabi_attribute 30, 1
  11              		.eabi_attribute 34, 1
  12              		.eabi_attribute 18, 4
  13              		.file	"microros_time.c"
  14              		.text
  15              	.Ltext0:
  16              		.cfi_sections	.debug_frame
  17              		.global	__aeabi_ldivmod
  18              		.section	.text.UTILS_NanosecondsToTimespec,"ax",%progbits
  19              		.align	1
  20              		.global	UTILS_NanosecondsToTimespec
  21              		.arch armv7e-m
  22              		.syntax unified
  23              		.thumb
  24              		.thumb_func
  25              		.fpu fpv4-sp-d16
  27              	UTILS_NanosecondsToTimespec:
  28              	.LVL0:
  29              	.LFB4:
  30              		.file 1 "micro_ros_stm32cubemx_utils/extra_sources/microros_time.c"
   1:micro_ros_stm32cubemx_utils/extra_sources/microros_time.c **** #include <unistd.h>
   2:micro_ros_stm32cubemx_utils/extra_sources/microros_time.c **** #include <time.h>
   3:micro_ros_stm32cubemx_utils/extra_sources/microros_time.c **** #include "cmsis_os.h"
   4:micro_ros_stm32cubemx_utils/extra_sources/microros_time.c **** 
   5:micro_ros_stm32cubemx_utils/extra_sources/microros_time.c **** #define MICROSECONDS_PER_SECOND    ( 1000000LL )                                   /**< Microsecond
   6:micro_ros_stm32cubemx_utils/extra_sources/microros_time.c **** #define NANOSECONDS_PER_SECOND     ( 1000000000LL )                                /**< Nanoseconds
   7:micro_ros_stm32cubemx_utils/extra_sources/microros_time.c **** #define NANOSECONDS_PER_TICK       ( NANOSECONDS_PER_SECOND / configTICK_RATE_HZ ) /**< Nanoseconds
   8:micro_ros_stm32cubemx_utils/extra_sources/microros_time.c **** 
   9:micro_ros_stm32cubemx_utils/extra_sources/microros_time.c **** void UTILS_NanosecondsToTimespec( int64_t llSource,
  10:micro_ros_stm32cubemx_utils/extra_sources/microros_time.c ****                                   struct timespec * const pxDestination )
  11:micro_ros_stm32cubemx_utils/extra_sources/microros_time.c **** {
  31              		.loc 1 11 1 view -0
  32              		.cfi_startproc
  33              		@ args = 0, pretend = 0, frame = 0
  34              		@ frame_needed = 0, uses_anonymous_args = 0
  35              		.loc 1 11 1 is_stmt 0 view .LVU1
  36 0000 2DE9F041 		push	{r4, r5, r6, r7, r8, lr}
  37              	.LCFI0:
  38              		.cfi_def_cfa_offset 24
  39              		.cfi_offset 4, -24
  40              		.cfi_offset 5, -20
  41              		.cfi_offset 6, -16
  42              		.cfi_offset 7, -12
  43              		.cfi_offset 8, -8
  44              		.cfi_offset 14, -4
  45 0004 8046     		mov	r8, r0
  46 0006 0D46     		mov	r5, r1
  47 0008 1446     		mov	r4, r2
ARM GAS  /tmp/ccSi0Yuu.s 			page 2


  12:micro_ros_stm32cubemx_utils/extra_sources/microros_time.c ****     long lCarrySec = 0;
  48              		.loc 1 12 5 is_stmt 1 view .LVU2
  49              	.LVL1:
  13:micro_ros_stm32cubemx_utils/extra_sources/microros_time.c **** 
  14:micro_ros_stm32cubemx_utils/extra_sources/microros_time.c ****     /* Convert to timespec. */
  15:micro_ros_stm32cubemx_utils/extra_sources/microros_time.c ****     pxDestination->tv_sec = ( time_t ) ( llSource / NANOSECONDS_PER_SECOND );
  50              		.loc 1 15 5 view .LVU3
  51              		.loc 1 15 29 is_stmt 0 view .LVU4
  52 000a 15A3     		adr	r3, .L5+8
  53 000c D3E90023 		ldrd	r2, [r3]
  54              	.LVL2:
  55              		.loc 1 15 29 view .LVU5
  56 0010 FFF7FEFF 		bl	__aeabi_ldivmod
  57              	.LVL3:
  58              		.loc 1 15 29 view .LVU6
  59 0014 0646     		mov	r6, r0
  60 0016 0F46     		mov	r7, r1
  61              		.loc 1 15 27 view .LVU7
  62 0018 C4E90067 		strd	r6, [r4]
  16:micro_ros_stm32cubemx_utils/extra_sources/microros_time.c ****     pxDestination->tv_nsec = ( long ) ( llSource % NANOSECONDS_PER_SECOND );
  63              		.loc 1 16 5 is_stmt 1 view .LVU8
  64              		.loc 1 16 50 is_stmt 0 view .LVU9
  65 001c 10A3     		adr	r3, .L5+8
  66 001e D3E90023 		ldrd	r2, [r3]
  67 0022 4046     		mov	r0, r8
  68 0024 2946     		mov	r1, r5
  69 0026 FFF7FEFF 		bl	__aeabi_ldivmod
  70              	.LVL4:
  71              		.loc 1 16 28 view .LVU10
  72 002a A260     		str	r2, [r4, #8]
  17:micro_ros_stm32cubemx_utils/extra_sources/microros_time.c **** 
  18:micro_ros_stm32cubemx_utils/extra_sources/microros_time.c ****     /* Subtract from tv_sec if tv_nsec < 0. */
  19:micro_ros_stm32cubemx_utils/extra_sources/microros_time.c ****     if( pxDestination->tv_nsec < 0L )
  73              		.loc 1 19 5 is_stmt 1 view .LVU11
  74              		.loc 1 19 7 is_stmt 0 view .LVU12
  75 002c 002A     		cmp	r2, #0
  76 002e 01DB     		blt	.L4
  77              	.LVL5:
  78              	.L1:
  20:micro_ros_stm32cubemx_utils/extra_sources/microros_time.c ****     {
  21:micro_ros_stm32cubemx_utils/extra_sources/microros_time.c ****         /* Compute the number of seconds to carry. */
  22:micro_ros_stm32cubemx_utils/extra_sources/microros_time.c ****         lCarrySec = ( pxDestination->tv_nsec / ( long ) NANOSECONDS_PER_SECOND ) + 1L;
  23:micro_ros_stm32cubemx_utils/extra_sources/microros_time.c **** 
  24:micro_ros_stm32cubemx_utils/extra_sources/microros_time.c ****         pxDestination->tv_sec -= ( time_t ) ( lCarrySec );
  25:micro_ros_stm32cubemx_utils/extra_sources/microros_time.c ****         pxDestination->tv_nsec += lCarrySec * ( long ) NANOSECONDS_PER_SECOND;
  26:micro_ros_stm32cubemx_utils/extra_sources/microros_time.c ****     }
  27:micro_ros_stm32cubemx_utils/extra_sources/microros_time.c **** }
  79              		.loc 1 27 1 view .LVU13
  80 0030 BDE8F081 		pop	{r4, r5, r6, r7, r8, pc}
  81              	.LVL6:
  82              	.L4:
  22:micro_ros_stm32cubemx_utils/extra_sources/microros_time.c **** 
  83              		.loc 1 22 9 is_stmt 1 view .LVU14
  22:micro_ros_stm32cubemx_utils/extra_sources/microros_time.c **** 
  84              		.loc 1 22 46 is_stmt 0 view .LVU15
  85 0034 0849     		ldr	r1, .L5
  86 0036 81FB0231 		smull	r3, r1, r1, r2
ARM GAS  /tmp/ccSi0Yuu.s 			page 3


  87 003a D317     		asrs	r3, r2, #31
  88 003c C3EB2173 		rsb	r3, r3, r1, asr #28
  22:micro_ros_stm32cubemx_utils/extra_sources/microros_time.c **** 
  89              		.loc 1 22 19 view .LVU16
  90 0040 0133     		adds	r3, r3, #1
  91              	.LVL7:
  24:micro_ros_stm32cubemx_utils/extra_sources/microros_time.c ****         pxDestination->tv_nsec += lCarrySec * ( long ) NANOSECONDS_PER_SECOND;
  92              		.loc 1 24 9 is_stmt 1 view .LVU17
  24:micro_ros_stm32cubemx_utils/extra_sources/microros_time.c ****         pxDestination->tv_nsec += lCarrySec * ( long ) NANOSECONDS_PER_SECOND;
  93              		.loc 1 24 31 is_stmt 0 view .LVU18
  94 0042 F61A     		subs	r6, r6, r3
  95 0044 67EBE377 		sbc	r7, r7, r3, asr #31
  96 0048 C4E90067 		strd	r6, [r4]
  25:micro_ros_stm32cubemx_utils/extra_sources/microros_time.c ****     }
  97              		.loc 1 25 9 is_stmt 1 view .LVU19
  25:micro_ros_stm32cubemx_utils/extra_sources/microros_time.c ****     }
  98              		.loc 1 25 32 is_stmt 0 view .LVU20
  99 004c 0349     		ldr	r1, .L5+4
 100 004e 01FB0322 		mla	r2, r1, r3, r2
 101 0052 A260     		str	r2, [r4, #8]
 102              		.loc 1 27 1 view .LVU21
 103 0054 ECE7     		b	.L1
 104              	.L6:
 105 0056 00BF     		.align	3
 106              	.L5:
 107 0058 A12FB844 		.word	1152921505
 108 005c 00CA9A3B 		.word	1000000000
 109 0060 00CA9A3B 		.word	1000000000
 110 0064 00000000 		.word	0
 111              		.cfi_endproc
 112              	.LFE4:
 114              		.section	.text.clock_gettime,"ax",%progbits
 115              		.align	1
 116              		.global	clock_gettime
 117              		.syntax unified
 118              		.thumb
 119              		.thumb_func
 120              		.fpu fpv4-sp-d16
 122              	clock_gettime:
 123              	.LVL8:
 124              	.LFB5:
  28:micro_ros_stm32cubemx_utils/extra_sources/microros_time.c **** 
  29:micro_ros_stm32cubemx_utils/extra_sources/microros_time.c **** int clock_gettime( int clock_id,
  30:micro_ros_stm32cubemx_utils/extra_sources/microros_time.c ****                    struct timespec * tp )
  31:micro_ros_stm32cubemx_utils/extra_sources/microros_time.c **** {
 125              		.loc 1 31 1 is_stmt 1 view -0
 126              		.cfi_startproc
 127              		@ args = 0, pretend = 0, frame = 8
 128              		@ frame_needed = 0, uses_anonymous_args = 0
 129              		.loc 1 31 1 is_stmt 0 view .LVU23
 130 0000 F0B5     		push	{r4, r5, r6, r7, lr}
 131              	.LCFI1:
 132              		.cfi_def_cfa_offset 20
 133              		.cfi_offset 4, -20
 134              		.cfi_offset 5, -16
 135              		.cfi_offset 6, -12
 136              		.cfi_offset 7, -8
ARM GAS  /tmp/ccSi0Yuu.s 			page 4


 137              		.cfi_offset 14, -4
 138 0002 83B0     		sub	sp, sp, #12
 139              	.LCFI2:
 140              		.cfi_def_cfa_offset 32
 141 0004 0F46     		mov	r7, r1
  32:micro_ros_stm32cubemx_utils/extra_sources/microros_time.c ****     TimeOut_t xCurrentTime = { 0 };
 142              		.loc 1 32 5 is_stmt 1 view .LVU24
 143              		.loc 1 32 15 is_stmt 0 view .LVU25
 144 0006 0026     		movs	r6, #0
 145 0008 0096     		str	r6, [sp]
 146 000a 0196     		str	r6, [sp, #4]
  33:micro_ros_stm32cubemx_utils/extra_sources/microros_time.c **** 
  34:micro_ros_stm32cubemx_utils/extra_sources/microros_time.c ****     /* Intermediate variable used to convert TimeOut_t to struct timespec.
  35:micro_ros_stm32cubemx_utils/extra_sources/microros_time.c ****      * Also used to detect overflow issues. It must be unsigned because the
  36:micro_ros_stm32cubemx_utils/extra_sources/microros_time.c ****      * behavior of signed integer overflow is undefined. */
  37:micro_ros_stm32cubemx_utils/extra_sources/microros_time.c ****     uint64_t ullTickCount = 0ULL;
 147              		.loc 1 37 5 is_stmt 1 view .LVU26
 148              	.LVL9:
  38:micro_ros_stm32cubemx_utils/extra_sources/microros_time.c **** 
  39:micro_ros_stm32cubemx_utils/extra_sources/microros_time.c ****     /* Silence warnings about unused parameters. */
  40:micro_ros_stm32cubemx_utils/extra_sources/microros_time.c ****     ( void ) clock_id;
 149              		.loc 1 40 5 view .LVU27
  41:micro_ros_stm32cubemx_utils/extra_sources/microros_time.c **** 
  42:micro_ros_stm32cubemx_utils/extra_sources/microros_time.c ****     /* Get the current tick count and overflow count. vTaskSetTimeOutState()
  43:micro_ros_stm32cubemx_utils/extra_sources/microros_time.c ****      * is used to get these values because they are both static in tasks.c. */
  44:micro_ros_stm32cubemx_utils/extra_sources/microros_time.c ****     vTaskSetTimeOutState( &xCurrentTime );
 150              		.loc 1 44 5 view .LVU28
 151 000c 6846     		mov	r0, sp
 152              	.LVL10:
 153              		.loc 1 44 5 is_stmt 0 view .LVU29
 154 000e FFF7FEFF 		bl	vTaskSetTimeOutState
 155              	.LVL11:
  45:micro_ros_stm32cubemx_utils/extra_sources/microros_time.c **** 
  46:micro_ros_stm32cubemx_utils/extra_sources/microros_time.c ****     /* Adjust the tick count for the number of times a TickType_t has overflowed.
  47:micro_ros_stm32cubemx_utils/extra_sources/microros_time.c ****      * portMAX_DELAY should be the maximum value of a TickType_t. */
  48:micro_ros_stm32cubemx_utils/extra_sources/microros_time.c ****     ullTickCount = ( uint64_t ) ( xCurrentTime.xOverflowCount ) << ( sizeof( TickType_t ) * 8 );
 156              		.loc 1 48 5 is_stmt 1 view .LVU30
 157              		.loc 1 48 18 is_stmt 0 view .LVU31
 158 0012 009D     		ldr	r5, [sp]
 159              	.LVL12:
  49:micro_ros_stm32cubemx_utils/extra_sources/microros_time.c **** 
  50:micro_ros_stm32cubemx_utils/extra_sources/microros_time.c ****     /* Add the current tick count. */
  51:micro_ros_stm32cubemx_utils/extra_sources/microros_time.c ****     ullTickCount += xCurrentTime.xTimeOnEntering;
 160              		.loc 1 51 5 is_stmt 1 view .LVU32
 161              		.loc 1 51 18 is_stmt 0 view .LVU33
 162 0014 019B     		ldr	r3, [sp, #4]
 163 0016 F418     		adds	r4, r6, r3
 164 0018 45F10005 		adc	r5, r5, #0
 165              	.LVL13:
  52:micro_ros_stm32cubemx_utils/extra_sources/microros_time.c **** 
  53:micro_ros_stm32cubemx_utils/extra_sources/microros_time.c ****     /* Convert ullTickCount to timespec. */
  54:micro_ros_stm32cubemx_utils/extra_sources/microros_time.c ****     UTILS_NanosecondsToTimespec( ( int64_t ) ullTickCount * NANOSECONDS_PER_TICK, tp );
 166              		.loc 1 54 5 is_stmt 1 view .LVU34
 167 001c 6A01     		lsls	r2, r5, #5
 168 001e 6001     		lsls	r0, r4, #5
 169 0020 42EAD463 		orr	r3, r2, r4, lsr #27
 170 0024 001B     		subs	r0, r0, r4
ARM GAS  /tmp/ccSi0Yuu.s 			page 5


 171 0026 63EB0503 		sbc	r3, r3, r5
 172 002a 5A02     		lsls	r2, r3, #9
 173 002c 42EAD052 		orr	r2, r2, r0, lsr #23
 174 0030 4102     		lsls	r1, r0, #9
 175 0032 1346     		mov	r3, r2
 176 0034 0819     		adds	r0, r1, r4
 177 0036 45EB0303 		adc	r3, r5, r3
 178 003a 9901     		lsls	r1, r3, #6
 179 003c 41EA9061 		orr	r1, r1, r0, lsr #26
 180 0040 8201     		lsls	r2, r0, #6
 181 0042 101A     		subs	r0, r2, r0
 182 0044 61EB0301 		sbc	r1, r1, r3
 183 0048 3A46     		mov	r2, r7
 184 004a 0019     		adds	r0, r0, r4
 185 004c 45EB0101 		adc	r1, r5, r1
 186 0050 FFF7FEFF 		bl	UTILS_NanosecondsToTimespec
 187              	.LVL14:
  55:micro_ros_stm32cubemx_utils/extra_sources/microros_time.c **** 
  56:micro_ros_stm32cubemx_utils/extra_sources/microros_time.c ****     return 0;
 188              		.loc 1 56 5 view .LVU35
  57:micro_ros_stm32cubemx_utils/extra_sources/microros_time.c **** }...
 189              		.loc 1 57 1 is_stmt 0 view .LVU36
 190 0054 3046     		mov	r0, r6
 191 0056 03B0     		add	sp, sp, #12
 192              	.LCFI3:
 193              		.cfi_def_cfa_offset 20
 194              		@ sp needed
 195 0058 F0BD     		pop	{r4, r5, r6, r7, pc}
 196              		.loc 1 57 1 view .LVU37
 197              		.cfi_endproc
 198              	.LFE5:
 200              		.text
 201              	.Letext0:
 202              		.file 2 "/usr/include/newlib/machine/_default_types.h"
 203              		.file 3 "/usr/lib/gcc/arm-none-eabi/9.2.1/include/stddef.h"
 204              		.file 4 "/usr/include/newlib/sys/_types.h"
 205              		.file 5 "/usr/include/newlib/sys/_stdint.h"
 206              		.file 6 "/usr/include/newlib/sys/_timeval.h"
 207              		.file 7 "/usr/include/newlib/sys/_timespec.h"
 208              		.file 8 "/usr/include/newlib/sys/unistd.h"
 209              		.file 9 "/usr/include/newlib/sys/reent.h"
 210              		.file 10 "/usr/include/newlib/sys/lock.h"
 211              		.file 11 "/usr/include/newlib/time.h"
 212              		.file 12 "Core/Inc/FreeRTOSConfig.h"
 213              		.file 13 "Middlewares/Third_Party/FreeRTOS/Source/portable/GCC/ARM_CM4F/portmacro.h"
 214              		.file 14 "Middlewares/Third_Party/FreeRTOS/Source/include/task.h"
ARM GAS  /tmp/ccSi0Yuu.s 			page 6


DEFINED SYMBOLS
                            *ABS*:0000000000000000 microros_time.c
     /tmp/ccSi0Yuu.s:19     .text.UTILS_NanosecondsToTimespec:0000000000000000 $t
     /tmp/ccSi0Yuu.s:27     .text.UTILS_NanosecondsToTimespec:0000000000000000 UTILS_NanosecondsToTimespec
     /tmp/ccSi0Yuu.s:107    .text.UTILS_NanosecondsToTimespec:0000000000000058 $d
     /tmp/ccSi0Yuu.s:115    .text.clock_gettime:0000000000000000 $t
     /tmp/ccSi0Yuu.s:122    .text.clock_gettime:0000000000000000 clock_gettime

UNDEFINED SYMBOLS
__aeabi_ldivmod
vTaskSetTimeOutState
