ARM GAS  /tmp/ccEczpAA.s 			page 1


   1              		.cpu cortex-m4
   2              		.eabi_attribute 27, 1
   3              		.eabi_attribute 28, 1
   4              		.eabi_attribute 20, 1
   5              		.eabi_attribute 21, 1
   6              		.eabi_attribute 23, 3
   7              		.eabi_attribute 24, 1
   8              		.eabi_attribute 25, 1
   9              		.eabi_attribute 26, 1
  10              		.eabi_attribute 30, 1
  11              		.eabi_attribute 34, 1
  12              		.eabi_attribute 18, 4
  13              		.file	"stm32f4xx_hal_exti.c"
  14              		.text
  15              	.Ltext0:
  16              		.cfi_sections	.debug_frame
  17              		.section	.text.HAL_EXTI_SetConfigLine,"ax",%progbits
  18              		.align	1
  19              		.global	HAL_EXTI_SetConfigLine
  20              		.arch armv7e-m
  21              		.syntax unified
  22              		.thumb
  23              		.thumb_func
  24              		.fpu fpv4-sp-d16
  26              	HAL_EXTI_SetConfigLine:
  27              	.LVL0:
  28              	.LFB235:
  29              		.file 1 "Drivers/STM32F4xx_HAL_Driver/Src/stm32f4xx_hal_exti.c"
   1:Drivers/STM32F4xx_HAL_Driver/Src/stm32f4xx_hal_exti.c **** /**
   2:Drivers/STM32F4xx_HAL_Driver/Src/stm32f4xx_hal_exti.c ****   ******************************************************************************
   3:Drivers/STM32F4xx_HAL_Driver/Src/stm32f4xx_hal_exti.c ****   * @file    stm32f4xx_hal_exti.c
   4:Drivers/STM32F4xx_HAL_Driver/Src/stm32f4xx_hal_exti.c ****   * @author  MCD Application Team
   5:Drivers/STM32F4xx_HAL_Driver/Src/stm32f4xx_hal_exti.c ****   * @brief   EXTI HAL module driver.
   6:Drivers/STM32F4xx_HAL_Driver/Src/stm32f4xx_hal_exti.c ****   *          This file provides firmware functions to manage the following
   7:Drivers/STM32F4xx_HAL_Driver/Src/stm32f4xx_hal_exti.c ****   *          functionalities of the Extended Interrupts and events controller (EXTI) peripheral:
   8:Drivers/STM32F4xx_HAL_Driver/Src/stm32f4xx_hal_exti.c ****   *           + Initialization and de-initialization functions
   9:Drivers/STM32F4xx_HAL_Driver/Src/stm32f4xx_hal_exti.c ****   *           + IO operation functions
  10:Drivers/STM32F4xx_HAL_Driver/Src/stm32f4xx_hal_exti.c ****   *
  11:Drivers/STM32F4xx_HAL_Driver/Src/stm32f4xx_hal_exti.c ****   ******************************************************************************
  12:Drivers/STM32F4xx_HAL_Driver/Src/stm32f4xx_hal_exti.c ****   * @attention
  13:Drivers/STM32F4xx_HAL_Driver/Src/stm32f4xx_hal_exti.c ****   *
  14:Drivers/STM32F4xx_HAL_Driver/Src/stm32f4xx_hal_exti.c ****   * Copyright (c) 2018 STMicroelectronics.
  15:Drivers/STM32F4xx_HAL_Driver/Src/stm32f4xx_hal_exti.c ****   * All rights reserved.
  16:Drivers/STM32F4xx_HAL_Driver/Src/stm32f4xx_hal_exti.c ****   *
  17:Drivers/STM32F4xx_HAL_Driver/Src/stm32f4xx_hal_exti.c ****   * This software is licensed under terms that can be found in the LICENSE file
  18:Drivers/STM32F4xx_HAL_Driver/Src/stm32f4xx_hal_exti.c ****   * in the root directory of this software component.
  19:Drivers/STM32F4xx_HAL_Driver/Src/stm32f4xx_hal_exti.c ****   * If no LICENSE file comes with this software, it is provided AS-IS.
  20:Drivers/STM32F4xx_HAL_Driver/Src/stm32f4xx_hal_exti.c ****   *
  21:Drivers/STM32F4xx_HAL_Driver/Src/stm32f4xx_hal_exti.c ****   ******************************************************************************
  22:Drivers/STM32F4xx_HAL_Driver/Src/stm32f4xx_hal_exti.c ****   @verbatim
  23:Drivers/STM32F4xx_HAL_Driver/Src/stm32f4xx_hal_exti.c ****   ==============================================================================
  24:Drivers/STM32F4xx_HAL_Driver/Src/stm32f4xx_hal_exti.c ****                     ##### EXTI Peripheral features #####
  25:Drivers/STM32F4xx_HAL_Driver/Src/stm32f4xx_hal_exti.c ****   ==============================================================================
  26:Drivers/STM32F4xx_HAL_Driver/Src/stm32f4xx_hal_exti.c ****   [..]
  27:Drivers/STM32F4xx_HAL_Driver/Src/stm32f4xx_hal_exti.c ****     (+) Each Exti line can be configured within this driver.
  28:Drivers/STM32F4xx_HAL_Driver/Src/stm32f4xx_hal_exti.c **** 
  29:Drivers/STM32F4xx_HAL_Driver/Src/stm32f4xx_hal_exti.c ****     (+) Exti line can be configured in 3 different modes
ARM GAS  /tmp/ccEczpAA.s 			page 2


  30:Drivers/STM32F4xx_HAL_Driver/Src/stm32f4xx_hal_exti.c ****         (++) Interrupt
  31:Drivers/STM32F4xx_HAL_Driver/Src/stm32f4xx_hal_exti.c ****         (++) Event
  32:Drivers/STM32F4xx_HAL_Driver/Src/stm32f4xx_hal_exti.c ****         (++) Both of them
  33:Drivers/STM32F4xx_HAL_Driver/Src/stm32f4xx_hal_exti.c **** 
  34:Drivers/STM32F4xx_HAL_Driver/Src/stm32f4xx_hal_exti.c ****     (+) Configurable Exti lines can be configured with 3 different triggers
  35:Drivers/STM32F4xx_HAL_Driver/Src/stm32f4xx_hal_exti.c ****         (++) Rising
  36:Drivers/STM32F4xx_HAL_Driver/Src/stm32f4xx_hal_exti.c ****         (++) Falling
  37:Drivers/STM32F4xx_HAL_Driver/Src/stm32f4xx_hal_exti.c ****         (++) Both of them
  38:Drivers/STM32F4xx_HAL_Driver/Src/stm32f4xx_hal_exti.c **** 
  39:Drivers/STM32F4xx_HAL_Driver/Src/stm32f4xx_hal_exti.c ****     (+) When set in interrupt mode, configurable Exti lines have two different
  40:Drivers/STM32F4xx_HAL_Driver/Src/stm32f4xx_hal_exti.c ****         interrupts pending registers which allow to distinguish which transition
  41:Drivers/STM32F4xx_HAL_Driver/Src/stm32f4xx_hal_exti.c ****         occurs:
  42:Drivers/STM32F4xx_HAL_Driver/Src/stm32f4xx_hal_exti.c ****         (++) Rising edge pending interrupt
  43:Drivers/STM32F4xx_HAL_Driver/Src/stm32f4xx_hal_exti.c ****         (++) Falling
  44:Drivers/STM32F4xx_HAL_Driver/Src/stm32f4xx_hal_exti.c **** 
  45:Drivers/STM32F4xx_HAL_Driver/Src/stm32f4xx_hal_exti.c ****     (+) Exti lines 0 to 15 are linked to gpio pin number 0 to 15. Gpio port can
  46:Drivers/STM32F4xx_HAL_Driver/Src/stm32f4xx_hal_exti.c ****         be selected through multiplexer.
  47:Drivers/STM32F4xx_HAL_Driver/Src/stm32f4xx_hal_exti.c **** 
  48:Drivers/STM32F4xx_HAL_Driver/Src/stm32f4xx_hal_exti.c ****                      ##### How to use this driver #####
  49:Drivers/STM32F4xx_HAL_Driver/Src/stm32f4xx_hal_exti.c ****   ==============================================================================
  50:Drivers/STM32F4xx_HAL_Driver/Src/stm32f4xx_hal_exti.c ****   [..]
  51:Drivers/STM32F4xx_HAL_Driver/Src/stm32f4xx_hal_exti.c **** 
  52:Drivers/STM32F4xx_HAL_Driver/Src/stm32f4xx_hal_exti.c ****     (#) Configure the EXTI line using HAL_EXTI_SetConfigLine().
  53:Drivers/STM32F4xx_HAL_Driver/Src/stm32f4xx_hal_exti.c ****         (++) Choose the interrupt line number by setting "Line" member from
  54:Drivers/STM32F4xx_HAL_Driver/Src/stm32f4xx_hal_exti.c ****              EXTI_ConfigTypeDef structure.
  55:Drivers/STM32F4xx_HAL_Driver/Src/stm32f4xx_hal_exti.c ****         (++) Configure the interrupt and/or event mode using "Mode" member from
  56:Drivers/STM32F4xx_HAL_Driver/Src/stm32f4xx_hal_exti.c ****              EXTI_ConfigTypeDef structure.
  57:Drivers/STM32F4xx_HAL_Driver/Src/stm32f4xx_hal_exti.c ****         (++) For configurable lines, configure rising and/or falling trigger
  58:Drivers/STM32F4xx_HAL_Driver/Src/stm32f4xx_hal_exti.c ****              "Trigger" member from EXTI_ConfigTypeDef structure.
  59:Drivers/STM32F4xx_HAL_Driver/Src/stm32f4xx_hal_exti.c ****         (++) For Exti lines linked to gpio, choose gpio port using "GPIOSel"
  60:Drivers/STM32F4xx_HAL_Driver/Src/stm32f4xx_hal_exti.c ****              member from GPIO_InitTypeDef structure.
  61:Drivers/STM32F4xx_HAL_Driver/Src/stm32f4xx_hal_exti.c **** 
  62:Drivers/STM32F4xx_HAL_Driver/Src/stm32f4xx_hal_exti.c ****     (#) Get current Exti configuration of a dedicated line using
  63:Drivers/STM32F4xx_HAL_Driver/Src/stm32f4xx_hal_exti.c ****         HAL_EXTI_GetConfigLine().
  64:Drivers/STM32F4xx_HAL_Driver/Src/stm32f4xx_hal_exti.c ****         (++) Provide exiting handle as parameter.
  65:Drivers/STM32F4xx_HAL_Driver/Src/stm32f4xx_hal_exti.c ****         (++) Provide pointer on EXTI_ConfigTypeDef structure as second parameter.
  66:Drivers/STM32F4xx_HAL_Driver/Src/stm32f4xx_hal_exti.c **** 
  67:Drivers/STM32F4xx_HAL_Driver/Src/stm32f4xx_hal_exti.c ****     (#) Clear Exti configuration of a dedicated line using HAL_EXTI_GetConfigLine().
  68:Drivers/STM32F4xx_HAL_Driver/Src/stm32f4xx_hal_exti.c ****         (++) Provide exiting handle as parameter.
  69:Drivers/STM32F4xx_HAL_Driver/Src/stm32f4xx_hal_exti.c **** 
  70:Drivers/STM32F4xx_HAL_Driver/Src/stm32f4xx_hal_exti.c ****     (#) Register callback to treat Exti interrupts using HAL_EXTI_RegisterCallback().
  71:Drivers/STM32F4xx_HAL_Driver/Src/stm32f4xx_hal_exti.c ****         (++) Provide exiting handle as first parameter.
  72:Drivers/STM32F4xx_HAL_Driver/Src/stm32f4xx_hal_exti.c ****         (++) Provide which callback will be registered using one value from
  73:Drivers/STM32F4xx_HAL_Driver/Src/stm32f4xx_hal_exti.c ****              EXTI_CallbackIDTypeDef.
  74:Drivers/STM32F4xx_HAL_Driver/Src/stm32f4xx_hal_exti.c ****         (++) Provide callback function pointer.
  75:Drivers/STM32F4xx_HAL_Driver/Src/stm32f4xx_hal_exti.c **** 
  76:Drivers/STM32F4xx_HAL_Driver/Src/stm32f4xx_hal_exti.c ****     (#) Get interrupt pending bit using HAL_EXTI_GetPending().
  77:Drivers/STM32F4xx_HAL_Driver/Src/stm32f4xx_hal_exti.c **** 
  78:Drivers/STM32F4xx_HAL_Driver/Src/stm32f4xx_hal_exti.c ****     (#) Clear interrupt pending bit using HAL_EXTI_GetPending().
  79:Drivers/STM32F4xx_HAL_Driver/Src/stm32f4xx_hal_exti.c **** 
  80:Drivers/STM32F4xx_HAL_Driver/Src/stm32f4xx_hal_exti.c ****     (#) Generate software interrupt using HAL_EXTI_GenerateSWI().
  81:Drivers/STM32F4xx_HAL_Driver/Src/stm32f4xx_hal_exti.c **** 
  82:Drivers/STM32F4xx_HAL_Driver/Src/stm32f4xx_hal_exti.c ****   @endverbatim
  83:Drivers/STM32F4xx_HAL_Driver/Src/stm32f4xx_hal_exti.c ****   */
  84:Drivers/STM32F4xx_HAL_Driver/Src/stm32f4xx_hal_exti.c **** 
  85:Drivers/STM32F4xx_HAL_Driver/Src/stm32f4xx_hal_exti.c **** /* Includes ------------------------------------------------------------------*/
  86:Drivers/STM32F4xx_HAL_Driver/Src/stm32f4xx_hal_exti.c **** #include "stm32f4xx_hal.h"
ARM GAS  /tmp/ccEczpAA.s 			page 3


  87:Drivers/STM32F4xx_HAL_Driver/Src/stm32f4xx_hal_exti.c **** 
  88:Drivers/STM32F4xx_HAL_Driver/Src/stm32f4xx_hal_exti.c **** /** @addtogroup STM32F4xx_HAL_Driver
  89:Drivers/STM32F4xx_HAL_Driver/Src/stm32f4xx_hal_exti.c ****   * @{
  90:Drivers/STM32F4xx_HAL_Driver/Src/stm32f4xx_hal_exti.c ****   */
  91:Drivers/STM32F4xx_HAL_Driver/Src/stm32f4xx_hal_exti.c **** 
  92:Drivers/STM32F4xx_HAL_Driver/Src/stm32f4xx_hal_exti.c **** /** @addtogroup EXTI
  93:Drivers/STM32F4xx_HAL_Driver/Src/stm32f4xx_hal_exti.c ****   * @{
  94:Drivers/STM32F4xx_HAL_Driver/Src/stm32f4xx_hal_exti.c ****   */
  95:Drivers/STM32F4xx_HAL_Driver/Src/stm32f4xx_hal_exti.c **** /** MISRA C:2012 deviation rule has been granted for following rule:
  96:Drivers/STM32F4xx_HAL_Driver/Src/stm32f4xx_hal_exti.c ****   * Rule-18.1_b - Medium: Array `EXTICR' 1st subscript interval [0,7] may be out
  97:Drivers/STM32F4xx_HAL_Driver/Src/stm32f4xx_hal_exti.c ****   * of bounds [0,3] in following API :
  98:Drivers/STM32F4xx_HAL_Driver/Src/stm32f4xx_hal_exti.c ****   * HAL_EXTI_SetConfigLine
  99:Drivers/STM32F4xx_HAL_Driver/Src/stm32f4xx_hal_exti.c ****   * HAL_EXTI_GetConfigLine
 100:Drivers/STM32F4xx_HAL_Driver/Src/stm32f4xx_hal_exti.c ****   * HAL_EXTI_ClearConfigLine
 101:Drivers/STM32F4xx_HAL_Driver/Src/stm32f4xx_hal_exti.c ****   */
 102:Drivers/STM32F4xx_HAL_Driver/Src/stm32f4xx_hal_exti.c **** 
 103:Drivers/STM32F4xx_HAL_Driver/Src/stm32f4xx_hal_exti.c **** #ifdef HAL_EXTI_MODULE_ENABLED
 104:Drivers/STM32F4xx_HAL_Driver/Src/stm32f4xx_hal_exti.c **** 
 105:Drivers/STM32F4xx_HAL_Driver/Src/stm32f4xx_hal_exti.c **** /* Private typedef -----------------------------------------------------------*/
 106:Drivers/STM32F4xx_HAL_Driver/Src/stm32f4xx_hal_exti.c **** /* Private defines -----------------------------------------------------------*/
 107:Drivers/STM32F4xx_HAL_Driver/Src/stm32f4xx_hal_exti.c **** /** @defgroup EXTI_Private_Constants EXTI Private Constants
 108:Drivers/STM32F4xx_HAL_Driver/Src/stm32f4xx_hal_exti.c ****   * @{
 109:Drivers/STM32F4xx_HAL_Driver/Src/stm32f4xx_hal_exti.c ****   */
 110:Drivers/STM32F4xx_HAL_Driver/Src/stm32f4xx_hal_exti.c **** 
 111:Drivers/STM32F4xx_HAL_Driver/Src/stm32f4xx_hal_exti.c **** /**
 112:Drivers/STM32F4xx_HAL_Driver/Src/stm32f4xx_hal_exti.c ****   * @}
 113:Drivers/STM32F4xx_HAL_Driver/Src/stm32f4xx_hal_exti.c ****   */
 114:Drivers/STM32F4xx_HAL_Driver/Src/stm32f4xx_hal_exti.c **** 
 115:Drivers/STM32F4xx_HAL_Driver/Src/stm32f4xx_hal_exti.c **** /* Private macros ------------------------------------------------------------*/
 116:Drivers/STM32F4xx_HAL_Driver/Src/stm32f4xx_hal_exti.c **** /* Private variables ---------------------------------------------------------*/
 117:Drivers/STM32F4xx_HAL_Driver/Src/stm32f4xx_hal_exti.c **** /* Private function prototypes -----------------------------------------------*/
 118:Drivers/STM32F4xx_HAL_Driver/Src/stm32f4xx_hal_exti.c **** /* Exported functions --------------------------------------------------------*/
 119:Drivers/STM32F4xx_HAL_Driver/Src/stm32f4xx_hal_exti.c **** 
 120:Drivers/STM32F4xx_HAL_Driver/Src/stm32f4xx_hal_exti.c **** /** @addtogroup EXTI_Exported_Functions
 121:Drivers/STM32F4xx_HAL_Driver/Src/stm32f4xx_hal_exti.c ****   * @{
 122:Drivers/STM32F4xx_HAL_Driver/Src/stm32f4xx_hal_exti.c ****   */
 123:Drivers/STM32F4xx_HAL_Driver/Src/stm32f4xx_hal_exti.c **** 
 124:Drivers/STM32F4xx_HAL_Driver/Src/stm32f4xx_hal_exti.c **** /** @addtogroup EXTI_Exported_Functions_Group1
 125:Drivers/STM32F4xx_HAL_Driver/Src/stm32f4xx_hal_exti.c ****   *  @brief    Configuration functions
 126:Drivers/STM32F4xx_HAL_Driver/Src/stm32f4xx_hal_exti.c ****   *
 127:Drivers/STM32F4xx_HAL_Driver/Src/stm32f4xx_hal_exti.c **** @verbatim
 128:Drivers/STM32F4xx_HAL_Driver/Src/stm32f4xx_hal_exti.c ****  ===============================================================================
 129:Drivers/STM32F4xx_HAL_Driver/Src/stm32f4xx_hal_exti.c ****               ##### Configuration functions #####
 130:Drivers/STM32F4xx_HAL_Driver/Src/stm32f4xx_hal_exti.c ****  ===============================================================================
 131:Drivers/STM32F4xx_HAL_Driver/Src/stm32f4xx_hal_exti.c **** 
 132:Drivers/STM32F4xx_HAL_Driver/Src/stm32f4xx_hal_exti.c **** @endverbatim
 133:Drivers/STM32F4xx_HAL_Driver/Src/stm32f4xx_hal_exti.c ****   * @{
 134:Drivers/STM32F4xx_HAL_Driver/Src/stm32f4xx_hal_exti.c ****   */
 135:Drivers/STM32F4xx_HAL_Driver/Src/stm32f4xx_hal_exti.c **** 
 136:Drivers/STM32F4xx_HAL_Driver/Src/stm32f4xx_hal_exti.c **** /**
 137:Drivers/STM32F4xx_HAL_Driver/Src/stm32f4xx_hal_exti.c ****   * @brief  Set configuration of a dedicated Exti line.
 138:Drivers/STM32F4xx_HAL_Driver/Src/stm32f4xx_hal_exti.c ****   * @param  hexti Exti handle.
 139:Drivers/STM32F4xx_HAL_Driver/Src/stm32f4xx_hal_exti.c ****   * @param  pExtiConfig Pointer on EXTI configuration to be set.
 140:Drivers/STM32F4xx_HAL_Driver/Src/stm32f4xx_hal_exti.c ****   * @retval HAL Status.
 141:Drivers/STM32F4xx_HAL_Driver/Src/stm32f4xx_hal_exti.c ****   */
 142:Drivers/STM32F4xx_HAL_Driver/Src/stm32f4xx_hal_exti.c **** HAL_StatusTypeDef HAL_EXTI_SetConfigLine(EXTI_HandleTypeDef *hexti, EXTI_ConfigTypeDef *pExtiConfig
 143:Drivers/STM32F4xx_HAL_Driver/Src/stm32f4xx_hal_exti.c **** {
ARM GAS  /tmp/ccEczpAA.s 			page 4


  30              		.loc 1 143 1 view -0
  31              		.cfi_startproc
  32              		@ args = 0, pretend = 0, frame = 0
  33              		@ frame_needed = 0, uses_anonymous_args = 0
  34              		@ link register save eliminated.
 144:Drivers/STM32F4xx_HAL_Driver/Src/stm32f4xx_hal_exti.c ****   uint32_t regval;
  35              		.loc 1 144 3 view .LVU1
 145:Drivers/STM32F4xx_HAL_Driver/Src/stm32f4xx_hal_exti.c ****   uint32_t linepos;
  36              		.loc 1 145 3 view .LVU2
 146:Drivers/STM32F4xx_HAL_Driver/Src/stm32f4xx_hal_exti.c ****   uint32_t maskline;
  37              		.loc 1 146 3 view .LVU3
 147:Drivers/STM32F4xx_HAL_Driver/Src/stm32f4xx_hal_exti.c **** 
 148:Drivers/STM32F4xx_HAL_Driver/Src/stm32f4xx_hal_exti.c ****   /* Check null pointer */
 149:Drivers/STM32F4xx_HAL_Driver/Src/stm32f4xx_hal_exti.c ****   if ((hexti == NULL) || (pExtiConfig == NULL))
  38              		.loc 1 149 3 view .LVU4
  39              		.loc 1 149 6 is_stmt 0 view .LVU5
  40 0000 0028     		cmp	r0, #0
  41 0002 60D0     		beq	.L11
  42              		.loc 1 149 23 discriminator 1 view .LVU6
  43 0004 0029     		cmp	r1, #0
  44 0006 60D0     		beq	.L12
 143:Drivers/STM32F4xx_HAL_Driver/Src/stm32f4xx_hal_exti.c ****   uint32_t regval;
  45              		.loc 1 143 1 view .LVU7
  46 0008 70B4     		push	{r4, r5, r6}
  47              	.LCFI0:
  48              		.cfi_def_cfa_offset 12
  49              		.cfi_offset 4, -12
  50              		.cfi_offset 5, -8
  51              		.cfi_offset 6, -4
 150:Drivers/STM32F4xx_HAL_Driver/Src/stm32f4xx_hal_exti.c ****   {
 151:Drivers/STM32F4xx_HAL_Driver/Src/stm32f4xx_hal_exti.c ****     return HAL_ERROR;
 152:Drivers/STM32F4xx_HAL_Driver/Src/stm32f4xx_hal_exti.c ****   }
 153:Drivers/STM32F4xx_HAL_Driver/Src/stm32f4xx_hal_exti.c **** 
 154:Drivers/STM32F4xx_HAL_Driver/Src/stm32f4xx_hal_exti.c ****   /* Check parameters */
 155:Drivers/STM32F4xx_HAL_Driver/Src/stm32f4xx_hal_exti.c ****   assert_param(IS_EXTI_LINE(pExtiConfig->Line));
  52              		.loc 1 155 3 is_stmt 1 view .LVU8
 156:Drivers/STM32F4xx_HAL_Driver/Src/stm32f4xx_hal_exti.c ****   assert_param(IS_EXTI_MODE(pExtiConfig->Mode));
  53              		.loc 1 156 3 view .LVU9
 157:Drivers/STM32F4xx_HAL_Driver/Src/stm32f4xx_hal_exti.c **** 
 158:Drivers/STM32F4xx_HAL_Driver/Src/stm32f4xx_hal_exti.c ****   /* Assign line number to handle */
 159:Drivers/STM32F4xx_HAL_Driver/Src/stm32f4xx_hal_exti.c ****   hexti->Line = pExtiConfig->Line;
  54              		.loc 1 159 3 view .LVU10
  55              		.loc 1 159 28 is_stmt 0 view .LVU11
  56 000a 0B68     		ldr	r3, [r1]
  57              		.loc 1 159 15 view .LVU12
  58 000c 0360     		str	r3, [r0]
 160:Drivers/STM32F4xx_HAL_Driver/Src/stm32f4xx_hal_exti.c **** 
 161:Drivers/STM32F4xx_HAL_Driver/Src/stm32f4xx_hal_exti.c ****   /* Compute line mask */
 162:Drivers/STM32F4xx_HAL_Driver/Src/stm32f4xx_hal_exti.c ****   linepos = (pExtiConfig->Line & EXTI_PIN_MASK);
  59              		.loc 1 162 3 is_stmt 1 view .LVU13
  60              		.loc 1 162 11 is_stmt 0 view .LVU14
  61 000e 03F01F02 		and	r2, r3, #31
  62              	.LVL1:
 163:Drivers/STM32F4xx_HAL_Driver/Src/stm32f4xx_hal_exti.c ****   maskline = (1uL << linepos);
  63              		.loc 1 163 3 is_stmt 1 view .LVU15
  64              		.loc 1 163 12 is_stmt 0 view .LVU16
  65 0012 0120     		movs	r0, #1
ARM GAS  /tmp/ccEczpAA.s 			page 5


  66              	.LVL2:
  67              		.loc 1 163 12 view .LVU17
  68 0014 9040     		lsls	r0, r0, r2
  69              	.LVL3:
 164:Drivers/STM32F4xx_HAL_Driver/Src/stm32f4xx_hal_exti.c **** 
 165:Drivers/STM32F4xx_HAL_Driver/Src/stm32f4xx_hal_exti.c ****   /* Configure triggers for configurable lines */
 166:Drivers/STM32F4xx_HAL_Driver/Src/stm32f4xx_hal_exti.c ****   if ((pExtiConfig->Line & EXTI_CONFIG) != 0x00u)
  70              		.loc 1 166 3 is_stmt 1 view .LVU18
  71              		.loc 1 166 6 is_stmt 0 view .LVU19
  72 0016 13F0007F 		tst	r3, #33554432
  73 001a 15D0     		beq	.L3
 167:Drivers/STM32F4xx_HAL_Driver/Src/stm32f4xx_hal_exti.c ****   {
 168:Drivers/STM32F4xx_HAL_Driver/Src/stm32f4xx_hal_exti.c ****     assert_param(IS_EXTI_TRIGGER(pExtiConfig->Trigger));
  74              		.loc 1 168 5 is_stmt 1 view .LVU20
 169:Drivers/STM32F4xx_HAL_Driver/Src/stm32f4xx_hal_exti.c **** 
 170:Drivers/STM32F4xx_HAL_Driver/Src/stm32f4xx_hal_exti.c ****     /* Configure rising trigger */
 171:Drivers/STM32F4xx_HAL_Driver/Src/stm32f4xx_hal_exti.c ****     /* Mask or set line */
 172:Drivers/STM32F4xx_HAL_Driver/Src/stm32f4xx_hal_exti.c ****     if ((pExtiConfig->Trigger & EXTI_TRIGGER_RISING) != 0x00u)
  75              		.loc 1 172 5 view .LVU21
  76              		.loc 1 172 21 is_stmt 0 view .LVU22
  77 001c 8C68     		ldr	r4, [r1, #8]
  78              		.loc 1 172 8 view .LVU23
  79 001e 14F0010F 		tst	r4, #1
  80 0022 24D0     		beq	.L4
 173:Drivers/STM32F4xx_HAL_Driver/Src/stm32f4xx_hal_exti.c ****     {
 174:Drivers/STM32F4xx_HAL_Driver/Src/stm32f4xx_hal_exti.c ****       EXTI->RTSR |= maskline;
  81              		.loc 1 174 7 is_stmt 1 view .LVU24
  82              		.loc 1 174 18 is_stmt 0 view .LVU25
  83 0024 2A4D     		ldr	r5, .L18
  84 0026 AC68     		ldr	r4, [r5, #8]
  85 0028 0443     		orrs	r4, r4, r0
  86 002a AC60     		str	r4, [r5, #8]
  87              	.L5:
 175:Drivers/STM32F4xx_HAL_Driver/Src/stm32f4xx_hal_exti.c ****     }
 176:Drivers/STM32F4xx_HAL_Driver/Src/stm32f4xx_hal_exti.c ****     else
 177:Drivers/STM32F4xx_HAL_Driver/Src/stm32f4xx_hal_exti.c ****     {
 178:Drivers/STM32F4xx_HAL_Driver/Src/stm32f4xx_hal_exti.c ****       EXTI->RTSR &= ~maskline;
 179:Drivers/STM32F4xx_HAL_Driver/Src/stm32f4xx_hal_exti.c ****     }
 180:Drivers/STM32F4xx_HAL_Driver/Src/stm32f4xx_hal_exti.c **** 
 181:Drivers/STM32F4xx_HAL_Driver/Src/stm32f4xx_hal_exti.c ****     /* Configure falling trigger */
 182:Drivers/STM32F4xx_HAL_Driver/Src/stm32f4xx_hal_exti.c ****     /* Mask or set line */
 183:Drivers/STM32F4xx_HAL_Driver/Src/stm32f4xx_hal_exti.c ****     if ((pExtiConfig->Trigger & EXTI_TRIGGER_FALLING) != 0x00u)
  88              		.loc 1 183 5 is_stmt 1 view .LVU26
  89              		.loc 1 183 21 is_stmt 0 view .LVU27
  90 002c 8C68     		ldr	r4, [r1, #8]
  91              		.loc 1 183 8 view .LVU28
  92 002e 14F0020F 		tst	r4, #2
  93 0032 22D0     		beq	.L6
 184:Drivers/STM32F4xx_HAL_Driver/Src/stm32f4xx_hal_exti.c ****     {
 185:Drivers/STM32F4xx_HAL_Driver/Src/stm32f4xx_hal_exti.c ****       EXTI->FTSR |= maskline;
  94              		.loc 1 185 7 is_stmt 1 view .LVU29
  95              		.loc 1 185 18 is_stmt 0 view .LVU30
  96 0034 264D     		ldr	r5, .L18
  97 0036 EC68     		ldr	r4, [r5, #12]
  98 0038 0443     		orrs	r4, r4, r0
  99 003a EC60     		str	r4, [r5, #12]
 100              	.L7:
ARM GAS  /tmp/ccEczpAA.s 			page 6


 186:Drivers/STM32F4xx_HAL_Driver/Src/stm32f4xx_hal_exti.c ****     }
 187:Drivers/STM32F4xx_HAL_Driver/Src/stm32f4xx_hal_exti.c ****     else
 188:Drivers/STM32F4xx_HAL_Driver/Src/stm32f4xx_hal_exti.c ****     {
 189:Drivers/STM32F4xx_HAL_Driver/Src/stm32f4xx_hal_exti.c ****       EXTI->FTSR &= ~maskline;
 190:Drivers/STM32F4xx_HAL_Driver/Src/stm32f4xx_hal_exti.c ****     }
 191:Drivers/STM32F4xx_HAL_Driver/Src/stm32f4xx_hal_exti.c **** 
 192:Drivers/STM32F4xx_HAL_Driver/Src/stm32f4xx_hal_exti.c **** 
 193:Drivers/STM32F4xx_HAL_Driver/Src/stm32f4xx_hal_exti.c ****     /* Configure gpio port selection in case of gpio exti line */
 194:Drivers/STM32F4xx_HAL_Driver/Src/stm32f4xx_hal_exti.c ****     if ((pExtiConfig->Line & EXTI_GPIO) == EXTI_GPIO)
 101              		.loc 1 194 5 is_stmt 1 view .LVU31
 102              		.loc 1 194 21 is_stmt 0 view .LVU32
 103 003c 0C68     		ldr	r4, [r1]
 104              		.loc 1 194 28 view .LVU33
 105 003e 04F0C064 		and	r4, r4, #100663296
 106              		.loc 1 194 8 view .LVU34
 107 0042 B4F1C06F 		cmp	r4, #100663296
 108 0046 1ED0     		beq	.L17
 109              	.LVL4:
 110              	.L3:
 195:Drivers/STM32F4xx_HAL_Driver/Src/stm32f4xx_hal_exti.c ****     {
 196:Drivers/STM32F4xx_HAL_Driver/Src/stm32f4xx_hal_exti.c ****       assert_param(IS_EXTI_GPIO_PORT(pExtiConfig->GPIOSel));
 197:Drivers/STM32F4xx_HAL_Driver/Src/stm32f4xx_hal_exti.c ****       assert_param(IS_EXTI_GPIO_PIN(linepos));
 198:Drivers/STM32F4xx_HAL_Driver/Src/stm32f4xx_hal_exti.c **** 
 199:Drivers/STM32F4xx_HAL_Driver/Src/stm32f4xx_hal_exti.c ****       regval = SYSCFG->EXTICR[linepos >> 2u];
 200:Drivers/STM32F4xx_HAL_Driver/Src/stm32f4xx_hal_exti.c ****       regval &= ~(SYSCFG_EXTICR1_EXTI0 << (SYSCFG_EXTICR1_EXTI1_Pos * (linepos & 0x03u)));
 201:Drivers/STM32F4xx_HAL_Driver/Src/stm32f4xx_hal_exti.c ****       regval |= (pExtiConfig->GPIOSel << (SYSCFG_EXTICR1_EXTI1_Pos * (linepos & 0x03u)));
 202:Drivers/STM32F4xx_HAL_Driver/Src/stm32f4xx_hal_exti.c ****       SYSCFG->EXTICR[linepos >> 2u] = regval;
 203:Drivers/STM32F4xx_HAL_Driver/Src/stm32f4xx_hal_exti.c ****     }
 204:Drivers/STM32F4xx_HAL_Driver/Src/stm32f4xx_hal_exti.c ****   }
 205:Drivers/STM32F4xx_HAL_Driver/Src/stm32f4xx_hal_exti.c **** 
 206:Drivers/STM32F4xx_HAL_Driver/Src/stm32f4xx_hal_exti.c ****   /* Configure interrupt mode : read current mode */
 207:Drivers/STM32F4xx_HAL_Driver/Src/stm32f4xx_hal_exti.c ****   /* Mask or set line */
 208:Drivers/STM32F4xx_HAL_Driver/Src/stm32f4xx_hal_exti.c ****   if ((pExtiConfig->Mode & EXTI_MODE_INTERRUPT) != 0x00u)
 111              		.loc 1 208 3 is_stmt 1 view .LVU35
 112              		.loc 1 208 19 is_stmt 0 view .LVU36
 113 0048 4B68     		ldr	r3, [r1, #4]
 114              		.loc 1 208 6 view .LVU37
 115 004a 13F0010F 		tst	r3, #1
 116 004e 2DD0     		beq	.L8
 209:Drivers/STM32F4xx_HAL_Driver/Src/stm32f4xx_hal_exti.c ****   {
 210:Drivers/STM32F4xx_HAL_Driver/Src/stm32f4xx_hal_exti.c ****     EXTI->IMR |= maskline;
 117              		.loc 1 210 5 is_stmt 1 view .LVU38
 118              		.loc 1 210 15 is_stmt 0 view .LVU39
 119 0050 1F4A     		ldr	r2, .L18
 120 0052 1368     		ldr	r3, [r2]
 121 0054 0343     		orrs	r3, r3, r0
 122 0056 1360     		str	r3, [r2]
 123              	.L9:
 211:Drivers/STM32F4xx_HAL_Driver/Src/stm32f4xx_hal_exti.c ****   }
 212:Drivers/STM32F4xx_HAL_Driver/Src/stm32f4xx_hal_exti.c ****   else
 213:Drivers/STM32F4xx_HAL_Driver/Src/stm32f4xx_hal_exti.c ****   {
 214:Drivers/STM32F4xx_HAL_Driver/Src/stm32f4xx_hal_exti.c ****     EXTI->IMR &= ~maskline;
 215:Drivers/STM32F4xx_HAL_Driver/Src/stm32f4xx_hal_exti.c ****   }
 216:Drivers/STM32F4xx_HAL_Driver/Src/stm32f4xx_hal_exti.c **** 
 217:Drivers/STM32F4xx_HAL_Driver/Src/stm32f4xx_hal_exti.c ****   /* Configure event mode : read current mode */
 218:Drivers/STM32F4xx_HAL_Driver/Src/stm32f4xx_hal_exti.c ****   /* Mask or set line */
 219:Drivers/STM32F4xx_HAL_Driver/Src/stm32f4xx_hal_exti.c ****   if ((pExtiConfig->Mode & EXTI_MODE_EVENT) != 0x00u)
ARM GAS  /tmp/ccEczpAA.s 			page 7


 124              		.loc 1 219 3 is_stmt 1 view .LVU40
 125              		.loc 1 219 19 is_stmt 0 view .LVU41
 126 0058 4B68     		ldr	r3, [r1, #4]
 127              		.loc 1 219 6 view .LVU42
 128 005a 13F0020F 		tst	r3, #2
 129 005e 2BD0     		beq	.L10
 220:Drivers/STM32F4xx_HAL_Driver/Src/stm32f4xx_hal_exti.c ****   {
 221:Drivers/STM32F4xx_HAL_Driver/Src/stm32f4xx_hal_exti.c ****     EXTI->EMR |= maskline;
 130              		.loc 1 221 5 is_stmt 1 view .LVU43
 131              		.loc 1 221 15 is_stmt 0 view .LVU44
 132 0060 1B4A     		ldr	r2, .L18
 133 0062 5368     		ldr	r3, [r2, #4]
 134 0064 1843     		orrs	r0, r0, r3
 135              	.LVL5:
 136              		.loc 1 221 15 view .LVU45
 137 0066 5060     		str	r0, [r2, #4]
 222:Drivers/STM32F4xx_HAL_Driver/Src/stm32f4xx_hal_exti.c ****   }
 223:Drivers/STM32F4xx_HAL_Driver/Src/stm32f4xx_hal_exti.c ****   else
 224:Drivers/STM32F4xx_HAL_Driver/Src/stm32f4xx_hal_exti.c ****   {
 225:Drivers/STM32F4xx_HAL_Driver/Src/stm32f4xx_hal_exti.c ****     EXTI->EMR &= ~maskline;
 226:Drivers/STM32F4xx_HAL_Driver/Src/stm32f4xx_hal_exti.c ****   }
 227:Drivers/STM32F4xx_HAL_Driver/Src/stm32f4xx_hal_exti.c **** 
 228:Drivers/STM32F4xx_HAL_Driver/Src/stm32f4xx_hal_exti.c ****   return HAL_OK;
 138              		.loc 1 228 10 view .LVU46
 139 0068 0020     		movs	r0, #0
 140              	.L2:
 229:Drivers/STM32F4xx_HAL_Driver/Src/stm32f4xx_hal_exti.c **** }
 141              		.loc 1 229 1 view .LVU47
 142 006a 70BC     		pop	{r4, r5, r6}
 143              	.LCFI1:
 144              		.cfi_remember_state
 145              		.cfi_restore 6
 146              		.cfi_restore 5
 147              		.cfi_restore 4
 148              		.cfi_def_cfa_offset 0
 149 006c 7047     		bx	lr
 150              	.LVL6:
 151              	.L4:
 152              	.LCFI2:
 153              		.cfi_restore_state
 178:Drivers/STM32F4xx_HAL_Driver/Src/stm32f4xx_hal_exti.c ****     }
 154              		.loc 1 178 7 is_stmt 1 view .LVU48
 178:Drivers/STM32F4xx_HAL_Driver/Src/stm32f4xx_hal_exti.c ****     }
 155              		.loc 1 178 18 is_stmt 0 view .LVU49
 156 006e 184D     		ldr	r5, .L18
 157 0070 AC68     		ldr	r4, [r5, #8]
 158 0072 24EA0004 		bic	r4, r4, r0
 159 0076 AC60     		str	r4, [r5, #8]
 160 0078 D8E7     		b	.L5
 161              	.L6:
 189:Drivers/STM32F4xx_HAL_Driver/Src/stm32f4xx_hal_exti.c ****     }
 162              		.loc 1 189 7 is_stmt 1 view .LVU50
 189:Drivers/STM32F4xx_HAL_Driver/Src/stm32f4xx_hal_exti.c ****     }
 163              		.loc 1 189 18 is_stmt 0 view .LVU51
 164 007a 154D     		ldr	r5, .L18
 165 007c EC68     		ldr	r4, [r5, #12]
 166 007e 24EA0004 		bic	r4, r4, r0
ARM GAS  /tmp/ccEczpAA.s 			page 8


 167 0082 EC60     		str	r4, [r5, #12]
 168 0084 DAE7     		b	.L7
 169              	.L17:
 196:Drivers/STM32F4xx_HAL_Driver/Src/stm32f4xx_hal_exti.c ****       assert_param(IS_EXTI_GPIO_PIN(linepos));
 170              		.loc 1 196 7 is_stmt 1 view .LVU52
 197:Drivers/STM32F4xx_HAL_Driver/Src/stm32f4xx_hal_exti.c **** 
 171              		.loc 1 197 7 view .LVU53
 199:Drivers/STM32F4xx_HAL_Driver/Src/stm32f4xx_hal_exti.c ****       regval &= ~(SYSCFG_EXTICR1_EXTI0 << (SYSCFG_EXTICR1_EXTI1_Pos * (linepos & 0x03u)));
 172              		.loc 1 199 7 view .LVU54
 199:Drivers/STM32F4xx_HAL_Driver/Src/stm32f4xx_hal_exti.c ****       regval &= ~(SYSCFG_EXTICR1_EXTI0 << (SYSCFG_EXTICR1_EXTI1_Pos * (linepos & 0x03u)));
 173              		.loc 1 199 39 is_stmt 0 view .LVU55
 174 0086 9208     		lsrs	r2, r2, #2
 175              	.LVL7:
 199:Drivers/STM32F4xx_HAL_Driver/Src/stm32f4xx_hal_exti.c ****       regval &= ~(SYSCFG_EXTICR1_EXTI0 << (SYSCFG_EXTICR1_EXTI1_Pos * (linepos & 0x03u)));
 176              		.loc 1 199 14 view .LVU56
 177 0088 124E     		ldr	r6, .L18+4
 178 008a 0232     		adds	r2, r2, #2
 179 008c 56F82250 		ldr	r5, [r6, r2, lsl #2]
 180              	.LVL8:
 200:Drivers/STM32F4xx_HAL_Driver/Src/stm32f4xx_hal_exti.c ****       regval |= (pExtiConfig->GPIOSel << (SYSCFG_EXTICR1_EXTI1_Pos * (linepos & 0x03u)));
 181              		.loc 1 200 7 is_stmt 1 view .LVU57
 200:Drivers/STM32F4xx_HAL_Driver/Src/stm32f4xx_hal_exti.c ****       regval |= (pExtiConfig->GPIOSel << (SYSCFG_EXTICR1_EXTI1_Pos * (linepos & 0x03u)));
 182              		.loc 1 200 80 is_stmt 0 view .LVU58
 183 0090 03F00303 		and	r3, r3, #3
 184              	.LVL9:
 200:Drivers/STM32F4xx_HAL_Driver/Src/stm32f4xx_hal_exti.c ****       regval |= (pExtiConfig->GPIOSel << (SYSCFG_EXTICR1_EXTI1_Pos * (linepos & 0x03u)));
 185              		.loc 1 200 69 view .LVU59
 186 0094 9B00     		lsls	r3, r3, #2
 200:Drivers/STM32F4xx_HAL_Driver/Src/stm32f4xx_hal_exti.c ****       regval |= (pExtiConfig->GPIOSel << (SYSCFG_EXTICR1_EXTI1_Pos * (linepos & 0x03u)));
 187              		.loc 1 200 40 view .LVU60
 188 0096 0F24     		movs	r4, #15
 189 0098 9C40     		lsls	r4, r4, r3
 200:Drivers/STM32F4xx_HAL_Driver/Src/stm32f4xx_hal_exti.c ****       regval |= (pExtiConfig->GPIOSel << (SYSCFG_EXTICR1_EXTI1_Pos * (linepos & 0x03u)));
 190              		.loc 1 200 14 view .LVU61
 191 009a 25EA0405 		bic	r5, r5, r4
 192              	.LVL10:
 201:Drivers/STM32F4xx_HAL_Driver/Src/stm32f4xx_hal_exti.c ****       SYSCFG->EXTICR[linepos >> 2u] = regval;
 193              		.loc 1 201 7 is_stmt 1 view .LVU62
 201:Drivers/STM32F4xx_HAL_Driver/Src/stm32f4xx_hal_exti.c ****       SYSCFG->EXTICR[linepos >> 2u] = regval;
 194              		.loc 1 201 29 is_stmt 0 view .LVU63
 195 009e CC68     		ldr	r4, [r1, #12]
 201:Drivers/STM32F4xx_HAL_Driver/Src/stm32f4xx_hal_exti.c ****       SYSCFG->EXTICR[linepos >> 2u] = regval;
 196              		.loc 1 201 39 view .LVU64
 197 00a0 04FA03F3 		lsl	r3, r4, r3
 201:Drivers/STM32F4xx_HAL_Driver/Src/stm32f4xx_hal_exti.c ****       SYSCFG->EXTICR[linepos >> 2u] = regval;
 198              		.loc 1 201 14 view .LVU65
 199 00a4 2B43     		orrs	r3, r3, r5
 200              	.LVL11:
 202:Drivers/STM32F4xx_HAL_Driver/Src/stm32f4xx_hal_exti.c ****     }
 201              		.loc 1 202 7 is_stmt 1 view .LVU66
 202:Drivers/STM32F4xx_HAL_Driver/Src/stm32f4xx_hal_exti.c ****     }
 202              		.loc 1 202 37 is_stmt 0 view .LVU67
 203 00a6 46F82230 		str	r3, [r6, r2, lsl #2]
 204 00aa CDE7     		b	.L3
 205              	.LVL12:
 206              	.L8:
 214:Drivers/STM32F4xx_HAL_Driver/Src/stm32f4xx_hal_exti.c ****   }
ARM GAS  /tmp/ccEczpAA.s 			page 9


 207              		.loc 1 214 5 is_stmt 1 view .LVU68
 214:Drivers/STM32F4xx_HAL_Driver/Src/stm32f4xx_hal_exti.c ****   }
 208              		.loc 1 214 15 is_stmt 0 view .LVU69
 209 00ac 084A     		ldr	r2, .L18
 210 00ae 1368     		ldr	r3, [r2]
 211 00b0 23EA0003 		bic	r3, r3, r0
 212 00b4 1360     		str	r3, [r2]
 213 00b6 CFE7     		b	.L9
 214              	.L10:
 225:Drivers/STM32F4xx_HAL_Driver/Src/stm32f4xx_hal_exti.c ****   }
 215              		.loc 1 225 5 is_stmt 1 view .LVU70
 225:Drivers/STM32F4xx_HAL_Driver/Src/stm32f4xx_hal_exti.c ****   }
 216              		.loc 1 225 15 is_stmt 0 view .LVU71
 217 00b8 054A     		ldr	r2, .L18
 218 00ba 5368     		ldr	r3, [r2, #4]
 219 00bc 23EA0000 		bic	r0, r3, r0
 220              	.LVL13:
 225:Drivers/STM32F4xx_HAL_Driver/Src/stm32f4xx_hal_exti.c ****   }
 221              		.loc 1 225 15 view .LVU72
 222 00c0 5060     		str	r0, [r2, #4]
 228:Drivers/STM32F4xx_HAL_Driver/Src/stm32f4xx_hal_exti.c **** }
 223              		.loc 1 228 10 view .LVU73
 224 00c2 0020     		movs	r0, #0
 225 00c4 D1E7     		b	.L2
 226              	.LVL14:
 227              	.L11:
 228              	.LCFI3:
 229              		.cfi_def_cfa_offset 0
 230              		.cfi_restore 4
 231              		.cfi_restore 5
 232              		.cfi_restore 6
 151:Drivers/STM32F4xx_HAL_Driver/Src/stm32f4xx_hal_exti.c ****   }
 233              		.loc 1 151 12 view .LVU74
 234 00c6 0120     		movs	r0, #1
 235              	.LVL15:
 151:Drivers/STM32F4xx_HAL_Driver/Src/stm32f4xx_hal_exti.c ****   }
 236              		.loc 1 151 12 view .LVU75
 237 00c8 7047     		bx	lr
 238              	.LVL16:
 239              	.L12:
 151:Drivers/STM32F4xx_HAL_Driver/Src/stm32f4xx_hal_exti.c ****   }
 240              		.loc 1 151 12 view .LVU76
 241 00ca 0120     		movs	r0, #1
 242              	.LVL17:
 243              		.loc 1 229 1 view .LVU77
 244 00cc 7047     		bx	lr
 245              	.L19:
 246 00ce 00BF     		.align	2
 247              	.L18:
 248 00d0 003C0140 		.word	1073822720
 249 00d4 00380140 		.word	1073821696
 250              		.cfi_endproc
 251              	.LFE235:
 253              		.section	.text.HAL_EXTI_GetConfigLine,"ax",%progbits
 254              		.align	1
 255              		.global	HAL_EXTI_GetConfigLine
 256              		.syntax unified
ARM GAS  /tmp/ccEczpAA.s 			page 10


 257              		.thumb
 258              		.thumb_func
 259              		.fpu fpv4-sp-d16
 261              	HAL_EXTI_GetConfigLine:
 262              	.LVL18:
 263              	.LFB236:
 230:Drivers/STM32F4xx_HAL_Driver/Src/stm32f4xx_hal_exti.c **** 
 231:Drivers/STM32F4xx_HAL_Driver/Src/stm32f4xx_hal_exti.c **** /**
 232:Drivers/STM32F4xx_HAL_Driver/Src/stm32f4xx_hal_exti.c ****   * @brief  Get configuration of a dedicated Exti line.
 233:Drivers/STM32F4xx_HAL_Driver/Src/stm32f4xx_hal_exti.c ****   * @param  hexti Exti handle.
 234:Drivers/STM32F4xx_HAL_Driver/Src/stm32f4xx_hal_exti.c ****   * @param  pExtiConfig Pointer on structure to store Exti configuration.
 235:Drivers/STM32F4xx_HAL_Driver/Src/stm32f4xx_hal_exti.c ****   * @retval HAL Status.
 236:Drivers/STM32F4xx_HAL_Driver/Src/stm32f4xx_hal_exti.c ****   */
 237:Drivers/STM32F4xx_HAL_Driver/Src/stm32f4xx_hal_exti.c **** HAL_StatusTypeDef HAL_EXTI_GetConfigLine(EXTI_HandleTypeDef *hexti, EXTI_ConfigTypeDef *pExtiConfig
 238:Drivers/STM32F4xx_HAL_Driver/Src/stm32f4xx_hal_exti.c **** {
 264              		.loc 1 238 1 is_stmt 1 view -0
 265              		.cfi_startproc
 266              		@ args = 0, pretend = 0, frame = 0
 267              		@ frame_needed = 0, uses_anonymous_args = 0
 268              		@ link register save eliminated.
 239:Drivers/STM32F4xx_HAL_Driver/Src/stm32f4xx_hal_exti.c ****   uint32_t regval;
 269              		.loc 1 239 3 view .LVU79
 240:Drivers/STM32F4xx_HAL_Driver/Src/stm32f4xx_hal_exti.c ****   uint32_t linepos;
 270              		.loc 1 240 3 view .LVU80
 241:Drivers/STM32F4xx_HAL_Driver/Src/stm32f4xx_hal_exti.c ****   uint32_t maskline;
 271              		.loc 1 241 3 view .LVU81
 242:Drivers/STM32F4xx_HAL_Driver/Src/stm32f4xx_hal_exti.c **** 
 243:Drivers/STM32F4xx_HAL_Driver/Src/stm32f4xx_hal_exti.c ****   /* Check null pointer */
 244:Drivers/STM32F4xx_HAL_Driver/Src/stm32f4xx_hal_exti.c ****   if ((hexti == NULL) || (pExtiConfig == NULL))
 272              		.loc 1 244 3 view .LVU82
 273              		.loc 1 244 6 is_stmt 0 view .LVU83
 274 0000 0028     		cmp	r0, #0
 275 0002 44D0     		beq	.L27
 276              		.loc 1 244 23 discriminator 1 view .LVU84
 277 0004 0029     		cmp	r1, #0
 278 0006 44D0     		beq	.L28
 238:Drivers/STM32F4xx_HAL_Driver/Src/stm32f4xx_hal_exti.c ****   uint32_t regval;
 279              		.loc 1 238 1 view .LVU85
 280 0008 10B4     		push	{r4}
 281              	.LCFI4:
 282              		.cfi_def_cfa_offset 4
 283              		.cfi_offset 4, -4
 245:Drivers/STM32F4xx_HAL_Driver/Src/stm32f4xx_hal_exti.c ****   {
 246:Drivers/STM32F4xx_HAL_Driver/Src/stm32f4xx_hal_exti.c ****     return HAL_ERROR;
 247:Drivers/STM32F4xx_HAL_Driver/Src/stm32f4xx_hal_exti.c ****   }
 248:Drivers/STM32F4xx_HAL_Driver/Src/stm32f4xx_hal_exti.c **** 
 249:Drivers/STM32F4xx_HAL_Driver/Src/stm32f4xx_hal_exti.c ****   /* Check the parameter */
 250:Drivers/STM32F4xx_HAL_Driver/Src/stm32f4xx_hal_exti.c ****   assert_param(IS_EXTI_LINE(hexti->Line));
 284              		.loc 1 250 3 is_stmt 1 view .LVU86
 251:Drivers/STM32F4xx_HAL_Driver/Src/stm32f4xx_hal_exti.c **** 
 252:Drivers/STM32F4xx_HAL_Driver/Src/stm32f4xx_hal_exti.c ****   /* Store handle line number to configuration structure */
 253:Drivers/STM32F4xx_HAL_Driver/Src/stm32f4xx_hal_exti.c ****   pExtiConfig->Line = hexti->Line;
 285              		.loc 1 253 3 view .LVU87
 286              		.loc 1 253 28 is_stmt 0 view .LVU88
 287 000a 0068     		ldr	r0, [r0]
 288              	.LVL19:
 289              		.loc 1 253 21 view .LVU89
ARM GAS  /tmp/ccEczpAA.s 			page 11


 290 000c 0860     		str	r0, [r1]
 254:Drivers/STM32F4xx_HAL_Driver/Src/stm32f4xx_hal_exti.c **** 
 255:Drivers/STM32F4xx_HAL_Driver/Src/stm32f4xx_hal_exti.c ****   /* Compute line mask */
 256:Drivers/STM32F4xx_HAL_Driver/Src/stm32f4xx_hal_exti.c ****   linepos = (pExtiConfig->Line & EXTI_PIN_MASK);
 291              		.loc 1 256 3 is_stmt 1 view .LVU90
 292              		.loc 1 256 11 is_stmt 0 view .LVU91
 293 000e 00F01F04 		and	r4, r0, #31
 294              	.LVL20:
 257:Drivers/STM32F4xx_HAL_Driver/Src/stm32f4xx_hal_exti.c ****   maskline = (1uL << linepos);
 295              		.loc 1 257 3 is_stmt 1 view .LVU92
 296              		.loc 1 257 12 is_stmt 0 view .LVU93
 297 0012 0123     		movs	r3, #1
 298 0014 A340     		lsls	r3, r3, r4
 299              	.LVL21:
 258:Drivers/STM32F4xx_HAL_Driver/Src/stm32f4xx_hal_exti.c **** 
 259:Drivers/STM32F4xx_HAL_Driver/Src/stm32f4xx_hal_exti.c ****   /* 1] Get core mode : interrupt */
 260:Drivers/STM32F4xx_HAL_Driver/Src/stm32f4xx_hal_exti.c **** 
 261:Drivers/STM32F4xx_HAL_Driver/Src/stm32f4xx_hal_exti.c ****   /* Check if selected line is enable */
 262:Drivers/STM32F4xx_HAL_Driver/Src/stm32f4xx_hal_exti.c ****   if ((EXTI->IMR & maskline) != 0x00u)
 300              		.loc 1 262 3 is_stmt 1 view .LVU94
 301              		.loc 1 262 12 is_stmt 0 view .LVU95
 302 0016 224A     		ldr	r2, .L36
 303 0018 1268     		ldr	r2, [r2]
 304              		.loc 1 262 6 view .LVU96
 305 001a 1A42     		tst	r2, r3
 306 001c 24D0     		beq	.L22
 263:Drivers/STM32F4xx_HAL_Driver/Src/stm32f4xx_hal_exti.c ****   {
 264:Drivers/STM32F4xx_HAL_Driver/Src/stm32f4xx_hal_exti.c ****     pExtiConfig->Mode = EXTI_MODE_INTERRUPT;
 307              		.loc 1 264 5 is_stmt 1 view .LVU97
 308              		.loc 1 264 23 is_stmt 0 view .LVU98
 309 001e 0122     		movs	r2, #1
 310 0020 4A60     		str	r2, [r1, #4]
 311              	.L23:
 265:Drivers/STM32F4xx_HAL_Driver/Src/stm32f4xx_hal_exti.c ****   }
 266:Drivers/STM32F4xx_HAL_Driver/Src/stm32f4xx_hal_exti.c ****   else
 267:Drivers/STM32F4xx_HAL_Driver/Src/stm32f4xx_hal_exti.c ****   {
 268:Drivers/STM32F4xx_HAL_Driver/Src/stm32f4xx_hal_exti.c ****     pExtiConfig->Mode = EXTI_MODE_NONE;
 269:Drivers/STM32F4xx_HAL_Driver/Src/stm32f4xx_hal_exti.c ****   }
 270:Drivers/STM32F4xx_HAL_Driver/Src/stm32f4xx_hal_exti.c **** 
 271:Drivers/STM32F4xx_HAL_Driver/Src/stm32f4xx_hal_exti.c ****   /* Get event mode */
 272:Drivers/STM32F4xx_HAL_Driver/Src/stm32f4xx_hal_exti.c ****   /* Check if selected line is enable */
 273:Drivers/STM32F4xx_HAL_Driver/Src/stm32f4xx_hal_exti.c ****   if ((EXTI->EMR & maskline) != 0x00u)
 312              		.loc 1 273 3 is_stmt 1 view .LVU99
 313              		.loc 1 273 12 is_stmt 0 view .LVU100
 314 0022 1F4A     		ldr	r2, .L36
 315 0024 5268     		ldr	r2, [r2, #4]
 316              		.loc 1 273 6 view .LVU101
 317 0026 1A42     		tst	r2, r3
 318 0028 03D0     		beq	.L24
 274:Drivers/STM32F4xx_HAL_Driver/Src/stm32f4xx_hal_exti.c ****   {
 275:Drivers/STM32F4xx_HAL_Driver/Src/stm32f4xx_hal_exti.c ****     pExtiConfig->Mode |= EXTI_MODE_EVENT;
 319              		.loc 1 275 5 is_stmt 1 view .LVU102
 320              		.loc 1 275 23 is_stmt 0 view .LVU103
 321 002a 4A68     		ldr	r2, [r1, #4]
 322 002c 42F00202 		orr	r2, r2, #2
 323 0030 4A60     		str	r2, [r1, #4]
 324              	.L24:
ARM GAS  /tmp/ccEczpAA.s 			page 12


 276:Drivers/STM32F4xx_HAL_Driver/Src/stm32f4xx_hal_exti.c ****   }
 277:Drivers/STM32F4xx_HAL_Driver/Src/stm32f4xx_hal_exti.c **** 
 278:Drivers/STM32F4xx_HAL_Driver/Src/stm32f4xx_hal_exti.c ****   /* Get default Trigger and GPIOSel configuration */
 279:Drivers/STM32F4xx_HAL_Driver/Src/stm32f4xx_hal_exti.c ****   pExtiConfig->Trigger = EXTI_TRIGGER_NONE;
 325              		.loc 1 279 3 is_stmt 1 view .LVU104
 326              		.loc 1 279 24 is_stmt 0 view .LVU105
 327 0032 0022     		movs	r2, #0
 328 0034 8A60     		str	r2, [r1, #8]
 280:Drivers/STM32F4xx_HAL_Driver/Src/stm32f4xx_hal_exti.c ****   pExtiConfig->GPIOSel = 0x00u;
 329              		.loc 1 280 3 is_stmt 1 view .LVU106
 330              		.loc 1 280 24 is_stmt 0 view .LVU107
 331 0036 CA60     		str	r2, [r1, #12]
 281:Drivers/STM32F4xx_HAL_Driver/Src/stm32f4xx_hal_exti.c **** 
 282:Drivers/STM32F4xx_HAL_Driver/Src/stm32f4xx_hal_exti.c ****   /* 2] Get trigger for configurable lines : rising */
 283:Drivers/STM32F4xx_HAL_Driver/Src/stm32f4xx_hal_exti.c ****   if ((pExtiConfig->Line & EXTI_CONFIG) != 0x00u)
 332              		.loc 1 283 3 is_stmt 1 view .LVU108
 333              		.loc 1 283 6 is_stmt 0 view .LVU109
 334 0038 10F0007F 		tst	r0, #33554432
 335 003c 2BD0     		beq	.L29
 284:Drivers/STM32F4xx_HAL_Driver/Src/stm32f4xx_hal_exti.c ****   {
 285:Drivers/STM32F4xx_HAL_Driver/Src/stm32f4xx_hal_exti.c ****     /* Check if configuration of selected line is enable */
 286:Drivers/STM32F4xx_HAL_Driver/Src/stm32f4xx_hal_exti.c ****     if ((EXTI->RTSR & maskline) != 0x00u)
 336              		.loc 1 286 5 is_stmt 1 view .LVU110
 337              		.loc 1 286 14 is_stmt 0 view .LVU111
 338 003e 184A     		ldr	r2, .L36
 339 0040 9268     		ldr	r2, [r2, #8]
 340              		.loc 1 286 8 view .LVU112
 341 0042 1A42     		tst	r2, r3
 342 0044 01D0     		beq	.L25
 287:Drivers/STM32F4xx_HAL_Driver/Src/stm32f4xx_hal_exti.c ****     {
 288:Drivers/STM32F4xx_HAL_Driver/Src/stm32f4xx_hal_exti.c ****       pExtiConfig->Trigger = EXTI_TRIGGER_RISING;
 343              		.loc 1 288 7 is_stmt 1 view .LVU113
 344              		.loc 1 288 28 is_stmt 0 view .LVU114
 345 0046 0122     		movs	r2, #1
 346 0048 8A60     		str	r2, [r1, #8]
 347              	.L25:
 289:Drivers/STM32F4xx_HAL_Driver/Src/stm32f4xx_hal_exti.c ****     }
 290:Drivers/STM32F4xx_HAL_Driver/Src/stm32f4xx_hal_exti.c **** 
 291:Drivers/STM32F4xx_HAL_Driver/Src/stm32f4xx_hal_exti.c ****     /* Get falling configuration */
 292:Drivers/STM32F4xx_HAL_Driver/Src/stm32f4xx_hal_exti.c ****     /* Check if configuration of selected line is enable */
 293:Drivers/STM32F4xx_HAL_Driver/Src/stm32f4xx_hal_exti.c ****     if ((EXTI->FTSR & maskline) != 0x00u)
 348              		.loc 1 293 5 is_stmt 1 view .LVU115
 349              		.loc 1 293 14 is_stmt 0 view .LVU116
 350 004a 154A     		ldr	r2, .L36
 351 004c D268     		ldr	r2, [r2, #12]
 352              		.loc 1 293 8 view .LVU117
 353 004e 1A42     		tst	r2, r3
 354 0050 03D0     		beq	.L26
 294:Drivers/STM32F4xx_HAL_Driver/Src/stm32f4xx_hal_exti.c ****     {
 295:Drivers/STM32F4xx_HAL_Driver/Src/stm32f4xx_hal_exti.c ****       pExtiConfig->Trigger |= EXTI_TRIGGER_FALLING;
 355              		.loc 1 295 7 is_stmt 1 view .LVU118
 356              		.loc 1 295 28 is_stmt 0 view .LVU119
 357 0052 8B68     		ldr	r3, [r1, #8]
 358              	.LVL22:
 359              		.loc 1 295 28 view .LVU120
 360 0054 43F00203 		orr	r3, r3, #2
 361 0058 8B60     		str	r3, [r1, #8]
ARM GAS  /tmp/ccEczpAA.s 			page 13


 362              	.L26:
 296:Drivers/STM32F4xx_HAL_Driver/Src/stm32f4xx_hal_exti.c ****     }
 297:Drivers/STM32F4xx_HAL_Driver/Src/stm32f4xx_hal_exti.c **** 
 298:Drivers/STM32F4xx_HAL_Driver/Src/stm32f4xx_hal_exti.c ****     /* Get Gpio port selection for gpio lines */
 299:Drivers/STM32F4xx_HAL_Driver/Src/stm32f4xx_hal_exti.c ****     if ((pExtiConfig->Line & EXTI_GPIO) == EXTI_GPIO)
 363              		.loc 1 299 5 is_stmt 1 view .LVU121
 364              		.loc 1 299 28 is_stmt 0 view .LVU122
 365 005a 00F0C063 		and	r3, r0, #100663296
 366              		.loc 1 299 8 view .LVU123
 367 005e B3F1C06F 		cmp	r3, #100663296
 368 0062 04D0     		beq	.L35
 300:Drivers/STM32F4xx_HAL_Driver/Src/stm32f4xx_hal_exti.c ****     {
 301:Drivers/STM32F4xx_HAL_Driver/Src/stm32f4xx_hal_exti.c ****       assert_param(IS_EXTI_GPIO_PIN(linepos));
 302:Drivers/STM32F4xx_HAL_Driver/Src/stm32f4xx_hal_exti.c **** 
 303:Drivers/STM32F4xx_HAL_Driver/Src/stm32f4xx_hal_exti.c ****       regval = (SYSCFG->EXTICR[linepos >> 2u] << 16u );
 304:Drivers/STM32F4xx_HAL_Driver/Src/stm32f4xx_hal_exti.c ****       pExtiConfig->GPIOSel = ((regval << (SYSCFG_EXTICR1_EXTI1_Pos * (3uL - (linepos & 0x03u)))) >>
 305:Drivers/STM32F4xx_HAL_Driver/Src/stm32f4xx_hal_exti.c ****     }
 306:Drivers/STM32F4xx_HAL_Driver/Src/stm32f4xx_hal_exti.c ****   }
 307:Drivers/STM32F4xx_HAL_Driver/Src/stm32f4xx_hal_exti.c **** 
 308:Drivers/STM32F4xx_HAL_Driver/Src/stm32f4xx_hal_exti.c ****   return HAL_OK;
 369              		.loc 1 308 10 view .LVU124
 370 0064 0020     		movs	r0, #0
 371 0066 17E0     		b	.L21
 372              	.LVL23:
 373              	.L22:
 268:Drivers/STM32F4xx_HAL_Driver/Src/stm32f4xx_hal_exti.c ****   }
 374              		.loc 1 268 5 is_stmt 1 view .LVU125
 268:Drivers/STM32F4xx_HAL_Driver/Src/stm32f4xx_hal_exti.c ****   }
 375              		.loc 1 268 23 is_stmt 0 view .LVU126
 376 0068 0022     		movs	r2, #0
 377 006a 4A60     		str	r2, [r1, #4]
 378 006c D9E7     		b	.L23
 379              	.LVL24:
 380              	.L35:
 301:Drivers/STM32F4xx_HAL_Driver/Src/stm32f4xx_hal_exti.c **** 
 381              		.loc 1 301 7 is_stmt 1 view .LVU127
 303:Drivers/STM32F4xx_HAL_Driver/Src/stm32f4xx_hal_exti.c ****       pExtiConfig->GPIOSel = ((regval << (SYSCFG_EXTICR1_EXTI1_Pos * (3uL - (linepos & 0x03u)))) >>
 382              		.loc 1 303 7 view .LVU128
 303:Drivers/STM32F4xx_HAL_Driver/Src/stm32f4xx_hal_exti.c ****       pExtiConfig->GPIOSel = ((regval << (SYSCFG_EXTICR1_EXTI1_Pos * (3uL - (linepos & 0x03u)))) >>
 383              		.loc 1 303 40 is_stmt 0 view .LVU129
 384 006e A308     		lsrs	r3, r4, #2
 303:Drivers/STM32F4xx_HAL_Driver/Src/stm32f4xx_hal_exti.c ****       pExtiConfig->GPIOSel = ((regval << (SYSCFG_EXTICR1_EXTI1_Pos * (3uL - (linepos & 0x03u)))) >>
 385              		.loc 1 303 31 view .LVU130
 386 0070 0233     		adds	r3, r3, #2
 387 0072 0C4A     		ldr	r2, .L36+4
 388 0074 52F82320 		ldr	r2, [r2, r3, lsl #2]
 303:Drivers/STM32F4xx_HAL_Driver/Src/stm32f4xx_hal_exti.c ****       pExtiConfig->GPIOSel = ((regval << (SYSCFG_EXTICR1_EXTI1_Pos * (3uL - (linepos & 0x03u)))) >>
 389              		.loc 1 303 14 view .LVU131
 390 0078 1204     		lsls	r2, r2, #16
 391              	.LVL25:
 304:Drivers/STM32F4xx_HAL_Driver/Src/stm32f4xx_hal_exti.c ****     }
 392              		.loc 1 304 7 is_stmt 1 view .LVU132
 304:Drivers/STM32F4xx_HAL_Driver/Src/stm32f4xx_hal_exti.c ****     }
 393              		.loc 1 304 75 is_stmt 0 view .LVU133
 394 007a E343     		mvns	r3, r4
 395 007c 03F00303 		and	r3, r3, #3
 304:Drivers/STM32F4xx_HAL_Driver/Src/stm32f4xx_hal_exti.c ****     }
ARM GAS  /tmp/ccEczpAA.s 			page 14


 396              		.loc 1 304 68 view .LVU134
 397 0080 9B00     		lsls	r3, r3, #2
 304:Drivers/STM32F4xx_HAL_Driver/Src/stm32f4xx_hal_exti.c ****     }
 398              		.loc 1 304 39 view .LVU135
 399 0082 02FA03F3 		lsl	r3, r2, r3
 304:Drivers/STM32F4xx_HAL_Driver/Src/stm32f4xx_hal_exti.c ****     }
 400              		.loc 1 304 98 view .LVU136
 401 0086 1B0F     		lsrs	r3, r3, #28
 304:Drivers/STM32F4xx_HAL_Driver/Src/stm32f4xx_hal_exti.c ****     }
 402              		.loc 1 304 28 view .LVU137
 403 0088 CB60     		str	r3, [r1, #12]
 404              		.loc 1 308 10 view .LVU138
 405 008a 0020     		movs	r0, #0
 406 008c 04E0     		b	.L21
 407              	.LVL26:
 408              	.L27:
 409              	.LCFI5:
 410              		.cfi_def_cfa_offset 0
 411              		.cfi_restore 4
 246:Drivers/STM32F4xx_HAL_Driver/Src/stm32f4xx_hal_exti.c ****   }
 412              		.loc 1 246 12 view .LVU139
 413 008e 0120     		movs	r0, #1
 414              	.LVL27:
 246:Drivers/STM32F4xx_HAL_Driver/Src/stm32f4xx_hal_exti.c ****   }
 415              		.loc 1 246 12 view .LVU140
 416 0090 7047     		bx	lr
 417              	.LVL28:
 418              	.L28:
 246:Drivers/STM32F4xx_HAL_Driver/Src/stm32f4xx_hal_exti.c ****   }
 419              		.loc 1 246 12 view .LVU141
 420 0092 0120     		movs	r0, #1
 421              	.LVL29:
 309:Drivers/STM32F4xx_HAL_Driver/Src/stm32f4xx_hal_exti.c **** }
 422              		.loc 1 309 1 view .LVU142
 423 0094 7047     		bx	lr
 424              	.LVL30:
 425              	.L29:
 426              	.LCFI6:
 427              		.cfi_def_cfa_offset 4
 428              		.cfi_offset 4, -4
 308:Drivers/STM32F4xx_HAL_Driver/Src/stm32f4xx_hal_exti.c **** }
 429              		.loc 1 308 10 view .LVU143
 430 0096 0020     		movs	r0, #0
 431              	.LVL31:
 432              	.L21:
 433              		.loc 1 309 1 view .LVU144
 434 0098 5DF8044B 		ldr	r4, [sp], #4
 435              	.LCFI7:
 436              		.cfi_restore 4
 437              		.cfi_def_cfa_offset 0
 438              	.LVL32:
 439              		.loc 1 309 1 view .LVU145
 440 009c 7047     		bx	lr
 441              	.L37:
 442 009e 00BF     		.align	2
 443              	.L36:
 444 00a0 003C0140 		.word	1073822720
ARM GAS  /tmp/ccEczpAA.s 			page 15


 445 00a4 00380140 		.word	1073821696
 446              		.cfi_endproc
 447              	.LFE236:
 449              		.section	.text.HAL_EXTI_ClearConfigLine,"ax",%progbits
 450              		.align	1
 451              		.global	HAL_EXTI_ClearConfigLine
 452              		.syntax unified
 453              		.thumb
 454              		.thumb_func
 455              		.fpu fpv4-sp-d16
 457              	HAL_EXTI_ClearConfigLine:
 458              	.LVL33:
 459              	.LFB237:
 310:Drivers/STM32F4xx_HAL_Driver/Src/stm32f4xx_hal_exti.c **** 
 311:Drivers/STM32F4xx_HAL_Driver/Src/stm32f4xx_hal_exti.c **** /**
 312:Drivers/STM32F4xx_HAL_Driver/Src/stm32f4xx_hal_exti.c ****   * @brief  Clear whole configuration of a dedicated Exti line.
 313:Drivers/STM32F4xx_HAL_Driver/Src/stm32f4xx_hal_exti.c ****   * @param  hexti Exti handle.
 314:Drivers/STM32F4xx_HAL_Driver/Src/stm32f4xx_hal_exti.c ****   * @retval HAL Status.
 315:Drivers/STM32F4xx_HAL_Driver/Src/stm32f4xx_hal_exti.c ****   */
 316:Drivers/STM32F4xx_HAL_Driver/Src/stm32f4xx_hal_exti.c **** HAL_StatusTypeDef HAL_EXTI_ClearConfigLine(EXTI_HandleTypeDef *hexti)
 317:Drivers/STM32F4xx_HAL_Driver/Src/stm32f4xx_hal_exti.c **** {
 460              		.loc 1 317 1 is_stmt 1 view -0
 461              		.cfi_startproc
 462              		@ args = 0, pretend = 0, frame = 0
 463              		@ frame_needed = 0, uses_anonymous_args = 0
 464              		@ link register save eliminated.
 318:Drivers/STM32F4xx_HAL_Driver/Src/stm32f4xx_hal_exti.c ****   uint32_t regval;
 465              		.loc 1 318 3 view .LVU147
 319:Drivers/STM32F4xx_HAL_Driver/Src/stm32f4xx_hal_exti.c ****   uint32_t linepos;
 466              		.loc 1 319 3 view .LVU148
 320:Drivers/STM32F4xx_HAL_Driver/Src/stm32f4xx_hal_exti.c ****   uint32_t maskline;
 467              		.loc 1 320 3 view .LVU149
 321:Drivers/STM32F4xx_HAL_Driver/Src/stm32f4xx_hal_exti.c **** 
 322:Drivers/STM32F4xx_HAL_Driver/Src/stm32f4xx_hal_exti.c ****   /* Check null pointer */
 323:Drivers/STM32F4xx_HAL_Driver/Src/stm32f4xx_hal_exti.c ****   if (hexti == NULL)
 468              		.loc 1 323 3 view .LVU150
 469              		.loc 1 323 6 is_stmt 0 view .LVU151
 470 0000 0028     		cmp	r0, #0
 471 0002 34D0     		beq	.L40
 317:Drivers/STM32F4xx_HAL_Driver/Src/stm32f4xx_hal_exti.c ****   uint32_t regval;
 472              		.loc 1 317 1 view .LVU152
 473 0004 70B4     		push	{r4, r5, r6}
 474              	.LCFI8:
 475              		.cfi_def_cfa_offset 12
 476              		.cfi_offset 4, -12
 477              		.cfi_offset 5, -8
 478              		.cfi_offset 6, -4
 479 0006 0446     		mov	r4, r0
 324:Drivers/STM32F4xx_HAL_Driver/Src/stm32f4xx_hal_exti.c ****   {
 325:Drivers/STM32F4xx_HAL_Driver/Src/stm32f4xx_hal_exti.c ****     return HAL_ERROR;
 326:Drivers/STM32F4xx_HAL_Driver/Src/stm32f4xx_hal_exti.c ****   }
 327:Drivers/STM32F4xx_HAL_Driver/Src/stm32f4xx_hal_exti.c **** 
 328:Drivers/STM32F4xx_HAL_Driver/Src/stm32f4xx_hal_exti.c ****   /* Check the parameter */
 329:Drivers/STM32F4xx_HAL_Driver/Src/stm32f4xx_hal_exti.c ****   assert_param(IS_EXTI_LINE(hexti->Line));
 480              		.loc 1 329 3 is_stmt 1 view .LVU153
 330:Drivers/STM32F4xx_HAL_Driver/Src/stm32f4xx_hal_exti.c **** 
 331:Drivers/STM32F4xx_HAL_Driver/Src/stm32f4xx_hal_exti.c ****   /* compute line mask */
ARM GAS  /tmp/ccEczpAA.s 			page 16


 332:Drivers/STM32F4xx_HAL_Driver/Src/stm32f4xx_hal_exti.c ****   linepos = (hexti->Line & EXTI_PIN_MASK);
 481              		.loc 1 332 3 view .LVU154
 482              		.loc 1 332 19 is_stmt 0 view .LVU155
 483 0008 0668     		ldr	r6, [r0]
 484              		.loc 1 332 11 view .LVU156
 485 000a 06F01F00 		and	r0, r6, #31
 486              	.LVL34:
 333:Drivers/STM32F4xx_HAL_Driver/Src/stm32f4xx_hal_exti.c ****   maskline = (1uL << linepos);
 487              		.loc 1 333 3 is_stmt 1 view .LVU157
 488              		.loc 1 333 12 is_stmt 0 view .LVU158
 489 000e 0123     		movs	r3, #1
 490 0010 8340     		lsls	r3, r3, r0
 491              	.LVL35:
 334:Drivers/STM32F4xx_HAL_Driver/Src/stm32f4xx_hal_exti.c **** 
 335:Drivers/STM32F4xx_HAL_Driver/Src/stm32f4xx_hal_exti.c ****   /* 1] Clear interrupt mode */
 336:Drivers/STM32F4xx_HAL_Driver/Src/stm32f4xx_hal_exti.c ****   EXTI->IMR = (EXTI->IMR & ~maskline);
 492              		.loc 1 336 3 is_stmt 1 view .LVU159
 493              		.loc 1 336 20 is_stmt 0 view .LVU160
 494 0012 194A     		ldr	r2, .L48
 495 0014 1168     		ldr	r1, [r2]
 496              		.loc 1 336 28 view .LVU161
 497 0016 DD43     		mvns	r5, r3
 498              		.loc 1 336 26 view .LVU162
 499 0018 21EA0301 		bic	r1, r1, r3
 500              		.loc 1 336 13 view .LVU163
 501 001c 1160     		str	r1, [r2]
 337:Drivers/STM32F4xx_HAL_Driver/Src/stm32f4xx_hal_exti.c **** 
 338:Drivers/STM32F4xx_HAL_Driver/Src/stm32f4xx_hal_exti.c ****   /* 2] Clear event mode */
 339:Drivers/STM32F4xx_HAL_Driver/Src/stm32f4xx_hal_exti.c ****   EXTI->EMR = (EXTI->EMR & ~maskline);
 502              		.loc 1 339 3 is_stmt 1 view .LVU164
 503              		.loc 1 339 20 is_stmt 0 view .LVU165
 504 001e 5168     		ldr	r1, [r2, #4]
 505              		.loc 1 339 26 view .LVU166
 506 0020 21EA0303 		bic	r3, r1, r3
 507              	.LVL36:
 508              		.loc 1 339 13 view .LVU167
 509 0024 5360     		str	r3, [r2, #4]
 340:Drivers/STM32F4xx_HAL_Driver/Src/stm32f4xx_hal_exti.c **** 
 341:Drivers/STM32F4xx_HAL_Driver/Src/stm32f4xx_hal_exti.c ****   /* 3] Clear triggers in case of configurable lines */
 342:Drivers/STM32F4xx_HAL_Driver/Src/stm32f4xx_hal_exti.c ****   if ((hexti->Line & EXTI_CONFIG) != 0x00u)
 510              		.loc 1 342 3 is_stmt 1 view .LVU168
 511              		.loc 1 342 13 is_stmt 0 view .LVU169
 512 0026 2368     		ldr	r3, [r4]
 513              		.loc 1 342 6 view .LVU170
 514 0028 13F0007F 		tst	r3, #33554432
 515 002c 21D0     		beq	.L41
 343:Drivers/STM32F4xx_HAL_Driver/Src/stm32f4xx_hal_exti.c ****   {
 344:Drivers/STM32F4xx_HAL_Driver/Src/stm32f4xx_hal_exti.c ****     EXTI->RTSR = (EXTI->RTSR & ~maskline);
 516              		.loc 1 344 5 is_stmt 1 view .LVU171
 517              		.loc 1 344 23 is_stmt 0 view .LVU172
 518 002e 1346     		mov	r3, r2
 519 0030 9268     		ldr	r2, [r2, #8]
 520              		.loc 1 344 30 view .LVU173
 521 0032 2A40     		ands	r2, r2, r5
 522              		.loc 1 344 16 view .LVU174
 523 0034 9A60     		str	r2, [r3, #8]
 345:Drivers/STM32F4xx_HAL_Driver/Src/stm32f4xx_hal_exti.c ****     EXTI->FTSR = (EXTI->FTSR & ~maskline);
ARM GAS  /tmp/ccEczpAA.s 			page 17


 524              		.loc 1 345 5 is_stmt 1 view .LVU175
 525              		.loc 1 345 23 is_stmt 0 view .LVU176
 526 0036 DA68     		ldr	r2, [r3, #12]
 527              		.loc 1 345 30 view .LVU177
 528 0038 1540     		ands	r5, r5, r2
 529              	.LVL37:
 530              		.loc 1 345 16 view .LVU178
 531 003a DD60     		str	r5, [r3, #12]
 346:Drivers/STM32F4xx_HAL_Driver/Src/stm32f4xx_hal_exti.c **** 
 347:Drivers/STM32F4xx_HAL_Driver/Src/stm32f4xx_hal_exti.c ****     /* Get Gpio port selection for gpio lines */
 348:Drivers/STM32F4xx_HAL_Driver/Src/stm32f4xx_hal_exti.c ****     if ((hexti->Line & EXTI_GPIO) == EXTI_GPIO)
 532              		.loc 1 348 5 is_stmt 1 view .LVU179
 533              		.loc 1 348 15 is_stmt 0 view .LVU180
 534 003c 2368     		ldr	r3, [r4]
 535              		.loc 1 348 22 view .LVU181
 536 003e 03F0C063 		and	r3, r3, #100663296
 537              		.loc 1 348 8 view .LVU182
 538 0042 B3F1C06F 		cmp	r3, #100663296
 539 0046 01D0     		beq	.L47
 349:Drivers/STM32F4xx_HAL_Driver/Src/stm32f4xx_hal_exti.c ****     {
 350:Drivers/STM32F4xx_HAL_Driver/Src/stm32f4xx_hal_exti.c ****       assert_param(IS_EXTI_GPIO_PIN(linepos));
 351:Drivers/STM32F4xx_HAL_Driver/Src/stm32f4xx_hal_exti.c **** 
 352:Drivers/STM32F4xx_HAL_Driver/Src/stm32f4xx_hal_exti.c ****       regval = SYSCFG->EXTICR[linepos >> 2u];
 353:Drivers/STM32F4xx_HAL_Driver/Src/stm32f4xx_hal_exti.c ****       regval &= ~(SYSCFG_EXTICR1_EXTI0 << (SYSCFG_EXTICR1_EXTI1_Pos * (linepos & 0x03u)));
 354:Drivers/STM32F4xx_HAL_Driver/Src/stm32f4xx_hal_exti.c ****       SYSCFG->EXTICR[linepos >> 2u] = regval;
 355:Drivers/STM32F4xx_HAL_Driver/Src/stm32f4xx_hal_exti.c ****     }
 356:Drivers/STM32F4xx_HAL_Driver/Src/stm32f4xx_hal_exti.c ****   }
 357:Drivers/STM32F4xx_HAL_Driver/Src/stm32f4xx_hal_exti.c **** 
 358:Drivers/STM32F4xx_HAL_Driver/Src/stm32f4xx_hal_exti.c ****   return HAL_OK;
 540              		.loc 1 358 10 view .LVU183
 541 0048 0020     		movs	r0, #0
 542              	.LVL38:
 543              		.loc 1 358 10 view .LVU184
 544 004a 13E0     		b	.L39
 545              	.LVL39:
 546              	.L47:
 350:Drivers/STM32F4xx_HAL_Driver/Src/stm32f4xx_hal_exti.c **** 
 547              		.loc 1 350 7 is_stmt 1 view .LVU185
 352:Drivers/STM32F4xx_HAL_Driver/Src/stm32f4xx_hal_exti.c ****       regval &= ~(SYSCFG_EXTICR1_EXTI0 << (SYSCFG_EXTICR1_EXTI1_Pos * (linepos & 0x03u)));
 548              		.loc 1 352 7 view .LVU186
 352:Drivers/STM32F4xx_HAL_Driver/Src/stm32f4xx_hal_exti.c ****       regval &= ~(SYSCFG_EXTICR1_EXTI0 << (SYSCFG_EXTICR1_EXTI1_Pos * (linepos & 0x03u)));
 549              		.loc 1 352 39 is_stmt 0 view .LVU187
 550 004c 8008     		lsrs	r0, r0, #2
 551              	.LVL40:
 352:Drivers/STM32F4xx_HAL_Driver/Src/stm32f4xx_hal_exti.c ****       regval &= ~(SYSCFG_EXTICR1_EXTI0 << (SYSCFG_EXTICR1_EXTI1_Pos * (linepos & 0x03u)));
 552              		.loc 1 352 14 view .LVU188
 553 004e 0B49     		ldr	r1, .L48+4
 554 0050 0230     		adds	r0, r0, #2
 555 0052 51F82030 		ldr	r3, [r1, r0, lsl #2]
 556              	.LVL41:
 353:Drivers/STM32F4xx_HAL_Driver/Src/stm32f4xx_hal_exti.c ****       SYSCFG->EXTICR[linepos >> 2u] = regval;
 557              		.loc 1 353 7 is_stmt 1 view .LVU189
 353:Drivers/STM32F4xx_HAL_Driver/Src/stm32f4xx_hal_exti.c ****       SYSCFG->EXTICR[linepos >> 2u] = regval;
 558              		.loc 1 353 80 is_stmt 0 view .LVU190
 559 0056 06F00306 		and	r6, r6, #3
 560              	.LVL42:
 353:Drivers/STM32F4xx_HAL_Driver/Src/stm32f4xx_hal_exti.c ****       SYSCFG->EXTICR[linepos >> 2u] = regval;
ARM GAS  /tmp/ccEczpAA.s 			page 18


 561              		.loc 1 353 69 view .LVU191
 562 005a B600     		lsls	r6, r6, #2
 353:Drivers/STM32F4xx_HAL_Driver/Src/stm32f4xx_hal_exti.c ****       SYSCFG->EXTICR[linepos >> 2u] = regval;
 563              		.loc 1 353 40 view .LVU192
 564 005c 0F22     		movs	r2, #15
 565 005e 02FA06F6 		lsl	r6, r2, r6
 353:Drivers/STM32F4xx_HAL_Driver/Src/stm32f4xx_hal_exti.c ****       SYSCFG->EXTICR[linepos >> 2u] = regval;
 566              		.loc 1 353 14 view .LVU193
 567 0062 23EA0606 		bic	r6, r3, r6
 568              	.LVL43:
 354:Drivers/STM32F4xx_HAL_Driver/Src/stm32f4xx_hal_exti.c ****     }
 569              		.loc 1 354 7 is_stmt 1 view .LVU194
 354:Drivers/STM32F4xx_HAL_Driver/Src/stm32f4xx_hal_exti.c ****     }
 570              		.loc 1 354 37 is_stmt 0 view .LVU195
 571 0066 41F82060 		str	r6, [r1, r0, lsl #2]
 572              		.loc 1 358 10 view .LVU196
 573 006a 0020     		movs	r0, #0
 574 006c 02E0     		b	.L39
 575              	.LVL44:
 576              	.L40:
 577              	.LCFI9:
 578              		.cfi_def_cfa_offset 0
 579              		.cfi_restore 4
 580              		.cfi_restore 5
 581              		.cfi_restore 6
 325:Drivers/STM32F4xx_HAL_Driver/Src/stm32f4xx_hal_exti.c ****   }
 582              		.loc 1 325 12 view .LVU197
 583 006e 0120     		movs	r0, #1
 584              	.LVL45:
 359:Drivers/STM32F4xx_HAL_Driver/Src/stm32f4xx_hal_exti.c **** }
 585              		.loc 1 359 1 view .LVU198
 586 0070 7047     		bx	lr
 587              	.LVL46:
 588              	.L41:
 589              	.LCFI10:
 590              		.cfi_def_cfa_offset 12
 591              		.cfi_offset 4, -12
 592              		.cfi_offset 5, -8
 593              		.cfi_offset 6, -4
 358:Drivers/STM32F4xx_HAL_Driver/Src/stm32f4xx_hal_exti.c **** }
 594              		.loc 1 358 10 view .LVU199
 595 0072 0020     		movs	r0, #0
 596              	.LVL47:
 597              	.L39:
 598              		.loc 1 359 1 view .LVU200
 599 0074 70BC     		pop	{r4, r5, r6}
 600              	.LCFI11:
 601              		.cfi_restore 6
 602              		.cfi_restore 5
 603              		.cfi_restore 4
 604              		.cfi_def_cfa_offset 0
 605              	.LVL48:
 606              		.loc 1 359 1 view .LVU201
 607 0076 7047     		bx	lr
 608              	.L49:
 609              		.align	2
 610              	.L48:
ARM GAS  /tmp/ccEczpAA.s 			page 19


 611 0078 003C0140 		.word	1073822720
 612 007c 00380140 		.word	1073821696
 613              		.cfi_endproc
 614              	.LFE237:
 616              		.section	.text.HAL_EXTI_RegisterCallback,"ax",%progbits
 617              		.align	1
 618              		.global	HAL_EXTI_RegisterCallback
 619              		.syntax unified
 620              		.thumb
 621              		.thumb_func
 622              		.fpu fpv4-sp-d16
 624              	HAL_EXTI_RegisterCallback:
 625              	.LVL49:
 626              	.LFB238:
 360:Drivers/STM32F4xx_HAL_Driver/Src/stm32f4xx_hal_exti.c **** 
 361:Drivers/STM32F4xx_HAL_Driver/Src/stm32f4xx_hal_exti.c **** /**
 362:Drivers/STM32F4xx_HAL_Driver/Src/stm32f4xx_hal_exti.c ****   * @brief  Register callback for a dedicated Exti line.
 363:Drivers/STM32F4xx_HAL_Driver/Src/stm32f4xx_hal_exti.c ****   * @param  hexti Exti handle.
 364:Drivers/STM32F4xx_HAL_Driver/Src/stm32f4xx_hal_exti.c ****   * @param  CallbackID User callback identifier.
 365:Drivers/STM32F4xx_HAL_Driver/Src/stm32f4xx_hal_exti.c ****   *         This parameter can be one of @arg @ref EXTI_CallbackIDTypeDef values.
 366:Drivers/STM32F4xx_HAL_Driver/Src/stm32f4xx_hal_exti.c ****   * @param  pPendingCbfn function pointer to be stored as callback.
 367:Drivers/STM32F4xx_HAL_Driver/Src/stm32f4xx_hal_exti.c ****   * @retval HAL Status.
 368:Drivers/STM32F4xx_HAL_Driver/Src/stm32f4xx_hal_exti.c ****   */
 369:Drivers/STM32F4xx_HAL_Driver/Src/stm32f4xx_hal_exti.c **** HAL_StatusTypeDef HAL_EXTI_RegisterCallback(EXTI_HandleTypeDef *hexti, EXTI_CallbackIDTypeDef Callb
 370:Drivers/STM32F4xx_HAL_Driver/Src/stm32f4xx_hal_exti.c **** {
 627              		.loc 1 370 1 is_stmt 1 view -0
 628              		.cfi_startproc
 629              		@ args = 0, pretend = 0, frame = 0
 630              		@ frame_needed = 0, uses_anonymous_args = 0
 631              		@ link register save eliminated.
 632              		.loc 1 370 1 is_stmt 0 view .LVU203
 633 0000 0346     		mov	r3, r0
 371:Drivers/STM32F4xx_HAL_Driver/Src/stm32f4xx_hal_exti.c ****   HAL_StatusTypeDef status = HAL_OK;
 634              		.loc 1 371 3 is_stmt 1 view .LVU204
 635              	.LVL50:
 372:Drivers/STM32F4xx_HAL_Driver/Src/stm32f4xx_hal_exti.c **** 
 373:Drivers/STM32F4xx_HAL_Driver/Src/stm32f4xx_hal_exti.c ****   switch (CallbackID)
 636              		.loc 1 373 3 view .LVU205
 637 0002 0846     		mov	r0, r1
 638              	.LVL51:
 639              		.loc 1 373 3 is_stmt 0 view .LVU206
 640 0004 09B9     		cbnz	r1, .L52
 374:Drivers/STM32F4xx_HAL_Driver/Src/stm32f4xx_hal_exti.c ****   {
 375:Drivers/STM32F4xx_HAL_Driver/Src/stm32f4xx_hal_exti.c ****     case  HAL_EXTI_COMMON_CB_ID:
 376:Drivers/STM32F4xx_HAL_Driver/Src/stm32f4xx_hal_exti.c ****       hexti->PendingCallback = pPendingCbfn;
 641              		.loc 1 376 7 is_stmt 1 view .LVU207
 642              		.loc 1 376 30 is_stmt 0 view .LVU208
 643 0006 5A60     		str	r2, [r3, #4]
 377:Drivers/STM32F4xx_HAL_Driver/Src/stm32f4xx_hal_exti.c ****       break;
 644              		.loc 1 377 7 is_stmt 1 view .LVU209
 645 0008 7047     		bx	lr
 646              	.L52:
 378:Drivers/STM32F4xx_HAL_Driver/Src/stm32f4xx_hal_exti.c **** 
 379:Drivers/STM32F4xx_HAL_Driver/Src/stm32f4xx_hal_exti.c ****     default:
 380:Drivers/STM32F4xx_HAL_Driver/Src/stm32f4xx_hal_exti.c ****       status = HAL_ERROR;
 647              		.loc 1 380 14 is_stmt 0 view .LVU210
 648 000a 0120     		movs	r0, #1
ARM GAS  /tmp/ccEczpAA.s 			page 20


 649              	.LVL52:
 381:Drivers/STM32F4xx_HAL_Driver/Src/stm32f4xx_hal_exti.c ****       break;
 382:Drivers/STM32F4xx_HAL_Driver/Src/stm32f4xx_hal_exti.c ****   }
 383:Drivers/STM32F4xx_HAL_Driver/Src/stm32f4xx_hal_exti.c **** 
 384:Drivers/STM32F4xx_HAL_Driver/Src/stm32f4xx_hal_exti.c ****   return status;
 650              		.loc 1 384 3 is_stmt 1 view .LVU211
 385:Drivers/STM32F4xx_HAL_Driver/Src/stm32f4xx_hal_exti.c **** }
 651              		.loc 1 385 1 is_stmt 0 view .LVU212
 652 000c 7047     		bx	lr
 653              		.cfi_endproc
 654              	.LFE238:
 656              		.section	.text.HAL_EXTI_GetHandle,"ax",%progbits
 657              		.align	1
 658              		.global	HAL_EXTI_GetHandle
 659              		.syntax unified
 660              		.thumb
 661              		.thumb_func
 662              		.fpu fpv4-sp-d16
 664              	HAL_EXTI_GetHandle:
 665              	.LVL53:
 666              	.LFB239:
 386:Drivers/STM32F4xx_HAL_Driver/Src/stm32f4xx_hal_exti.c **** 
 387:Drivers/STM32F4xx_HAL_Driver/Src/stm32f4xx_hal_exti.c **** /**
 388:Drivers/STM32F4xx_HAL_Driver/Src/stm32f4xx_hal_exti.c ****   * @brief  Store line number as handle private field.
 389:Drivers/STM32F4xx_HAL_Driver/Src/stm32f4xx_hal_exti.c ****   * @param  hexti Exti handle.
 390:Drivers/STM32F4xx_HAL_Driver/Src/stm32f4xx_hal_exti.c ****   * @param  ExtiLine Exti line number.
 391:Drivers/STM32F4xx_HAL_Driver/Src/stm32f4xx_hal_exti.c ****   *         This parameter can be from 0 to @ref EXTI_LINE_NB.
 392:Drivers/STM32F4xx_HAL_Driver/Src/stm32f4xx_hal_exti.c ****   * @retval HAL Status.
 393:Drivers/STM32F4xx_HAL_Driver/Src/stm32f4xx_hal_exti.c ****   */
 394:Drivers/STM32F4xx_HAL_Driver/Src/stm32f4xx_hal_exti.c **** HAL_StatusTypeDef HAL_EXTI_GetHandle(EXTI_HandleTypeDef *hexti, uint32_t ExtiLine)
 395:Drivers/STM32F4xx_HAL_Driver/Src/stm32f4xx_hal_exti.c **** {
 667              		.loc 1 395 1 is_stmt 1 view -0
 668              		.cfi_startproc
 669              		@ args = 0, pretend = 0, frame = 0
 670              		@ frame_needed = 0, uses_anonymous_args = 0
 671              		@ link register save eliminated.
 396:Drivers/STM32F4xx_HAL_Driver/Src/stm32f4xx_hal_exti.c ****   /* Check the parameters */
 397:Drivers/STM32F4xx_HAL_Driver/Src/stm32f4xx_hal_exti.c ****   assert_param(IS_EXTI_LINE(ExtiLine));
 672              		.loc 1 397 3 view .LVU214
 398:Drivers/STM32F4xx_HAL_Driver/Src/stm32f4xx_hal_exti.c **** 
 399:Drivers/STM32F4xx_HAL_Driver/Src/stm32f4xx_hal_exti.c ****   /* Check null pointer */
 400:Drivers/STM32F4xx_HAL_Driver/Src/stm32f4xx_hal_exti.c ****   if (hexti == NULL)
 673              		.loc 1 400 3 view .LVU215
 674              		.loc 1 400 6 is_stmt 0 view .LVU216
 675 0000 10B1     		cbz	r0, .L55
 401:Drivers/STM32F4xx_HAL_Driver/Src/stm32f4xx_hal_exti.c ****   {
 402:Drivers/STM32F4xx_HAL_Driver/Src/stm32f4xx_hal_exti.c ****     return HAL_ERROR;
 403:Drivers/STM32F4xx_HAL_Driver/Src/stm32f4xx_hal_exti.c ****   }
 404:Drivers/STM32F4xx_HAL_Driver/Src/stm32f4xx_hal_exti.c ****   else
 405:Drivers/STM32F4xx_HAL_Driver/Src/stm32f4xx_hal_exti.c ****   {
 406:Drivers/STM32F4xx_HAL_Driver/Src/stm32f4xx_hal_exti.c ****     /* Store line number as handle private field */
 407:Drivers/STM32F4xx_HAL_Driver/Src/stm32f4xx_hal_exti.c ****     hexti->Line = ExtiLine;
 676              		.loc 1 407 5 is_stmt 1 view .LVU217
 677              		.loc 1 407 17 is_stmt 0 view .LVU218
 678 0002 0160     		str	r1, [r0]
 408:Drivers/STM32F4xx_HAL_Driver/Src/stm32f4xx_hal_exti.c **** 
 409:Drivers/STM32F4xx_HAL_Driver/Src/stm32f4xx_hal_exti.c ****     return HAL_OK;
ARM GAS  /tmp/ccEczpAA.s 			page 21


 679              		.loc 1 409 5 is_stmt 1 view .LVU219
 680              		.loc 1 409 12 is_stmt 0 view .LVU220
 681 0004 0020     		movs	r0, #0
 682              	.LVL54:
 683              		.loc 1 409 12 view .LVU221
 684 0006 7047     		bx	lr
 685              	.LVL55:
 686              	.L55:
 402:Drivers/STM32F4xx_HAL_Driver/Src/stm32f4xx_hal_exti.c ****   }
 687              		.loc 1 402 12 view .LVU222
 688 0008 0120     		movs	r0, #1
 689              	.LVL56:
 410:Drivers/STM32F4xx_HAL_Driver/Src/stm32f4xx_hal_exti.c ****   }
 411:Drivers/STM32F4xx_HAL_Driver/Src/stm32f4xx_hal_exti.c **** }
 690              		.loc 1 411 1 view .LVU223
 691 000a 7047     		bx	lr
 692              		.cfi_endproc
 693              	.LFE239:
 695              		.section	.text.HAL_EXTI_IRQHandler,"ax",%progbits
 696              		.align	1
 697              		.global	HAL_EXTI_IRQHandler
 698              		.syntax unified
 699              		.thumb
 700              		.thumb_func
 701              		.fpu fpv4-sp-d16
 703              	HAL_EXTI_IRQHandler:
 704              	.LVL57:
 705              	.LFB240:
 412:Drivers/STM32F4xx_HAL_Driver/Src/stm32f4xx_hal_exti.c **** 
 413:Drivers/STM32F4xx_HAL_Driver/Src/stm32f4xx_hal_exti.c **** /**
 414:Drivers/STM32F4xx_HAL_Driver/Src/stm32f4xx_hal_exti.c ****   * @}
 415:Drivers/STM32F4xx_HAL_Driver/Src/stm32f4xx_hal_exti.c ****   */
 416:Drivers/STM32F4xx_HAL_Driver/Src/stm32f4xx_hal_exti.c **** 
 417:Drivers/STM32F4xx_HAL_Driver/Src/stm32f4xx_hal_exti.c **** /** @addtogroup EXTI_Exported_Functions_Group2
 418:Drivers/STM32F4xx_HAL_Driver/Src/stm32f4xx_hal_exti.c ****   *  @brief EXTI IO functions.
 419:Drivers/STM32F4xx_HAL_Driver/Src/stm32f4xx_hal_exti.c ****   *
 420:Drivers/STM32F4xx_HAL_Driver/Src/stm32f4xx_hal_exti.c **** @verbatim
 421:Drivers/STM32F4xx_HAL_Driver/Src/stm32f4xx_hal_exti.c ****  ===============================================================================
 422:Drivers/STM32F4xx_HAL_Driver/Src/stm32f4xx_hal_exti.c ****                        ##### IO operation functions #####
 423:Drivers/STM32F4xx_HAL_Driver/Src/stm32f4xx_hal_exti.c ****  ===============================================================================
 424:Drivers/STM32F4xx_HAL_Driver/Src/stm32f4xx_hal_exti.c **** 
 425:Drivers/STM32F4xx_HAL_Driver/Src/stm32f4xx_hal_exti.c **** @endverbatim
 426:Drivers/STM32F4xx_HAL_Driver/Src/stm32f4xx_hal_exti.c ****   * @{
 427:Drivers/STM32F4xx_HAL_Driver/Src/stm32f4xx_hal_exti.c ****   */
 428:Drivers/STM32F4xx_HAL_Driver/Src/stm32f4xx_hal_exti.c **** 
 429:Drivers/STM32F4xx_HAL_Driver/Src/stm32f4xx_hal_exti.c **** /**
 430:Drivers/STM32F4xx_HAL_Driver/Src/stm32f4xx_hal_exti.c ****   * @brief  Handle EXTI interrupt request.
 431:Drivers/STM32F4xx_HAL_Driver/Src/stm32f4xx_hal_exti.c ****   * @param  hexti Exti handle.
 432:Drivers/STM32F4xx_HAL_Driver/Src/stm32f4xx_hal_exti.c ****   * @retval none.
 433:Drivers/STM32F4xx_HAL_Driver/Src/stm32f4xx_hal_exti.c ****   */
 434:Drivers/STM32F4xx_HAL_Driver/Src/stm32f4xx_hal_exti.c **** void HAL_EXTI_IRQHandler(EXTI_HandleTypeDef *hexti)
 435:Drivers/STM32F4xx_HAL_Driver/Src/stm32f4xx_hal_exti.c **** {
 706              		.loc 1 435 1 is_stmt 1 view -0
 707              		.cfi_startproc
 708              		@ args = 0, pretend = 0, frame = 0
 709              		@ frame_needed = 0, uses_anonymous_args = 0
 710              		.loc 1 435 1 is_stmt 0 view .LVU225
ARM GAS  /tmp/ccEczpAA.s 			page 22


 711 0000 08B5     		push	{r3, lr}
 712              	.LCFI12:
 713              		.cfi_def_cfa_offset 8
 714              		.cfi_offset 3, -8
 715              		.cfi_offset 14, -4
 436:Drivers/STM32F4xx_HAL_Driver/Src/stm32f4xx_hal_exti.c ****   uint32_t regval;
 716              		.loc 1 436 3 is_stmt 1 view .LVU226
 437:Drivers/STM32F4xx_HAL_Driver/Src/stm32f4xx_hal_exti.c ****   uint32_t maskline;
 717              		.loc 1 437 3 view .LVU227
 438:Drivers/STM32F4xx_HAL_Driver/Src/stm32f4xx_hal_exti.c **** 
 439:Drivers/STM32F4xx_HAL_Driver/Src/stm32f4xx_hal_exti.c ****   /* Compute line mask */
 440:Drivers/STM32F4xx_HAL_Driver/Src/stm32f4xx_hal_exti.c ****   maskline = (1uL << (hexti->Line & EXTI_PIN_MASK));
 718              		.loc 1 440 3 view .LVU228
 719              		.loc 1 440 28 is_stmt 0 view .LVU229
 720 0002 0368     		ldr	r3, [r0]
 721              		.loc 1 440 35 view .LVU230
 722 0004 03F01F02 		and	r2, r3, #31
 723              		.loc 1 440 12 view .LVU231
 724 0008 0123     		movs	r3, #1
 725 000a 9340     		lsls	r3, r3, r2
 726              	.LVL58:
 441:Drivers/STM32F4xx_HAL_Driver/Src/stm32f4xx_hal_exti.c **** 
 442:Drivers/STM32F4xx_HAL_Driver/Src/stm32f4xx_hal_exti.c ****   /* Get pending bit  */
 443:Drivers/STM32F4xx_HAL_Driver/Src/stm32f4xx_hal_exti.c ****   regval = (EXTI->PR & maskline);
 727              		.loc 1 443 3 is_stmt 1 view .LVU232
 728              		.loc 1 443 17 is_stmt 0 view .LVU233
 729 000c 044A     		ldr	r2, .L59
 730 000e 5269     		ldr	r2, [r2, #20]
 731              	.LVL59:
 444:Drivers/STM32F4xx_HAL_Driver/Src/stm32f4xx_hal_exti.c ****   if (regval != 0x00u)
 732              		.loc 1 444 3 is_stmt 1 view .LVU234
 733              		.loc 1 444 6 is_stmt 0 view .LVU235
 734 0010 1A42     		tst	r2, r3
 735 0012 04D0     		beq	.L56
 445:Drivers/STM32F4xx_HAL_Driver/Src/stm32f4xx_hal_exti.c ****   {
 446:Drivers/STM32F4xx_HAL_Driver/Src/stm32f4xx_hal_exti.c ****     /* Clear pending bit */
 447:Drivers/STM32F4xx_HAL_Driver/Src/stm32f4xx_hal_exti.c ****     EXTI->PR = maskline;
 736              		.loc 1 447 5 is_stmt 1 view .LVU236
 737              		.loc 1 447 14 is_stmt 0 view .LVU237
 738 0014 024A     		ldr	r2, .L59
 739              	.LVL60:
 740              		.loc 1 447 14 view .LVU238
 741 0016 5361     		str	r3, [r2, #20]
 448:Drivers/STM32F4xx_HAL_Driver/Src/stm32f4xx_hal_exti.c **** 
 449:Drivers/STM32F4xx_HAL_Driver/Src/stm32f4xx_hal_exti.c ****     /* Call callback */
 450:Drivers/STM32F4xx_HAL_Driver/Src/stm32f4xx_hal_exti.c ****     if (hexti->PendingCallback != NULL)
 742              		.loc 1 450 5 is_stmt 1 view .LVU239
 743              		.loc 1 450 14 is_stmt 0 view .LVU240
 744 0018 4368     		ldr	r3, [r0, #4]
 745              	.LVL61:
 746              		.loc 1 450 8 view .LVU241
 747 001a 03B1     		cbz	r3, .L56
 451:Drivers/STM32F4xx_HAL_Driver/Src/stm32f4xx_hal_exti.c ****     {
 452:Drivers/STM32F4xx_HAL_Driver/Src/stm32f4xx_hal_exti.c ****       hexti->PendingCallback();
 748              		.loc 1 452 7 is_stmt 1 view .LVU242
 749 001c 9847     		blx	r3
 750              	.LVL62:
ARM GAS  /tmp/ccEczpAA.s 			page 23


 751              	.L56:
 453:Drivers/STM32F4xx_HAL_Driver/Src/stm32f4xx_hal_exti.c ****     }
 454:Drivers/STM32F4xx_HAL_Driver/Src/stm32f4xx_hal_exti.c ****   }
 455:Drivers/STM32F4xx_HAL_Driver/Src/stm32f4xx_hal_exti.c **** }
 752              		.loc 1 455 1 is_stmt 0 view .LVU243
 753 001e 08BD     		pop	{r3, pc}
 754              	.L60:
 755              		.align	2
 756              	.L59:
 757 0020 003C0140 		.word	1073822720
 758              		.cfi_endproc
 759              	.LFE240:
 761              		.section	.text.HAL_EXTI_GetPending,"ax",%progbits
 762              		.align	1
 763              		.global	HAL_EXTI_GetPending
 764              		.syntax unified
 765              		.thumb
 766              		.thumb_func
 767              		.fpu fpv4-sp-d16
 769              	HAL_EXTI_GetPending:
 770              	.LVL63:
 771              	.LFB241:
 456:Drivers/STM32F4xx_HAL_Driver/Src/stm32f4xx_hal_exti.c **** 
 457:Drivers/STM32F4xx_HAL_Driver/Src/stm32f4xx_hal_exti.c **** /**
 458:Drivers/STM32F4xx_HAL_Driver/Src/stm32f4xx_hal_exti.c ****   * @brief  Get interrupt pending bit of a dedicated line.
 459:Drivers/STM32F4xx_HAL_Driver/Src/stm32f4xx_hal_exti.c ****   * @param  hexti Exti handle.
 460:Drivers/STM32F4xx_HAL_Driver/Src/stm32f4xx_hal_exti.c ****   * @param  Edge Specify which pending edge as to be checked.
 461:Drivers/STM32F4xx_HAL_Driver/Src/stm32f4xx_hal_exti.c ****   *         This parameter can be one of the following values:
 462:Drivers/STM32F4xx_HAL_Driver/Src/stm32f4xx_hal_exti.c ****   *           @arg @ref EXTI_TRIGGER_RISING_FALLING
 463:Drivers/STM32F4xx_HAL_Driver/Src/stm32f4xx_hal_exti.c ****   *         This parameter is kept for compatibility with other series.
 464:Drivers/STM32F4xx_HAL_Driver/Src/stm32f4xx_hal_exti.c ****   * @retval 1 if interrupt is pending else 0.
 465:Drivers/STM32F4xx_HAL_Driver/Src/stm32f4xx_hal_exti.c ****   */
 466:Drivers/STM32F4xx_HAL_Driver/Src/stm32f4xx_hal_exti.c **** uint32_t HAL_EXTI_GetPending(EXTI_HandleTypeDef *hexti, uint32_t Edge)
 467:Drivers/STM32F4xx_HAL_Driver/Src/stm32f4xx_hal_exti.c **** {
 772              		.loc 1 467 1 is_stmt 1 view -0
 773              		.cfi_startproc
 774              		@ args = 0, pretend = 0, frame = 0
 775              		@ frame_needed = 0, uses_anonymous_args = 0
 776              		@ link register save eliminated.
 468:Drivers/STM32F4xx_HAL_Driver/Src/stm32f4xx_hal_exti.c ****   uint32_t regval;
 777              		.loc 1 468 3 view .LVU245
 469:Drivers/STM32F4xx_HAL_Driver/Src/stm32f4xx_hal_exti.c ****   uint32_t linepos;
 778              		.loc 1 469 3 view .LVU246
 470:Drivers/STM32F4xx_HAL_Driver/Src/stm32f4xx_hal_exti.c ****   uint32_t maskline;
 779              		.loc 1 470 3 view .LVU247
 471:Drivers/STM32F4xx_HAL_Driver/Src/stm32f4xx_hal_exti.c **** 
 472:Drivers/STM32F4xx_HAL_Driver/Src/stm32f4xx_hal_exti.c ****   /* Check parameters */
 473:Drivers/STM32F4xx_HAL_Driver/Src/stm32f4xx_hal_exti.c ****   assert_param(IS_EXTI_LINE(hexti->Line));
 780              		.loc 1 473 3 view .LVU248
 474:Drivers/STM32F4xx_HAL_Driver/Src/stm32f4xx_hal_exti.c ****   assert_param(IS_EXTI_CONFIG_LINE(hexti->Line));
 781              		.loc 1 474 3 view .LVU249
 475:Drivers/STM32F4xx_HAL_Driver/Src/stm32f4xx_hal_exti.c ****   assert_param(IS_EXTI_PENDING_EDGE(Edge));
 782              		.loc 1 475 3 view .LVU250
 476:Drivers/STM32F4xx_HAL_Driver/Src/stm32f4xx_hal_exti.c **** 
 477:Drivers/STM32F4xx_HAL_Driver/Src/stm32f4xx_hal_exti.c ****   /* Compute line mask */
 478:Drivers/STM32F4xx_HAL_Driver/Src/stm32f4xx_hal_exti.c ****   linepos = (hexti->Line & EXTI_PIN_MASK);
 783              		.loc 1 478 3 view .LVU251
ARM GAS  /tmp/ccEczpAA.s 			page 24


 784              		.loc 1 478 19 is_stmt 0 view .LVU252
 785 0000 0368     		ldr	r3, [r0]
 786              		.loc 1 478 11 view .LVU253
 787 0002 03F01F03 		and	r3, r3, #31
 788              	.LVL64:
 479:Drivers/STM32F4xx_HAL_Driver/Src/stm32f4xx_hal_exti.c ****   maskline = (1uL << linepos);
 789              		.loc 1 479 3 is_stmt 1 view .LVU254
 790              		.loc 1 479 12 is_stmt 0 view .LVU255
 791 0006 0120     		movs	r0, #1
 792              	.LVL65:
 793              		.loc 1 479 12 view .LVU256
 794 0008 00FA03F2 		lsl	r2, r0, r3
 795              	.LVL66:
 480:Drivers/STM32F4xx_HAL_Driver/Src/stm32f4xx_hal_exti.c **** 
 481:Drivers/STM32F4xx_HAL_Driver/Src/stm32f4xx_hal_exti.c ****   /* return 1 if bit is set else 0 */
 482:Drivers/STM32F4xx_HAL_Driver/Src/stm32f4xx_hal_exti.c ****   regval = ((EXTI->PR & maskline) >> linepos);
 796              		.loc 1 482 3 is_stmt 1 view .LVU257
 797              		.loc 1 482 18 is_stmt 0 view .LVU258
 798 000c 0249     		ldr	r1, .L62
 799              	.LVL67:
 800              		.loc 1 482 18 view .LVU259
 801 000e 4869     		ldr	r0, [r1, #20]
 802              		.loc 1 482 23 view .LVU260
 803 0010 1040     		ands	r0, r0, r2
 804              	.LVL68:
 483:Drivers/STM32F4xx_HAL_Driver/Src/stm32f4xx_hal_exti.c ****   return regval;
 805              		.loc 1 483 3 is_stmt 1 view .LVU261
 484:Drivers/STM32F4xx_HAL_Driver/Src/stm32f4xx_hal_exti.c **** }
 806              		.loc 1 484 1 is_stmt 0 view .LVU262
 807 0012 D840     		lsrs	r0, r0, r3
 808              	.LVL69:
 809              		.loc 1 484 1 view .LVU263
 810 0014 7047     		bx	lr
 811              	.L63:
 812 0016 00BF     		.align	2
 813              	.L62:
 814 0018 003C0140 		.word	1073822720
 815              		.cfi_endproc
 816              	.LFE241:
 818              		.section	.text.HAL_EXTI_ClearPending,"ax",%progbits
 819              		.align	1
 820              		.global	HAL_EXTI_ClearPending
 821              		.syntax unified
 822              		.thumb
 823              		.thumb_func
 824              		.fpu fpv4-sp-d16
 826              	HAL_EXTI_ClearPending:
 827              	.LVL70:
 828              	.LFB242:
 485:Drivers/STM32F4xx_HAL_Driver/Src/stm32f4xx_hal_exti.c **** 
 486:Drivers/STM32F4xx_HAL_Driver/Src/stm32f4xx_hal_exti.c **** /**
 487:Drivers/STM32F4xx_HAL_Driver/Src/stm32f4xx_hal_exti.c ****   * @brief  Clear interrupt pending bit of a dedicated line.
 488:Drivers/STM32F4xx_HAL_Driver/Src/stm32f4xx_hal_exti.c ****   * @param  hexti Exti handle.
 489:Drivers/STM32F4xx_HAL_Driver/Src/stm32f4xx_hal_exti.c ****   * @param  Edge Specify which pending edge as to be clear.
 490:Drivers/STM32F4xx_HAL_Driver/Src/stm32f4xx_hal_exti.c ****   *         This parameter can be one of the following values:
 491:Drivers/STM32F4xx_HAL_Driver/Src/stm32f4xx_hal_exti.c ****   *           @arg @ref EXTI_TRIGGER_RISING_FALLING
 492:Drivers/STM32F4xx_HAL_Driver/Src/stm32f4xx_hal_exti.c ****   *         This parameter is kept for compatibility with other series.
ARM GAS  /tmp/ccEczpAA.s 			page 25


 493:Drivers/STM32F4xx_HAL_Driver/Src/stm32f4xx_hal_exti.c ****   * @retval None.
 494:Drivers/STM32F4xx_HAL_Driver/Src/stm32f4xx_hal_exti.c ****   */
 495:Drivers/STM32F4xx_HAL_Driver/Src/stm32f4xx_hal_exti.c **** void HAL_EXTI_ClearPending(EXTI_HandleTypeDef *hexti, uint32_t Edge)
 496:Drivers/STM32F4xx_HAL_Driver/Src/stm32f4xx_hal_exti.c **** {
 829              		.loc 1 496 1 is_stmt 1 view -0
 830              		.cfi_startproc
 831              		@ args = 0, pretend = 0, frame = 0
 832              		@ frame_needed = 0, uses_anonymous_args = 0
 833              		@ link register save eliminated.
 497:Drivers/STM32F4xx_HAL_Driver/Src/stm32f4xx_hal_exti.c ****   uint32_t maskline;
 834              		.loc 1 497 3 view .LVU265
 498:Drivers/STM32F4xx_HAL_Driver/Src/stm32f4xx_hal_exti.c **** 
 499:Drivers/STM32F4xx_HAL_Driver/Src/stm32f4xx_hal_exti.c ****   /* Check parameters */
 500:Drivers/STM32F4xx_HAL_Driver/Src/stm32f4xx_hal_exti.c ****   assert_param(IS_EXTI_LINE(hexti->Line));
 835              		.loc 1 500 3 view .LVU266
 501:Drivers/STM32F4xx_HAL_Driver/Src/stm32f4xx_hal_exti.c ****   assert_param(IS_EXTI_CONFIG_LINE(hexti->Line));
 836              		.loc 1 501 3 view .LVU267
 502:Drivers/STM32F4xx_HAL_Driver/Src/stm32f4xx_hal_exti.c ****   assert_param(IS_EXTI_PENDING_EDGE(Edge));
 837              		.loc 1 502 3 view .LVU268
 503:Drivers/STM32F4xx_HAL_Driver/Src/stm32f4xx_hal_exti.c **** 
 504:Drivers/STM32F4xx_HAL_Driver/Src/stm32f4xx_hal_exti.c ****   /* Compute line mask */
 505:Drivers/STM32F4xx_HAL_Driver/Src/stm32f4xx_hal_exti.c ****   maskline = (1uL << (hexti->Line & EXTI_PIN_MASK));
 838              		.loc 1 505 3 view .LVU269
 839              		.loc 1 505 28 is_stmt 0 view .LVU270
 840 0000 0268     		ldr	r2, [r0]
 841              		.loc 1 505 35 view .LVU271
 842 0002 02F01F02 		and	r2, r2, #31
 843              		.loc 1 505 12 view .LVU272
 844 0006 0123     		movs	r3, #1
 845 0008 9340     		lsls	r3, r3, r2
 846              	.LVL71:
 506:Drivers/STM32F4xx_HAL_Driver/Src/stm32f4xx_hal_exti.c **** 
 507:Drivers/STM32F4xx_HAL_Driver/Src/stm32f4xx_hal_exti.c ****   /* Clear Pending bit */
 508:Drivers/STM32F4xx_HAL_Driver/Src/stm32f4xx_hal_exti.c ****   EXTI->PR =  maskline;
 847              		.loc 1 508 3 is_stmt 1 view .LVU273
 848              		.loc 1 508 12 is_stmt 0 view .LVU274
 849 000a 014A     		ldr	r2, .L65
 850 000c 5361     		str	r3, [r2, #20]
 509:Drivers/STM32F4xx_HAL_Driver/Src/stm32f4xx_hal_exti.c **** }
 851              		.loc 1 509 1 view .LVU275
 852 000e 7047     		bx	lr
 853              	.L66:
 854              		.align	2
 855              	.L65:
 856 0010 003C0140 		.word	1073822720
 857              		.cfi_endproc
 858              	.LFE242:
 860              		.section	.text.HAL_EXTI_GenerateSWI,"ax",%progbits
 861              		.align	1
 862              		.global	HAL_EXTI_GenerateSWI
 863              		.syntax unified
 864              		.thumb
 865              		.thumb_func
 866              		.fpu fpv4-sp-d16
 868              	HAL_EXTI_GenerateSWI:
 869              	.LVL72:
 870              	.LFB243:
ARM GAS  /tmp/ccEczpAA.s 			page 26


 510:Drivers/STM32F4xx_HAL_Driver/Src/stm32f4xx_hal_exti.c **** 
 511:Drivers/STM32F4xx_HAL_Driver/Src/stm32f4xx_hal_exti.c **** /**
 512:Drivers/STM32F4xx_HAL_Driver/Src/stm32f4xx_hal_exti.c ****   * @brief  Generate a software interrupt for a dedicated line.
 513:Drivers/STM32F4xx_HAL_Driver/Src/stm32f4xx_hal_exti.c ****   * @param  hexti Exti handle.
 514:Drivers/STM32F4xx_HAL_Driver/Src/stm32f4xx_hal_exti.c ****   * @retval None.
 515:Drivers/STM32F4xx_HAL_Driver/Src/stm32f4xx_hal_exti.c ****   */
 516:Drivers/STM32F4xx_HAL_Driver/Src/stm32f4xx_hal_exti.c **** void HAL_EXTI_GenerateSWI(EXTI_HandleTypeDef *hexti)
 517:Drivers/STM32F4xx_HAL_Driver/Src/stm32f4xx_hal_exti.c **** {
 871              		.loc 1 517 1 is_stmt 1 view -0
 872              		.cfi_startproc
 873              		@ args = 0, pretend = 0, frame = 0
 874              		@ frame_needed = 0, uses_anonymous_args = 0
 875              		@ link register save eliminated.
 518:Drivers/STM32F4xx_HAL_Driver/Src/stm32f4xx_hal_exti.c ****   uint32_t maskline;
 876              		.loc 1 518 3 view .LVU277
 519:Drivers/STM32F4xx_HAL_Driver/Src/stm32f4xx_hal_exti.c **** 
 520:Drivers/STM32F4xx_HAL_Driver/Src/stm32f4xx_hal_exti.c ****   /* Check parameters */
 521:Drivers/STM32F4xx_HAL_Driver/Src/stm32f4xx_hal_exti.c ****   assert_param(IS_EXTI_LINE(hexti->Line));
 877              		.loc 1 521 3 view .LVU278
 522:Drivers/STM32F4xx_HAL_Driver/Src/stm32f4xx_hal_exti.c ****   assert_param(IS_EXTI_CONFIG_LINE(hexti->Line));
 878              		.loc 1 522 3 view .LVU279
 523:Drivers/STM32F4xx_HAL_Driver/Src/stm32f4xx_hal_exti.c **** 
 524:Drivers/STM32F4xx_HAL_Driver/Src/stm32f4xx_hal_exti.c ****   /* Compute line mask */
 525:Drivers/STM32F4xx_HAL_Driver/Src/stm32f4xx_hal_exti.c ****   maskline = (1uL << (hexti->Line & EXTI_PIN_MASK));
 879              		.loc 1 525 3 view .LVU280
 880              		.loc 1 525 28 is_stmt 0 view .LVU281
 881 0000 0268     		ldr	r2, [r0]
 882              		.loc 1 525 35 view .LVU282
 883 0002 02F01F02 		and	r2, r2, #31
 884              		.loc 1 525 12 view .LVU283
 885 0006 0123     		movs	r3, #1
 886 0008 9340     		lsls	r3, r3, r2
 887              	.LVL73:
 526:Drivers/STM32F4xx_HAL_Driver/Src/stm32f4xx_hal_exti.c **** 
 527:Drivers/STM32F4xx_HAL_Driver/Src/stm32f4xx_hal_exti.c ****   /* Generate Software interrupt */
 528:Drivers/STM32F4xx_HAL_Driver/Src/stm32f4xx_hal_exti.c ****   EXTI->SWIER = maskline;
 888              		.loc 1 528 3 is_stmt 1 view .LVU284
 889              		.loc 1 528 15 is_stmt 0 view .LVU285
 890 000a 014A     		ldr	r2, .L68
 891 000c 1361     		str	r3, [r2, #16]
 529:Drivers/STM32F4xx_HAL_Driver/Src/stm32f4xx_hal_exti.c **** }
 892              		.loc 1 529 1 view .LVU286
 893 000e 7047     		bx	lr
 894              	.L69:
 895              		.align	2
 896              	.L68:
 897 0010 003C0140 		.word	1073822720
 898              		.cfi_endproc
 899              	.LFE243:
 901              		.text
 902              	.Letext0:
 903              		.file 2 "/usr/lib/gcc/arm-none-eabi/9.2.1/include/stdint.h"
 904              		.file 3 "Drivers/CMSIS/Include/core_cm4.h"
 905              		.file 4 "Drivers/CMSIS/Device/ST/STM32F4xx/Include/system_stm32f4xx.h"
 906              		.file 5 "Drivers/CMSIS/Device/ST/STM32F4xx/Include/stm32f407xx.h"
 907              		.file 6 "Drivers/STM32F4xx_HAL_Driver/Inc/stm32f4xx_hal_def.h"
 908              		.file 7 "Drivers/STM32F4xx_HAL_Driver/Inc/stm32f4xx_hal_exti.h"
ARM GAS  /tmp/ccEczpAA.s 			page 27


 909              		.file 8 "Drivers/STM32F4xx_HAL_Driver/Inc/stm32f4xx_hal.h"
ARM GAS  /tmp/ccEczpAA.s 			page 28


DEFINED SYMBOLS
                            *ABS*:0000000000000000 stm32f4xx_hal_exti.c
     /tmp/ccEczpAA.s:18     .text.HAL_EXTI_SetConfigLine:0000000000000000 $t
     /tmp/ccEczpAA.s:26     .text.HAL_EXTI_SetConfigLine:0000000000000000 HAL_EXTI_SetConfigLine
     /tmp/ccEczpAA.s:248    .text.HAL_EXTI_SetConfigLine:00000000000000d0 $d
     /tmp/ccEczpAA.s:254    .text.HAL_EXTI_GetConfigLine:0000000000000000 $t
     /tmp/ccEczpAA.s:261    .text.HAL_EXTI_GetConfigLine:0000000000000000 HAL_EXTI_GetConfigLine
     /tmp/ccEczpAA.s:444    .text.HAL_EXTI_GetConfigLine:00000000000000a0 $d
     /tmp/ccEczpAA.s:450    .text.HAL_EXTI_ClearConfigLine:0000000000000000 $t
     /tmp/ccEczpAA.s:457    .text.HAL_EXTI_ClearConfigLine:0000000000000000 HAL_EXTI_ClearConfigLine
     /tmp/ccEczpAA.s:611    .text.HAL_EXTI_ClearConfigLine:0000000000000078 $d
     /tmp/ccEczpAA.s:617    .text.HAL_EXTI_RegisterCallback:0000000000000000 $t
     /tmp/ccEczpAA.s:624    .text.HAL_EXTI_RegisterCallback:0000000000000000 HAL_EXTI_RegisterCallback
     /tmp/ccEczpAA.s:657    .text.HAL_EXTI_GetHandle:0000000000000000 $t
     /tmp/ccEczpAA.s:664    .text.HAL_EXTI_GetHandle:0000000000000000 HAL_EXTI_GetHandle
     /tmp/ccEczpAA.s:696    .text.HAL_EXTI_IRQHandler:0000000000000000 $t
     /tmp/ccEczpAA.s:703    .text.HAL_EXTI_IRQHandler:0000000000000000 HAL_EXTI_IRQHandler
     /tmp/ccEczpAA.s:757    .text.HAL_EXTI_IRQHandler:0000000000000020 $d
     /tmp/ccEczpAA.s:762    .text.HAL_EXTI_GetPending:0000000000000000 $t
     /tmp/ccEczpAA.s:769    .text.HAL_EXTI_GetPending:0000000000000000 HAL_EXTI_GetPending
     /tmp/ccEczpAA.s:814    .text.HAL_EXTI_GetPending:0000000000000018 $d
     /tmp/ccEczpAA.s:819    .text.HAL_EXTI_ClearPending:0000000000000000 $t
     /tmp/ccEczpAA.s:826    .text.HAL_EXTI_ClearPending:0000000000000000 HAL_EXTI_ClearPending
     /tmp/ccEczpAA.s:856    .text.HAL_EXTI_ClearPending:0000000000000010 $d
     /tmp/ccEczpAA.s:861    .text.HAL_EXTI_GenerateSWI:0000000000000000 $t
     /tmp/ccEczpAA.s:868    .text.HAL_EXTI_GenerateSWI:0000000000000000 HAL_EXTI_GenerateSWI
     /tmp/ccEczpAA.s:897    .text.HAL_EXTI_GenerateSWI:0000000000000010 $d

NO UNDEFINED SYMBOLS
