ARM GAS  /tmp/ccGw8Bxq.s 			page 1


   1              		.cpu cortex-m4
   2              		.eabi_attribute 27, 1
   3              		.eabi_attribute 28, 1
   4              		.eabi_attribute 20, 1
   5              		.eabi_attribute 21, 1
   6              		.eabi_attribute 23, 3
   7              		.eabi_attribute 24, 1
   8              		.eabi_attribute 25, 1
   9              		.eabi_attribute 26, 1
  10              		.eabi_attribute 30, 1
  11              		.eabi_attribute 34, 1
  12              		.eabi_attribute 18, 4
  13              		.file	"usbh_platform.c"
  14              		.text
  15              	.Ltext0:
  16              		.cfi_sections	.debug_frame
  17              		.section	.text.MX_DriverVbusFS,"ax",%progbits
  18              		.align	1
  19              		.global	MX_DriverVbusFS
  20              		.arch armv7e-m
  21              		.syntax unified
  22              		.thumb
  23              		.thumb_func
  24              		.fpu fpv4-sp-d16
  26              	MX_DriverVbusFS:
  27              	.LVL0:
  28              	.LFB235:
  29              		.file 1 "USB_HOST/Target/usbh_platform.c"
   1:USB_HOST/Target/usbh_platform.c **** /* USER CODE BEGIN Header */
   2:USB_HOST/Target/usbh_platform.c **** /**
   3:USB_HOST/Target/usbh_platform.c ****   ******************************************************************************
   4:USB_HOST/Target/usbh_platform.c ****   * @file           : usbh_platform.c
   5:USB_HOST/Target/usbh_platform.c **** 
   6:USB_HOST/Target/usbh_platform.c ****   * @brief          : This file implements the USB platform
   7:USB_HOST/Target/usbh_platform.c ****   ******************************************************************************
   8:USB_HOST/Target/usbh_platform.c ****   * @attention
   9:USB_HOST/Target/usbh_platform.c ****   *
  10:USB_HOST/Target/usbh_platform.c ****   * Copyright (c) 2022 STMicroelectronics.
  11:USB_HOST/Target/usbh_platform.c ****   * All rights reserved.
  12:USB_HOST/Target/usbh_platform.c ****   *
  13:USB_HOST/Target/usbh_platform.c ****   * This software is licensed under terms that can be found in the LICENSE file
  14:USB_HOST/Target/usbh_platform.c ****   * in the root directory of this software component.
  15:USB_HOST/Target/usbh_platform.c ****   * If no LICENSE file comes with this software, it is provided AS-IS.
  16:USB_HOST/Target/usbh_platform.c ****   *
  17:USB_HOST/Target/usbh_platform.c ****   ******************************************************************************
  18:USB_HOST/Target/usbh_platform.c ****   */
  19:USB_HOST/Target/usbh_platform.c **** /* USER CODE END Header */
  20:USB_HOST/Target/usbh_platform.c **** 
  21:USB_HOST/Target/usbh_platform.c **** /* Includes ------------------------------------------------------------------*/
  22:USB_HOST/Target/usbh_platform.c **** #include "usbh_platform.h"
  23:USB_HOST/Target/usbh_platform.c **** 
  24:USB_HOST/Target/usbh_platform.c **** /* USER CODE BEGIN INCLUDE */
  25:USB_HOST/Target/usbh_platform.c **** 
  26:USB_HOST/Target/usbh_platform.c **** /* USER CODE END INCLUDE */
  27:USB_HOST/Target/usbh_platform.c **** 
  28:USB_HOST/Target/usbh_platform.c **** /**
  29:USB_HOST/Target/usbh_platform.c ****   * @brief  Drive VBUS.
ARM GAS  /tmp/ccGw8Bxq.s 			page 2


  30:USB_HOST/Target/usbh_platform.c ****   * @param  state : VBUS state
  31:USB_HOST/Target/usbh_platform.c ****   *          This parameter can be one of the these values:
  32:USB_HOST/Target/usbh_platform.c ****   *           - 1 : VBUS Active
  33:USB_HOST/Target/usbh_platform.c ****   *           - 0 : VBUS Inactive
  34:USB_HOST/Target/usbh_platform.c ****   */
  35:USB_HOST/Target/usbh_platform.c **** void MX_DriverVbusFS(uint8_t state)
  36:USB_HOST/Target/usbh_platform.c **** {
  30              		.loc 1 36 1 view -0
  31              		.cfi_startproc
  32              		@ args = 0, pretend = 0, frame = 0
  33              		@ frame_needed = 0, uses_anonymous_args = 0
  34              		.loc 1 36 1 is_stmt 0 view .LVU1
  35 0000 08B5     		push	{r3, lr}
  36              	.LCFI0:
  37              		.cfi_def_cfa_offset 8
  38              		.cfi_offset 3, -8
  39              		.cfi_offset 14, -4
  37:USB_HOST/Target/usbh_platform.c ****   uint8_t data = state;
  40              		.loc 1 37 3 is_stmt 1 view .LVU2
  41              	.LVL1:
  38:USB_HOST/Target/usbh_platform.c ****   /* USER CODE BEGIN PREPARE_GPIO_DATA_VBUS_FS */
  39:USB_HOST/Target/usbh_platform.c ****   if(state == 0)
  42              		.loc 1 39 3 view .LVU3
  43              		.loc 1 39 5 is_stmt 0 view .LVU4
  44 0002 0246     		mov	r2, r0
  45 0004 00B1     		cbz	r0, .L2
  40:USB_HOST/Target/usbh_platform.c ****   {
  41:USB_HOST/Target/usbh_platform.c ****     /* Drive high Charge pump */
  42:USB_HOST/Target/usbh_platform.c ****     data = GPIO_PIN_RESET;
  43:USB_HOST/Target/usbh_platform.c ****   }
  44:USB_HOST/Target/usbh_platform.c ****   else
  45:USB_HOST/Target/usbh_platform.c ****   {
  46:USB_HOST/Target/usbh_platform.c ****     /* Drive low Charge pump */
  47:USB_HOST/Target/usbh_platform.c ****     data = GPIO_PIN_SET;
  46              		.loc 1 47 10 view .LVU5
  47 0006 0122     		movs	r2, #1
  48              	.L2:
  49              	.LVL2:
  48:USB_HOST/Target/usbh_platform.c ****   }
  49:USB_HOST/Target/usbh_platform.c ****   /* USER CODE END PREPARE_GPIO_DATA_VBUS_FS */
  50:USB_HOST/Target/usbh_platform.c ****   HAL_GPIO_WritePin(GPIOC,GPIO_PIN_0,(GPIO_PinState)data);
  50              		.loc 1 50 3 is_stmt 1 view .LVU6
  51 0008 0121     		movs	r1, #1
  52 000a 0248     		ldr	r0, .L5
  53              	.LVL3:
  54              		.loc 1 50 3 is_stmt 0 view .LVU7
  55 000c FFF7FEFF 		bl	HAL_GPIO_WritePin
  56              	.LVL4:
  51:USB_HOST/Target/usbh_platform.c **** }
  57              		.loc 1 51 1 view .LVU8
  58 0010 08BD     		pop	{r3, pc}
  59              	.L6:
  60 0012 00BF     		.align	2
  61              	.L5:
  62 0014 00080240 		.word	1073874944
  63              		.cfi_endproc
  64              	.LFE235:
ARM GAS  /tmp/ccGw8Bxq.s 			page 3


  66              		.text
  67              	.Letext0:
  68              		.file 2 "/usr/lib/gcc/arm-none-eabi/9.2.1/include/stdint.h"
  69              		.file 3 "Drivers/CMSIS/Include/core_cm4.h"
  70              		.file 4 "Drivers/CMSIS/Device/ST/STM32F4xx/Include/system_stm32f4xx.h"
  71              		.file 5 "Drivers/CMSIS/Device/ST/STM32F4xx/Include/stm32f407xx.h"
  72              		.file 6 "Drivers/STM32F4xx_HAL_Driver/Inc/stm32f4xx_hal_gpio.h"
  73              		.file 7 "Drivers/STM32F4xx_HAL_Driver/Inc/stm32f4xx_hal.h"
ARM GAS  /tmp/ccGw8Bxq.s 			page 4


DEFINED SYMBOLS
                            *ABS*:0000000000000000 usbh_platform.c
     /tmp/ccGw8Bxq.s:18     .text.MX_DriverVbusFS:0000000000000000 $t
     /tmp/ccGw8Bxq.s:26     .text.MX_DriverVbusFS:0000000000000000 MX_DriverVbusFS
     /tmp/ccGw8Bxq.s:62     .text.MX_DriverVbusFS:0000000000000014 $d

UNDEFINED SYMBOLS
HAL_GPIO_WritePin
