ARM GAS  /tmp/ccwRFC9F.s 			page 1


   1              		.cpu cortex-m4
   2              		.eabi_attribute 27, 1
   3              		.eabi_attribute 28, 1
   4              		.eabi_attribute 20, 1
   5              		.eabi_attribute 21, 1
   6              		.eabi_attribute 23, 3
   7              		.eabi_attribute 24, 1
   8              		.eabi_attribute 25, 1
   9              		.eabi_attribute 26, 1
  10              		.eabi_attribute 30, 1
  11              		.eabi_attribute 34, 1
  12              		.eabi_attribute 18, 4
  13              		.file	"usbh_ioreq.c"
  14              		.text
  15              	.Ltext0:
  16              		.cfi_sections	.debug_frame
  17              		.section	.text.USBH_CtlSendSetup,"ax",%progbits
  18              		.align	1
  19              		.global	USBH_CtlSendSetup
  20              		.arch armv7e-m
  21              		.syntax unified
  22              		.thumb
  23              		.thumb_func
  24              		.fpu fpv4-sp-d16
  26              	USBH_CtlSendSetup:
  27              	.LVL0:
  28              	.LFB242:
  29              		.file 1 "Middlewares/ST/STM32_USB_Host_Library/Core/Src/usbh_ioreq.c"
   1:Middlewares/ST/STM32_USB_Host_Library/Core/Src/usbh_ioreq.c **** /**
   2:Middlewares/ST/STM32_USB_Host_Library/Core/Src/usbh_ioreq.c ****   ******************************************************************************
   3:Middlewares/ST/STM32_USB_Host_Library/Core/Src/usbh_ioreq.c ****   * @file    usbh_ioreq.c
   4:Middlewares/ST/STM32_USB_Host_Library/Core/Src/usbh_ioreq.c ****   * @author  MCD Application Team
   5:Middlewares/ST/STM32_USB_Host_Library/Core/Src/usbh_ioreq.c ****   * @brief   This file handles the issuing of the USB transactions
   6:Middlewares/ST/STM32_USB_Host_Library/Core/Src/usbh_ioreq.c ****   ******************************************************************************
   7:Middlewares/ST/STM32_USB_Host_Library/Core/Src/usbh_ioreq.c ****   * @attention
   8:Middlewares/ST/STM32_USB_Host_Library/Core/Src/usbh_ioreq.c ****   *
   9:Middlewares/ST/STM32_USB_Host_Library/Core/Src/usbh_ioreq.c ****   * <h2><center>&copy; Copyright (c) 2015 STMicroelectronics.
  10:Middlewares/ST/STM32_USB_Host_Library/Core/Src/usbh_ioreq.c ****   * All rights reserved.</center></h2>
  11:Middlewares/ST/STM32_USB_Host_Library/Core/Src/usbh_ioreq.c ****   *
  12:Middlewares/ST/STM32_USB_Host_Library/Core/Src/usbh_ioreq.c ****   * This software component is licensed by ST under Ultimate Liberty license
  13:Middlewares/ST/STM32_USB_Host_Library/Core/Src/usbh_ioreq.c ****   * SLA0044, the "License"; You may not use this file except in compliance with
  14:Middlewares/ST/STM32_USB_Host_Library/Core/Src/usbh_ioreq.c ****   * the License. You may obtain a copy of the License at:
  15:Middlewares/ST/STM32_USB_Host_Library/Core/Src/usbh_ioreq.c ****   *                      www.st.com/SLA0044
  16:Middlewares/ST/STM32_USB_Host_Library/Core/Src/usbh_ioreq.c ****   *
  17:Middlewares/ST/STM32_USB_Host_Library/Core/Src/usbh_ioreq.c ****   ******************************************************************************
  18:Middlewares/ST/STM32_USB_Host_Library/Core/Src/usbh_ioreq.c ****   */
  19:Middlewares/ST/STM32_USB_Host_Library/Core/Src/usbh_ioreq.c **** 
  20:Middlewares/ST/STM32_USB_Host_Library/Core/Src/usbh_ioreq.c **** /* Includes ------------------------------------------------------------------*/
  21:Middlewares/ST/STM32_USB_Host_Library/Core/Src/usbh_ioreq.c **** #include "usbh_ioreq.h"
  22:Middlewares/ST/STM32_USB_Host_Library/Core/Src/usbh_ioreq.c **** 
  23:Middlewares/ST/STM32_USB_Host_Library/Core/Src/usbh_ioreq.c **** /** @addtogroup USBH_LIB
  24:Middlewares/ST/STM32_USB_Host_Library/Core/Src/usbh_ioreq.c ****   * @{
  25:Middlewares/ST/STM32_USB_Host_Library/Core/Src/usbh_ioreq.c ****   */
  26:Middlewares/ST/STM32_USB_Host_Library/Core/Src/usbh_ioreq.c **** 
  27:Middlewares/ST/STM32_USB_Host_Library/Core/Src/usbh_ioreq.c **** /** @addtogroup USBH_LIB_CORE
  28:Middlewares/ST/STM32_USB_Host_Library/Core/Src/usbh_ioreq.c ****   * @{
  29:Middlewares/ST/STM32_USB_Host_Library/Core/Src/usbh_ioreq.c ****   */
ARM GAS  /tmp/ccwRFC9F.s 			page 2


  30:Middlewares/ST/STM32_USB_Host_Library/Core/Src/usbh_ioreq.c **** 
  31:Middlewares/ST/STM32_USB_Host_Library/Core/Src/usbh_ioreq.c **** /** @defgroup USBH_IOREQ
  32:Middlewares/ST/STM32_USB_Host_Library/Core/Src/usbh_ioreq.c ****   * @brief This file handles the standard protocol processing (USB v2.0)
  33:Middlewares/ST/STM32_USB_Host_Library/Core/Src/usbh_ioreq.c ****   * @{
  34:Middlewares/ST/STM32_USB_Host_Library/Core/Src/usbh_ioreq.c ****   */
  35:Middlewares/ST/STM32_USB_Host_Library/Core/Src/usbh_ioreq.c **** 
  36:Middlewares/ST/STM32_USB_Host_Library/Core/Src/usbh_ioreq.c **** 
  37:Middlewares/ST/STM32_USB_Host_Library/Core/Src/usbh_ioreq.c **** /** @defgroup USBH_IOREQ_Private_Defines
  38:Middlewares/ST/STM32_USB_Host_Library/Core/Src/usbh_ioreq.c ****   * @{
  39:Middlewares/ST/STM32_USB_Host_Library/Core/Src/usbh_ioreq.c ****   */
  40:Middlewares/ST/STM32_USB_Host_Library/Core/Src/usbh_ioreq.c **** 
  41:Middlewares/ST/STM32_USB_Host_Library/Core/Src/usbh_ioreq.c **** /**
  42:Middlewares/ST/STM32_USB_Host_Library/Core/Src/usbh_ioreq.c ****   * @}
  43:Middlewares/ST/STM32_USB_Host_Library/Core/Src/usbh_ioreq.c ****   */
  44:Middlewares/ST/STM32_USB_Host_Library/Core/Src/usbh_ioreq.c **** 
  45:Middlewares/ST/STM32_USB_Host_Library/Core/Src/usbh_ioreq.c **** 
  46:Middlewares/ST/STM32_USB_Host_Library/Core/Src/usbh_ioreq.c **** /** @defgroup USBH_IOREQ_Private_TypesDefinitions
  47:Middlewares/ST/STM32_USB_Host_Library/Core/Src/usbh_ioreq.c ****   * @{
  48:Middlewares/ST/STM32_USB_Host_Library/Core/Src/usbh_ioreq.c ****   */
  49:Middlewares/ST/STM32_USB_Host_Library/Core/Src/usbh_ioreq.c **** /**
  50:Middlewares/ST/STM32_USB_Host_Library/Core/Src/usbh_ioreq.c ****   * @}
  51:Middlewares/ST/STM32_USB_Host_Library/Core/Src/usbh_ioreq.c ****   */
  52:Middlewares/ST/STM32_USB_Host_Library/Core/Src/usbh_ioreq.c **** 
  53:Middlewares/ST/STM32_USB_Host_Library/Core/Src/usbh_ioreq.c **** 
  54:Middlewares/ST/STM32_USB_Host_Library/Core/Src/usbh_ioreq.c **** 
  55:Middlewares/ST/STM32_USB_Host_Library/Core/Src/usbh_ioreq.c **** /** @defgroup USBH_IOREQ_Private_Macros
  56:Middlewares/ST/STM32_USB_Host_Library/Core/Src/usbh_ioreq.c ****   * @{
  57:Middlewares/ST/STM32_USB_Host_Library/Core/Src/usbh_ioreq.c ****   */
  58:Middlewares/ST/STM32_USB_Host_Library/Core/Src/usbh_ioreq.c **** /**
  59:Middlewares/ST/STM32_USB_Host_Library/Core/Src/usbh_ioreq.c ****   * @}
  60:Middlewares/ST/STM32_USB_Host_Library/Core/Src/usbh_ioreq.c ****   */
  61:Middlewares/ST/STM32_USB_Host_Library/Core/Src/usbh_ioreq.c **** 
  62:Middlewares/ST/STM32_USB_Host_Library/Core/Src/usbh_ioreq.c **** 
  63:Middlewares/ST/STM32_USB_Host_Library/Core/Src/usbh_ioreq.c **** /** @defgroup USBH_IOREQ_Private_Variables
  64:Middlewares/ST/STM32_USB_Host_Library/Core/Src/usbh_ioreq.c ****   * @{
  65:Middlewares/ST/STM32_USB_Host_Library/Core/Src/usbh_ioreq.c ****   */
  66:Middlewares/ST/STM32_USB_Host_Library/Core/Src/usbh_ioreq.c **** /**
  67:Middlewares/ST/STM32_USB_Host_Library/Core/Src/usbh_ioreq.c ****   * @}
  68:Middlewares/ST/STM32_USB_Host_Library/Core/Src/usbh_ioreq.c ****   */
  69:Middlewares/ST/STM32_USB_Host_Library/Core/Src/usbh_ioreq.c **** /** @defgroup USBH_IOREQ_Private_FunctionPrototypes
  70:Middlewares/ST/STM32_USB_Host_Library/Core/Src/usbh_ioreq.c ****   * @{
  71:Middlewares/ST/STM32_USB_Host_Library/Core/Src/usbh_ioreq.c ****   */
  72:Middlewares/ST/STM32_USB_Host_Library/Core/Src/usbh_ioreq.c **** 
  73:Middlewares/ST/STM32_USB_Host_Library/Core/Src/usbh_ioreq.c **** /**
  74:Middlewares/ST/STM32_USB_Host_Library/Core/Src/usbh_ioreq.c ****   * @}
  75:Middlewares/ST/STM32_USB_Host_Library/Core/Src/usbh_ioreq.c ****   */
  76:Middlewares/ST/STM32_USB_Host_Library/Core/Src/usbh_ioreq.c **** 
  77:Middlewares/ST/STM32_USB_Host_Library/Core/Src/usbh_ioreq.c **** 
  78:Middlewares/ST/STM32_USB_Host_Library/Core/Src/usbh_ioreq.c **** /** @defgroup USBH_IOREQ_Private_Functions
  79:Middlewares/ST/STM32_USB_Host_Library/Core/Src/usbh_ioreq.c ****   * @{
  80:Middlewares/ST/STM32_USB_Host_Library/Core/Src/usbh_ioreq.c ****   */
  81:Middlewares/ST/STM32_USB_Host_Library/Core/Src/usbh_ioreq.c **** 
  82:Middlewares/ST/STM32_USB_Host_Library/Core/Src/usbh_ioreq.c **** 
  83:Middlewares/ST/STM32_USB_Host_Library/Core/Src/usbh_ioreq.c **** 
  84:Middlewares/ST/STM32_USB_Host_Library/Core/Src/usbh_ioreq.c **** /**
  85:Middlewares/ST/STM32_USB_Host_Library/Core/Src/usbh_ioreq.c ****   * @brief  USBH_CtlSendSetup
  86:Middlewares/ST/STM32_USB_Host_Library/Core/Src/usbh_ioreq.c ****   *         Sends the Setup Packet to the Device
ARM GAS  /tmp/ccwRFC9F.s 			page 3


  87:Middlewares/ST/STM32_USB_Host_Library/Core/Src/usbh_ioreq.c ****   * @param  phost: Host Handle
  88:Middlewares/ST/STM32_USB_Host_Library/Core/Src/usbh_ioreq.c ****   * @param  buff: Buffer pointer from which the Data will be send to Device
  89:Middlewares/ST/STM32_USB_Host_Library/Core/Src/usbh_ioreq.c ****   * @param  pipe_num: Pipe Number
  90:Middlewares/ST/STM32_USB_Host_Library/Core/Src/usbh_ioreq.c ****   * @retval USBH Status
  91:Middlewares/ST/STM32_USB_Host_Library/Core/Src/usbh_ioreq.c ****   */
  92:Middlewares/ST/STM32_USB_Host_Library/Core/Src/usbh_ioreq.c **** USBH_StatusTypeDef USBH_CtlSendSetup(USBH_HandleTypeDef *phost,
  93:Middlewares/ST/STM32_USB_Host_Library/Core/Src/usbh_ioreq.c ****                                      uint8_t *buff,
  94:Middlewares/ST/STM32_USB_Host_Library/Core/Src/usbh_ioreq.c ****                                      uint8_t pipe_num)
  95:Middlewares/ST/STM32_USB_Host_Library/Core/Src/usbh_ioreq.c **** {
  30              		.loc 1 95 1 view -0
  31              		.cfi_startproc
  32              		@ args = 0, pretend = 0, frame = 0
  33              		@ frame_needed = 0, uses_anonymous_args = 0
  34              		.loc 1 95 1 is_stmt 0 view .LVU1
  35 0000 10B5     		push	{r4, lr}
  36              	.LCFI0:
  37              		.cfi_def_cfa_offset 8
  38              		.cfi_offset 4, -8
  39              		.cfi_offset 14, -4
  40 0002 84B0     		sub	sp, sp, #16
  41              	.LCFI1:
  42              		.cfi_def_cfa_offset 24
  43 0004 0B46     		mov	r3, r1
  44 0006 1146     		mov	r1, r2
  45              	.LVL1:
  96:Middlewares/ST/STM32_USB_Host_Library/Core/Src/usbh_ioreq.c **** 
  97:Middlewares/ST/STM32_USB_Host_Library/Core/Src/usbh_ioreq.c ****   (void)USBH_LL_SubmitURB(phost,                /* Driver handle    */
  46              		.loc 1 97 3 is_stmt 1 view .LVU2
  47              		.loc 1 97 9 is_stmt 0 view .LVU3
  48 0008 0024     		movs	r4, #0
  49 000a 0394     		str	r4, [sp, #12]
  50 000c 0822     		movs	r2, #8
  51              	.LVL2:
  52              		.loc 1 97 9 view .LVU4
  53 000e 0292     		str	r2, [sp, #8]
  54 0010 0193     		str	r3, [sp, #4]
  55 0012 0094     		str	r4, [sp]
  56 0014 2346     		mov	r3, r4
  57              	.LVL3:
  58              		.loc 1 97 9 view .LVU5
  59 0016 2246     		mov	r2, r4
  60 0018 FFF7FEFF 		bl	USBH_LL_SubmitURB
  61              	.LVL4:
  98:Middlewares/ST/STM32_USB_Host_Library/Core/Src/usbh_ioreq.c ****                           pipe_num,             /* Pipe index       */
  99:Middlewares/ST/STM32_USB_Host_Library/Core/Src/usbh_ioreq.c ****                           0U,                   /* Direction : OUT  */
 100:Middlewares/ST/STM32_USB_Host_Library/Core/Src/usbh_ioreq.c ****                           USBH_EP_CONTROL,      /* EP type          */
 101:Middlewares/ST/STM32_USB_Host_Library/Core/Src/usbh_ioreq.c ****                           USBH_PID_SETUP,       /* Type setup       */
 102:Middlewares/ST/STM32_USB_Host_Library/Core/Src/usbh_ioreq.c ****                           buff,                 /* data buffer      */
 103:Middlewares/ST/STM32_USB_Host_Library/Core/Src/usbh_ioreq.c ****                           USBH_SETUP_PKT_SIZE,  /* data length      */
 104:Middlewares/ST/STM32_USB_Host_Library/Core/Src/usbh_ioreq.c ****                           0U);
 105:Middlewares/ST/STM32_USB_Host_Library/Core/Src/usbh_ioreq.c ****   return USBH_OK;
  62              		.loc 1 105 3 is_stmt 1 view .LVU6
 106:Middlewares/ST/STM32_USB_Host_Library/Core/Src/usbh_ioreq.c **** }
  63              		.loc 1 106 1 is_stmt 0 view .LVU7
  64 001c 2046     		mov	r0, r4
  65 001e 04B0     		add	sp, sp, #16
  66              	.LCFI2:
ARM GAS  /tmp/ccwRFC9F.s 			page 4


  67              		.cfi_def_cfa_offset 8
  68              		@ sp needed
  69 0020 10BD     		pop	{r4, pc}
  70              		.cfi_endproc
  71              	.LFE242:
  73              		.section	.text.USBH_CtlSendData,"ax",%progbits
  74              		.align	1
  75              		.global	USBH_CtlSendData
  76              		.syntax unified
  77              		.thumb
  78              		.thumb_func
  79              		.fpu fpv4-sp-d16
  81              	USBH_CtlSendData:
  82              	.LVL5:
  83              	.LFB243:
 107:Middlewares/ST/STM32_USB_Host_Library/Core/Src/usbh_ioreq.c **** 
 108:Middlewares/ST/STM32_USB_Host_Library/Core/Src/usbh_ioreq.c **** 
 109:Middlewares/ST/STM32_USB_Host_Library/Core/Src/usbh_ioreq.c **** /**
 110:Middlewares/ST/STM32_USB_Host_Library/Core/Src/usbh_ioreq.c ****   * @brief  USBH_CtlSendData
 111:Middlewares/ST/STM32_USB_Host_Library/Core/Src/usbh_ioreq.c ****   *         Sends a data Packet to the Device
 112:Middlewares/ST/STM32_USB_Host_Library/Core/Src/usbh_ioreq.c ****   * @param  phost: Host Handle
 113:Middlewares/ST/STM32_USB_Host_Library/Core/Src/usbh_ioreq.c ****   * @param  buff: Buffer pointer from which the Data will be sent to Device
 114:Middlewares/ST/STM32_USB_Host_Library/Core/Src/usbh_ioreq.c ****   * @param  length: Length of the data to be sent
 115:Middlewares/ST/STM32_USB_Host_Library/Core/Src/usbh_ioreq.c ****   * @param  pipe_num: Pipe Number
 116:Middlewares/ST/STM32_USB_Host_Library/Core/Src/usbh_ioreq.c ****   * @retval USBH Status
 117:Middlewares/ST/STM32_USB_Host_Library/Core/Src/usbh_ioreq.c ****   */
 118:Middlewares/ST/STM32_USB_Host_Library/Core/Src/usbh_ioreq.c **** USBH_StatusTypeDef USBH_CtlSendData(USBH_HandleTypeDef *phost,
 119:Middlewares/ST/STM32_USB_Host_Library/Core/Src/usbh_ioreq.c ****                                     uint8_t *buff,
 120:Middlewares/ST/STM32_USB_Host_Library/Core/Src/usbh_ioreq.c ****                                     uint16_t length,
 121:Middlewares/ST/STM32_USB_Host_Library/Core/Src/usbh_ioreq.c ****                                     uint8_t pipe_num,
 122:Middlewares/ST/STM32_USB_Host_Library/Core/Src/usbh_ioreq.c ****                                     uint8_t do_ping)
 123:Middlewares/ST/STM32_USB_Host_Library/Core/Src/usbh_ioreq.c **** {
  84              		.loc 1 123 1 is_stmt 1 view -0
  85              		.cfi_startproc
  86              		@ args = 4, pretend = 0, frame = 0
  87              		@ frame_needed = 0, uses_anonymous_args = 0
  88              		.loc 1 123 1 is_stmt 0 view .LVU9
  89 0000 30B5     		push	{r4, r5, lr}
  90              	.LCFI3:
  91              		.cfi_def_cfa_offset 12
  92              		.cfi_offset 4, -12
  93              		.cfi_offset 5, -8
  94              		.cfi_offset 14, -4
  95 0002 85B0     		sub	sp, sp, #20
  96              	.LCFI4:
  97              		.cfi_def_cfa_offset 32
  98 0004 0C46     		mov	r4, r1
  99 0006 1946     		mov	r1, r3
 100              	.LVL6:
 101              		.loc 1 123 1 view .LVU10
 102 0008 9DF82030 		ldrb	r3, [sp, #32]	@ zero_extendqisi2
 103              	.LVL7:
 124:Middlewares/ST/STM32_USB_Host_Library/Core/Src/usbh_ioreq.c ****   if (phost->device.speed != USBH_SPEED_HIGH)
 104              		.loc 1 124 3 is_stmt 1 view .LVU11
 105              		.loc 1 124 20 is_stmt 0 view .LVU12
 106 000c 90F81D53 		ldrb	r5, [r0, #797]	@ zero_extendqisi2
 107              		.loc 1 124 6 view .LVU13
ARM GAS  /tmp/ccwRFC9F.s 			page 5


 108 0010 05B1     		cbz	r5, .L4
 125:Middlewares/ST/STM32_USB_Host_Library/Core/Src/usbh_ioreq.c ****   {
 126:Middlewares/ST/STM32_USB_Host_Library/Core/Src/usbh_ioreq.c ****     do_ping = 0U;
 109              		.loc 1 126 13 view .LVU14
 110 0012 0023     		movs	r3, #0
 111              	.L4:
 112              	.LVL8:
 127:Middlewares/ST/STM32_USB_Host_Library/Core/Src/usbh_ioreq.c ****   }
 128:Middlewares/ST/STM32_USB_Host_Library/Core/Src/usbh_ioreq.c **** 
 129:Middlewares/ST/STM32_USB_Host_Library/Core/Src/usbh_ioreq.c ****   (void)USBH_LL_SubmitURB(phost,                /* Driver handle    */
 113              		.loc 1 129 3 is_stmt 1 view .LVU15
 114              		.loc 1 129 9 is_stmt 0 view .LVU16
 115 0014 0393     		str	r3, [sp, #12]
 116 0016 0292     		str	r2, [sp, #8]
 117 0018 0194     		str	r4, [sp, #4]
 118 001a 0123     		movs	r3, #1
 119              	.LVL9:
 120              		.loc 1 129 9 view .LVU17
 121 001c 0093     		str	r3, [sp]
 122 001e 0023     		movs	r3, #0
 123 0020 1A46     		mov	r2, r3
 124              	.LVL10:
 125              		.loc 1 129 9 view .LVU18
 126 0022 FFF7FEFF 		bl	USBH_LL_SubmitURB
 127              	.LVL11:
 130:Middlewares/ST/STM32_USB_Host_Library/Core/Src/usbh_ioreq.c ****                           pipe_num,             /* Pipe index       */
 131:Middlewares/ST/STM32_USB_Host_Library/Core/Src/usbh_ioreq.c ****                           0U,                   /* Direction : OUT  */
 132:Middlewares/ST/STM32_USB_Host_Library/Core/Src/usbh_ioreq.c ****                           USBH_EP_CONTROL,      /* EP type          */
 133:Middlewares/ST/STM32_USB_Host_Library/Core/Src/usbh_ioreq.c ****                           USBH_PID_DATA,        /* Type Data        */
 134:Middlewares/ST/STM32_USB_Host_Library/Core/Src/usbh_ioreq.c ****                           buff,                 /* data buffer      */
 135:Middlewares/ST/STM32_USB_Host_Library/Core/Src/usbh_ioreq.c ****                           length,               /* data length      */
 136:Middlewares/ST/STM32_USB_Host_Library/Core/Src/usbh_ioreq.c ****                           do_ping);             /* do ping (HS Only)*/
 137:Middlewares/ST/STM32_USB_Host_Library/Core/Src/usbh_ioreq.c **** 
 138:Middlewares/ST/STM32_USB_Host_Library/Core/Src/usbh_ioreq.c ****   return USBH_OK;
 128              		.loc 1 138 3 is_stmt 1 view .LVU19
 139:Middlewares/ST/STM32_USB_Host_Library/Core/Src/usbh_ioreq.c **** }
 129              		.loc 1 139 1 is_stmt 0 view .LVU20
 130 0026 0020     		movs	r0, #0
 131 0028 05B0     		add	sp, sp, #20
 132              	.LCFI5:
 133              		.cfi_def_cfa_offset 12
 134              		@ sp needed
 135 002a 30BD     		pop	{r4, r5, pc}
 136              		.loc 1 139 1 view .LVU21
 137              		.cfi_endproc
 138              	.LFE243:
 140              		.section	.text.USBH_CtlReceiveData,"ax",%progbits
 141              		.align	1
 142              		.global	USBH_CtlReceiveData
 143              		.syntax unified
 144              		.thumb
 145              		.thumb_func
 146              		.fpu fpv4-sp-d16
 148              	USBH_CtlReceiveData:
 149              	.LVL12:
 150              	.LFB244:
 140:Middlewares/ST/STM32_USB_Host_Library/Core/Src/usbh_ioreq.c **** 
ARM GAS  /tmp/ccwRFC9F.s 			page 6


 141:Middlewares/ST/STM32_USB_Host_Library/Core/Src/usbh_ioreq.c **** 
 142:Middlewares/ST/STM32_USB_Host_Library/Core/Src/usbh_ioreq.c **** /**
 143:Middlewares/ST/STM32_USB_Host_Library/Core/Src/usbh_ioreq.c ****   * @brief  USBH_CtlReceiveData
 144:Middlewares/ST/STM32_USB_Host_Library/Core/Src/usbh_ioreq.c ****   *         Receives the Device Response to the Setup Packet
 145:Middlewares/ST/STM32_USB_Host_Library/Core/Src/usbh_ioreq.c ****   * @param  phost: Host Handle
 146:Middlewares/ST/STM32_USB_Host_Library/Core/Src/usbh_ioreq.c ****   * @param  buff: Buffer pointer in which the response needs to be copied
 147:Middlewares/ST/STM32_USB_Host_Library/Core/Src/usbh_ioreq.c ****   * @param  length: Length of the data to be received
 148:Middlewares/ST/STM32_USB_Host_Library/Core/Src/usbh_ioreq.c ****   * @param  pipe_num: Pipe Number
 149:Middlewares/ST/STM32_USB_Host_Library/Core/Src/usbh_ioreq.c ****   * @retval USBH Status.
 150:Middlewares/ST/STM32_USB_Host_Library/Core/Src/usbh_ioreq.c ****   */
 151:Middlewares/ST/STM32_USB_Host_Library/Core/Src/usbh_ioreq.c **** USBH_StatusTypeDef USBH_CtlReceiveData(USBH_HandleTypeDef *phost,
 152:Middlewares/ST/STM32_USB_Host_Library/Core/Src/usbh_ioreq.c ****                                        uint8_t *buff,
 153:Middlewares/ST/STM32_USB_Host_Library/Core/Src/usbh_ioreq.c ****                                        uint16_t length,
 154:Middlewares/ST/STM32_USB_Host_Library/Core/Src/usbh_ioreq.c ****                                        uint8_t pipe_num)
 155:Middlewares/ST/STM32_USB_Host_Library/Core/Src/usbh_ioreq.c **** {
 151              		.loc 1 155 1 is_stmt 1 view -0
 152              		.cfi_startproc
 153              		@ args = 0, pretend = 0, frame = 0
 154              		@ frame_needed = 0, uses_anonymous_args = 0
 155              		.loc 1 155 1 is_stmt 0 view .LVU23
 156 0000 30B5     		push	{r4, r5, lr}
 157              	.LCFI6:
 158              		.cfi_def_cfa_offset 12
 159              		.cfi_offset 4, -12
 160              		.cfi_offset 5, -8
 161              		.cfi_offset 14, -4
 162 0002 85B0     		sub	sp, sp, #20
 163              	.LCFI7:
 164              		.cfi_def_cfa_offset 32
 165 0004 0D46     		mov	r5, r1
 166 0006 1946     		mov	r1, r3
 167              	.LVL13:
 156:Middlewares/ST/STM32_USB_Host_Library/Core/Src/usbh_ioreq.c ****   (void)USBH_LL_SubmitURB(phost,                /* Driver handle    */
 168              		.loc 1 156 3 is_stmt 1 view .LVU24
 169              		.loc 1 156 9 is_stmt 0 view .LVU25
 170 0008 0024     		movs	r4, #0
 171 000a 0394     		str	r4, [sp, #12]
 172 000c 0292     		str	r2, [sp, #8]
 173 000e 0195     		str	r5, [sp, #4]
 174 0010 0122     		movs	r2, #1
 175              	.LVL14:
 176              		.loc 1 156 9 view .LVU26
 177 0012 0092     		str	r2, [sp]
 178 0014 2346     		mov	r3, r4
 179              	.LVL15:
 180              		.loc 1 156 9 view .LVU27
 181 0016 FFF7FEFF 		bl	USBH_LL_SubmitURB
 182              	.LVL16:
 157:Middlewares/ST/STM32_USB_Host_Library/Core/Src/usbh_ioreq.c ****                           pipe_num,             /* Pipe index       */
 158:Middlewares/ST/STM32_USB_Host_Library/Core/Src/usbh_ioreq.c ****                           1U,                   /* Direction : IN   */
 159:Middlewares/ST/STM32_USB_Host_Library/Core/Src/usbh_ioreq.c ****                           USBH_EP_CONTROL,      /* EP type          */
 160:Middlewares/ST/STM32_USB_Host_Library/Core/Src/usbh_ioreq.c ****                           USBH_PID_DATA,        /* Type Data        */
 161:Middlewares/ST/STM32_USB_Host_Library/Core/Src/usbh_ioreq.c ****                           buff,                 /* data buffer      */
 162:Middlewares/ST/STM32_USB_Host_Library/Core/Src/usbh_ioreq.c ****                           length,               /* data length      */
 163:Middlewares/ST/STM32_USB_Host_Library/Core/Src/usbh_ioreq.c ****                           0U);
 164:Middlewares/ST/STM32_USB_Host_Library/Core/Src/usbh_ioreq.c ****   return USBH_OK;
 183              		.loc 1 164 3 is_stmt 1 view .LVU28
ARM GAS  /tmp/ccwRFC9F.s 			page 7


 165:Middlewares/ST/STM32_USB_Host_Library/Core/Src/usbh_ioreq.c **** 
 166:Middlewares/ST/STM32_USB_Host_Library/Core/Src/usbh_ioreq.c **** }
 184              		.loc 1 166 1 is_stmt 0 view .LVU29
 185 001a 2046     		mov	r0, r4
 186 001c 05B0     		add	sp, sp, #20
 187              	.LCFI8:
 188              		.cfi_def_cfa_offset 12
 189              		@ sp needed
 190 001e 30BD     		pop	{r4, r5, pc}
 191              		.loc 1 166 1 view .LVU30
 192              		.cfi_endproc
 193              	.LFE244:
 195              		.section	.text.USBH_BulkSendData,"ax",%progbits
 196              		.align	1
 197              		.global	USBH_BulkSendData
 198              		.syntax unified
 199              		.thumb
 200              		.thumb_func
 201              		.fpu fpv4-sp-d16
 203              	USBH_BulkSendData:
 204              	.LVL17:
 205              	.LFB245:
 167:Middlewares/ST/STM32_USB_Host_Library/Core/Src/usbh_ioreq.c **** 
 168:Middlewares/ST/STM32_USB_Host_Library/Core/Src/usbh_ioreq.c **** 
 169:Middlewares/ST/STM32_USB_Host_Library/Core/Src/usbh_ioreq.c **** /**
 170:Middlewares/ST/STM32_USB_Host_Library/Core/Src/usbh_ioreq.c ****   * @brief  USBH_BulkSendData
 171:Middlewares/ST/STM32_USB_Host_Library/Core/Src/usbh_ioreq.c ****   *         Sends the Bulk Packet to the device
 172:Middlewares/ST/STM32_USB_Host_Library/Core/Src/usbh_ioreq.c ****   * @param  phost: Host Handle
 173:Middlewares/ST/STM32_USB_Host_Library/Core/Src/usbh_ioreq.c ****   * @param  buff: Buffer pointer from which the Data will be sent to Device
 174:Middlewares/ST/STM32_USB_Host_Library/Core/Src/usbh_ioreq.c ****   * @param  length: Length of the data to be sent
 175:Middlewares/ST/STM32_USB_Host_Library/Core/Src/usbh_ioreq.c ****   * @param  pipe_num: Pipe Number
 176:Middlewares/ST/STM32_USB_Host_Library/Core/Src/usbh_ioreq.c ****   * @retval USBH Status
 177:Middlewares/ST/STM32_USB_Host_Library/Core/Src/usbh_ioreq.c ****   */
 178:Middlewares/ST/STM32_USB_Host_Library/Core/Src/usbh_ioreq.c **** USBH_StatusTypeDef USBH_BulkSendData(USBH_HandleTypeDef *phost,
 179:Middlewares/ST/STM32_USB_Host_Library/Core/Src/usbh_ioreq.c ****                                      uint8_t *buff,
 180:Middlewares/ST/STM32_USB_Host_Library/Core/Src/usbh_ioreq.c ****                                      uint16_t length,
 181:Middlewares/ST/STM32_USB_Host_Library/Core/Src/usbh_ioreq.c ****                                      uint8_t pipe_num,
 182:Middlewares/ST/STM32_USB_Host_Library/Core/Src/usbh_ioreq.c ****                                      uint8_t do_ping)
 183:Middlewares/ST/STM32_USB_Host_Library/Core/Src/usbh_ioreq.c **** {
 206              		.loc 1 183 1 is_stmt 1 view -0
 207              		.cfi_startproc
 208              		@ args = 4, pretend = 0, frame = 0
 209              		@ frame_needed = 0, uses_anonymous_args = 0
 210              		.loc 1 183 1 is_stmt 0 view .LVU32
 211 0000 30B5     		push	{r4, r5, lr}
 212              	.LCFI9:
 213              		.cfi_def_cfa_offset 12
 214              		.cfi_offset 4, -12
 215              		.cfi_offset 5, -8
 216              		.cfi_offset 14, -4
 217 0002 85B0     		sub	sp, sp, #20
 218              	.LCFI10:
 219              		.cfi_def_cfa_offset 32
 220 0004 0C46     		mov	r4, r1
 221 0006 1946     		mov	r1, r3
 222              	.LVL18:
 223              		.loc 1 183 1 view .LVU33
ARM GAS  /tmp/ccwRFC9F.s 			page 8


 224 0008 9DF82030 		ldrb	r3, [sp, #32]	@ zero_extendqisi2
 225              	.LVL19:
 184:Middlewares/ST/STM32_USB_Host_Library/Core/Src/usbh_ioreq.c ****   if (phost->device.speed != USBH_SPEED_HIGH)
 226              		.loc 1 184 3 is_stmt 1 view .LVU34
 227              		.loc 1 184 20 is_stmt 0 view .LVU35
 228 000c 90F81D53 		ldrb	r5, [r0, #797]	@ zero_extendqisi2
 229              		.loc 1 184 6 view .LVU36
 230 0010 05B1     		cbz	r5, .L10
 185:Middlewares/ST/STM32_USB_Host_Library/Core/Src/usbh_ioreq.c ****   {
 186:Middlewares/ST/STM32_USB_Host_Library/Core/Src/usbh_ioreq.c ****     do_ping = 0U;
 231              		.loc 1 186 13 view .LVU37
 232 0012 0023     		movs	r3, #0
 233              	.L10:
 234              	.LVL20:
 187:Middlewares/ST/STM32_USB_Host_Library/Core/Src/usbh_ioreq.c ****   }
 188:Middlewares/ST/STM32_USB_Host_Library/Core/Src/usbh_ioreq.c **** 
 189:Middlewares/ST/STM32_USB_Host_Library/Core/Src/usbh_ioreq.c ****   (void)USBH_LL_SubmitURB(phost,                /* Driver handle    */
 235              		.loc 1 189 3 is_stmt 1 view .LVU38
 236              		.loc 1 189 9 is_stmt 0 view .LVU39
 237 0014 0393     		str	r3, [sp, #12]
 238 0016 0292     		str	r2, [sp, #8]
 239 0018 0194     		str	r4, [sp, #4]
 240 001a 0123     		movs	r3, #1
 241              	.LVL21:
 242              		.loc 1 189 9 view .LVU40
 243 001c 0093     		str	r3, [sp]
 244 001e 0223     		movs	r3, #2
 245 0020 0022     		movs	r2, #0
 246              	.LVL22:
 247              		.loc 1 189 9 view .LVU41
 248 0022 FFF7FEFF 		bl	USBH_LL_SubmitURB
 249              	.LVL23:
 190:Middlewares/ST/STM32_USB_Host_Library/Core/Src/usbh_ioreq.c ****                           pipe_num,             /* Pipe index       */
 191:Middlewares/ST/STM32_USB_Host_Library/Core/Src/usbh_ioreq.c ****                           0U,                   /* Direction : IN   */
 192:Middlewares/ST/STM32_USB_Host_Library/Core/Src/usbh_ioreq.c ****                           USBH_EP_BULK,         /* EP type          */
 193:Middlewares/ST/STM32_USB_Host_Library/Core/Src/usbh_ioreq.c ****                           USBH_PID_DATA,        /* Type Data        */
 194:Middlewares/ST/STM32_USB_Host_Library/Core/Src/usbh_ioreq.c ****                           buff,                 /* data buffer      */
 195:Middlewares/ST/STM32_USB_Host_Library/Core/Src/usbh_ioreq.c ****                           length,               /* data length      */
 196:Middlewares/ST/STM32_USB_Host_Library/Core/Src/usbh_ioreq.c ****                           do_ping);             /* do ping (HS Only)*/
 197:Middlewares/ST/STM32_USB_Host_Library/Core/Src/usbh_ioreq.c ****   return USBH_OK;
 250              		.loc 1 197 3 is_stmt 1 view .LVU42
 198:Middlewares/ST/STM32_USB_Host_Library/Core/Src/usbh_ioreq.c **** }
 251              		.loc 1 198 1 is_stmt 0 view .LVU43
 252 0026 0020     		movs	r0, #0
 253 0028 05B0     		add	sp, sp, #20
 254              	.LCFI11:
 255              		.cfi_def_cfa_offset 12
 256              		@ sp needed
 257 002a 30BD     		pop	{r4, r5, pc}
 258              		.loc 1 198 1 view .LVU44
 259              		.cfi_endproc
 260              	.LFE245:
 262              		.section	.text.USBH_BulkReceiveData,"ax",%progbits
 263              		.align	1
 264              		.global	USBH_BulkReceiveData
 265              		.syntax unified
 266              		.thumb
ARM GAS  /tmp/ccwRFC9F.s 			page 9


 267              		.thumb_func
 268              		.fpu fpv4-sp-d16
 270              	USBH_BulkReceiveData:
 271              	.LVL24:
 272              	.LFB246:
 199:Middlewares/ST/STM32_USB_Host_Library/Core/Src/usbh_ioreq.c **** 
 200:Middlewares/ST/STM32_USB_Host_Library/Core/Src/usbh_ioreq.c **** 
 201:Middlewares/ST/STM32_USB_Host_Library/Core/Src/usbh_ioreq.c **** /**
 202:Middlewares/ST/STM32_USB_Host_Library/Core/Src/usbh_ioreq.c ****   * @brief  USBH_BulkReceiveData
 203:Middlewares/ST/STM32_USB_Host_Library/Core/Src/usbh_ioreq.c ****   *         Receives IN bulk packet from device
 204:Middlewares/ST/STM32_USB_Host_Library/Core/Src/usbh_ioreq.c ****   * @param  phost: Host Handle
 205:Middlewares/ST/STM32_USB_Host_Library/Core/Src/usbh_ioreq.c ****   * @param  buff: Buffer pointer in which the received data packet to be copied
 206:Middlewares/ST/STM32_USB_Host_Library/Core/Src/usbh_ioreq.c ****   * @param  length: Length of the data to be received
 207:Middlewares/ST/STM32_USB_Host_Library/Core/Src/usbh_ioreq.c ****   * @param  pipe_num: Pipe Number
 208:Middlewares/ST/STM32_USB_Host_Library/Core/Src/usbh_ioreq.c ****   * @retval USBH Status.
 209:Middlewares/ST/STM32_USB_Host_Library/Core/Src/usbh_ioreq.c ****   */
 210:Middlewares/ST/STM32_USB_Host_Library/Core/Src/usbh_ioreq.c **** USBH_StatusTypeDef USBH_BulkReceiveData(USBH_HandleTypeDef *phost,
 211:Middlewares/ST/STM32_USB_Host_Library/Core/Src/usbh_ioreq.c ****                                         uint8_t *buff,
 212:Middlewares/ST/STM32_USB_Host_Library/Core/Src/usbh_ioreq.c ****                                         uint16_t length,
 213:Middlewares/ST/STM32_USB_Host_Library/Core/Src/usbh_ioreq.c ****                                         uint8_t pipe_num)
 214:Middlewares/ST/STM32_USB_Host_Library/Core/Src/usbh_ioreq.c **** {
 273              		.loc 1 214 1 is_stmt 1 view -0
 274              		.cfi_startproc
 275              		@ args = 0, pretend = 0, frame = 0
 276              		@ frame_needed = 0, uses_anonymous_args = 0
 277              		.loc 1 214 1 is_stmt 0 view .LVU46
 278 0000 30B5     		push	{r4, r5, lr}
 279              	.LCFI12:
 280              		.cfi_def_cfa_offset 12
 281              		.cfi_offset 4, -12
 282              		.cfi_offset 5, -8
 283              		.cfi_offset 14, -4
 284 0002 85B0     		sub	sp, sp, #20
 285              	.LCFI13:
 286              		.cfi_def_cfa_offset 32
 287 0004 0D46     		mov	r5, r1
 288 0006 1946     		mov	r1, r3
 289              	.LVL25:
 215:Middlewares/ST/STM32_USB_Host_Library/Core/Src/usbh_ioreq.c ****   (void)USBH_LL_SubmitURB(phost,                /* Driver handle    */
 290              		.loc 1 215 3 is_stmt 1 view .LVU47
 291              		.loc 1 215 9 is_stmt 0 view .LVU48
 292 0008 0024     		movs	r4, #0
 293 000a 0394     		str	r4, [sp, #12]
 294 000c 0292     		str	r2, [sp, #8]
 295 000e 0195     		str	r5, [sp, #4]
 296 0010 0122     		movs	r2, #1
 297              	.LVL26:
 298              		.loc 1 215 9 view .LVU49
 299 0012 0092     		str	r2, [sp]
 300 0014 0223     		movs	r3, #2
 301              	.LVL27:
 302              		.loc 1 215 9 view .LVU50
 303 0016 FFF7FEFF 		bl	USBH_LL_SubmitURB
 304              	.LVL28:
 216:Middlewares/ST/STM32_USB_Host_Library/Core/Src/usbh_ioreq.c ****                           pipe_num,             /* Pipe index       */
 217:Middlewares/ST/STM32_USB_Host_Library/Core/Src/usbh_ioreq.c ****                           1U,                   /* Direction : IN   */
 218:Middlewares/ST/STM32_USB_Host_Library/Core/Src/usbh_ioreq.c ****                           USBH_EP_BULK,         /* EP type          */
ARM GAS  /tmp/ccwRFC9F.s 			page 10


 219:Middlewares/ST/STM32_USB_Host_Library/Core/Src/usbh_ioreq.c ****                           USBH_PID_DATA,        /* Type Data        */
 220:Middlewares/ST/STM32_USB_Host_Library/Core/Src/usbh_ioreq.c ****                           buff,                 /* data buffer      */
 221:Middlewares/ST/STM32_USB_Host_Library/Core/Src/usbh_ioreq.c ****                           length,               /* data length      */
 222:Middlewares/ST/STM32_USB_Host_Library/Core/Src/usbh_ioreq.c ****                           0U);
 223:Middlewares/ST/STM32_USB_Host_Library/Core/Src/usbh_ioreq.c ****   return USBH_OK;
 305              		.loc 1 223 3 is_stmt 1 view .LVU51
 224:Middlewares/ST/STM32_USB_Host_Library/Core/Src/usbh_ioreq.c **** }
 306              		.loc 1 224 1 is_stmt 0 view .LVU52
 307 001a 2046     		mov	r0, r4
 308 001c 05B0     		add	sp, sp, #20
 309              	.LCFI14:
 310              		.cfi_def_cfa_offset 12
 311              		@ sp needed
 312 001e 30BD     		pop	{r4, r5, pc}
 313              		.loc 1 224 1 view .LVU53
 314              		.cfi_endproc
 315              	.LFE246:
 317              		.section	.text.USBH_InterruptReceiveData,"ax",%progbits
 318              		.align	1
 319              		.global	USBH_InterruptReceiveData
 320              		.syntax unified
 321              		.thumb
 322              		.thumb_func
 323              		.fpu fpv4-sp-d16
 325              	USBH_InterruptReceiveData:
 326              	.LVL29:
 327              	.LFB247:
 225:Middlewares/ST/STM32_USB_Host_Library/Core/Src/usbh_ioreq.c **** 
 226:Middlewares/ST/STM32_USB_Host_Library/Core/Src/usbh_ioreq.c **** 
 227:Middlewares/ST/STM32_USB_Host_Library/Core/Src/usbh_ioreq.c **** /**
 228:Middlewares/ST/STM32_USB_Host_Library/Core/Src/usbh_ioreq.c ****   * @brief  USBH_InterruptReceiveData
 229:Middlewares/ST/STM32_USB_Host_Library/Core/Src/usbh_ioreq.c ****   *         Receives the Device Response to the Interrupt IN token
 230:Middlewares/ST/STM32_USB_Host_Library/Core/Src/usbh_ioreq.c ****   * @param  phost: Host Handle
 231:Middlewares/ST/STM32_USB_Host_Library/Core/Src/usbh_ioreq.c ****   * @param  buff: Buffer pointer in which the response needs to be copied
 232:Middlewares/ST/STM32_USB_Host_Library/Core/Src/usbh_ioreq.c ****   * @param  length: Length of the data to be received
 233:Middlewares/ST/STM32_USB_Host_Library/Core/Src/usbh_ioreq.c ****   * @param  pipe_num: Pipe Number
 234:Middlewares/ST/STM32_USB_Host_Library/Core/Src/usbh_ioreq.c ****   * @retval USBH Status.
 235:Middlewares/ST/STM32_USB_Host_Library/Core/Src/usbh_ioreq.c ****   */
 236:Middlewares/ST/STM32_USB_Host_Library/Core/Src/usbh_ioreq.c **** USBH_StatusTypeDef USBH_InterruptReceiveData(USBH_HandleTypeDef *phost,
 237:Middlewares/ST/STM32_USB_Host_Library/Core/Src/usbh_ioreq.c ****                                              uint8_t *buff,
 238:Middlewares/ST/STM32_USB_Host_Library/Core/Src/usbh_ioreq.c ****                                              uint8_t length,
 239:Middlewares/ST/STM32_USB_Host_Library/Core/Src/usbh_ioreq.c ****                                              uint8_t pipe_num)
 240:Middlewares/ST/STM32_USB_Host_Library/Core/Src/usbh_ioreq.c **** {
 328              		.loc 1 240 1 is_stmt 1 view -0
 329              		.cfi_startproc
 330              		@ args = 0, pretend = 0, frame = 0
 331              		@ frame_needed = 0, uses_anonymous_args = 0
 332              		.loc 1 240 1 is_stmt 0 view .LVU55
 333 0000 30B5     		push	{r4, r5, lr}
 334              	.LCFI15:
 335              		.cfi_def_cfa_offset 12
 336              		.cfi_offset 4, -12
 337              		.cfi_offset 5, -8
 338              		.cfi_offset 14, -4
 339 0002 85B0     		sub	sp, sp, #20
 340              	.LCFI16:
 341              		.cfi_def_cfa_offset 32
ARM GAS  /tmp/ccwRFC9F.s 			page 11


 342 0004 0D46     		mov	r5, r1
 343 0006 1946     		mov	r1, r3
 344              	.LVL30:
 241:Middlewares/ST/STM32_USB_Host_Library/Core/Src/usbh_ioreq.c ****   (void)USBH_LL_SubmitURB(phost,                /* Driver handle    */
 345              		.loc 1 241 3 is_stmt 1 view .LVU56
 346              		.loc 1 241 9 is_stmt 0 view .LVU57
 347 0008 0024     		movs	r4, #0
 348 000a 0394     		str	r4, [sp, #12]
 349 000c 0292     		str	r2, [sp, #8]
 350 000e 0195     		str	r5, [sp, #4]
 351 0010 0122     		movs	r2, #1
 352              	.LVL31:
 353              		.loc 1 241 9 view .LVU58
 354 0012 0092     		str	r2, [sp]
 355 0014 0323     		movs	r3, #3
 356              	.LVL32:
 357              		.loc 1 241 9 view .LVU59
 358 0016 FFF7FEFF 		bl	USBH_LL_SubmitURB
 359              	.LVL33:
 242:Middlewares/ST/STM32_USB_Host_Library/Core/Src/usbh_ioreq.c ****                           pipe_num,             /* Pipe index       */
 243:Middlewares/ST/STM32_USB_Host_Library/Core/Src/usbh_ioreq.c ****                           1U,                   /* Direction : IN   */
 244:Middlewares/ST/STM32_USB_Host_Library/Core/Src/usbh_ioreq.c ****                           USBH_EP_INTERRUPT,    /* EP type          */
 245:Middlewares/ST/STM32_USB_Host_Library/Core/Src/usbh_ioreq.c ****                           USBH_PID_DATA,        /* Type Data        */
 246:Middlewares/ST/STM32_USB_Host_Library/Core/Src/usbh_ioreq.c ****                           buff,                 /* data buffer      */
 247:Middlewares/ST/STM32_USB_Host_Library/Core/Src/usbh_ioreq.c ****                           (uint16_t)length,     /* data length      */
 248:Middlewares/ST/STM32_USB_Host_Library/Core/Src/usbh_ioreq.c ****                           0U);
 249:Middlewares/ST/STM32_USB_Host_Library/Core/Src/usbh_ioreq.c **** 
 250:Middlewares/ST/STM32_USB_Host_Library/Core/Src/usbh_ioreq.c ****   return USBH_OK;
 360              		.loc 1 250 3 is_stmt 1 view .LVU60
 251:Middlewares/ST/STM32_USB_Host_Library/Core/Src/usbh_ioreq.c **** }
 361              		.loc 1 251 1 is_stmt 0 view .LVU61
 362 001a 2046     		mov	r0, r4
 363 001c 05B0     		add	sp, sp, #20
 364              	.LCFI17:
 365              		.cfi_def_cfa_offset 12
 366              		@ sp needed
 367 001e 30BD     		pop	{r4, r5, pc}
 368              		.loc 1 251 1 view .LVU62
 369              		.cfi_endproc
 370              	.LFE247:
 372              		.section	.text.USBH_InterruptSendData,"ax",%progbits
 373              		.align	1
 374              		.global	USBH_InterruptSendData
 375              		.syntax unified
 376              		.thumb
 377              		.thumb_func
 378              		.fpu fpv4-sp-d16
 380              	USBH_InterruptSendData:
 381              	.LVL34:
 382              	.LFB248:
 252:Middlewares/ST/STM32_USB_Host_Library/Core/Src/usbh_ioreq.c **** 
 253:Middlewares/ST/STM32_USB_Host_Library/Core/Src/usbh_ioreq.c **** /**
 254:Middlewares/ST/STM32_USB_Host_Library/Core/Src/usbh_ioreq.c ****   * @brief  USBH_InterruptSendData
 255:Middlewares/ST/STM32_USB_Host_Library/Core/Src/usbh_ioreq.c ****   *         Sends the data on Interrupt OUT Endpoint
 256:Middlewares/ST/STM32_USB_Host_Library/Core/Src/usbh_ioreq.c ****   * @param  phost: Host Handle
 257:Middlewares/ST/STM32_USB_Host_Library/Core/Src/usbh_ioreq.c ****   * @param  buff: Buffer pointer from where the data needs to be copied
 258:Middlewares/ST/STM32_USB_Host_Library/Core/Src/usbh_ioreq.c ****   * @param  length: Length of the data to be sent
ARM GAS  /tmp/ccwRFC9F.s 			page 12


 259:Middlewares/ST/STM32_USB_Host_Library/Core/Src/usbh_ioreq.c ****   * @param  pipe_num: Pipe Number
 260:Middlewares/ST/STM32_USB_Host_Library/Core/Src/usbh_ioreq.c ****   * @retval USBH Status.
 261:Middlewares/ST/STM32_USB_Host_Library/Core/Src/usbh_ioreq.c ****   */
 262:Middlewares/ST/STM32_USB_Host_Library/Core/Src/usbh_ioreq.c **** USBH_StatusTypeDef USBH_InterruptSendData(USBH_HandleTypeDef *phost,
 263:Middlewares/ST/STM32_USB_Host_Library/Core/Src/usbh_ioreq.c ****                                           uint8_t *buff,
 264:Middlewares/ST/STM32_USB_Host_Library/Core/Src/usbh_ioreq.c ****                                           uint8_t length,
 265:Middlewares/ST/STM32_USB_Host_Library/Core/Src/usbh_ioreq.c ****                                           uint8_t pipe_num)
 266:Middlewares/ST/STM32_USB_Host_Library/Core/Src/usbh_ioreq.c **** {
 383              		.loc 1 266 1 is_stmt 1 view -0
 384              		.cfi_startproc
 385              		@ args = 0, pretend = 0, frame = 0
 386              		@ frame_needed = 0, uses_anonymous_args = 0
 387              		.loc 1 266 1 is_stmt 0 view .LVU64
 388 0000 30B5     		push	{r4, r5, lr}
 389              	.LCFI18:
 390              		.cfi_def_cfa_offset 12
 391              		.cfi_offset 4, -12
 392              		.cfi_offset 5, -8
 393              		.cfi_offset 14, -4
 394 0002 85B0     		sub	sp, sp, #20
 395              	.LCFI19:
 396              		.cfi_def_cfa_offset 32
 397 0004 0D46     		mov	r5, r1
 398 0006 1946     		mov	r1, r3
 399              	.LVL35:
 267:Middlewares/ST/STM32_USB_Host_Library/Core/Src/usbh_ioreq.c ****   (void)USBH_LL_SubmitURB(phost,                /* Driver handle    */
 400              		.loc 1 267 3 is_stmt 1 view .LVU65
 401              		.loc 1 267 9 is_stmt 0 view .LVU66
 402 0008 0024     		movs	r4, #0
 403 000a 0394     		str	r4, [sp, #12]
 404 000c 0292     		str	r2, [sp, #8]
 405 000e 0195     		str	r5, [sp, #4]
 406 0010 0123     		movs	r3, #1
 407              	.LVL36:
 408              		.loc 1 267 9 view .LVU67
 409 0012 0093     		str	r3, [sp]
 410 0014 0323     		movs	r3, #3
 411 0016 2246     		mov	r2, r4
 412              	.LVL37:
 413              		.loc 1 267 9 view .LVU68
 414 0018 FFF7FEFF 		bl	USBH_LL_SubmitURB
 415              	.LVL38:
 268:Middlewares/ST/STM32_USB_Host_Library/Core/Src/usbh_ioreq.c ****                           pipe_num,             /* Pipe index       */
 269:Middlewares/ST/STM32_USB_Host_Library/Core/Src/usbh_ioreq.c ****                           0U,                   /* Direction : OUT  */
 270:Middlewares/ST/STM32_USB_Host_Library/Core/Src/usbh_ioreq.c ****                           USBH_EP_INTERRUPT,    /* EP type          */
 271:Middlewares/ST/STM32_USB_Host_Library/Core/Src/usbh_ioreq.c ****                           USBH_PID_DATA,        /* Type Data        */
 272:Middlewares/ST/STM32_USB_Host_Library/Core/Src/usbh_ioreq.c ****                           buff,                 /* data buffer      */
 273:Middlewares/ST/STM32_USB_Host_Library/Core/Src/usbh_ioreq.c ****                           (uint16_t)length,     /* data length      */
 274:Middlewares/ST/STM32_USB_Host_Library/Core/Src/usbh_ioreq.c ****                           0U);
 275:Middlewares/ST/STM32_USB_Host_Library/Core/Src/usbh_ioreq.c **** 
 276:Middlewares/ST/STM32_USB_Host_Library/Core/Src/usbh_ioreq.c ****   return USBH_OK;
 416              		.loc 1 276 3 is_stmt 1 view .LVU69
 277:Middlewares/ST/STM32_USB_Host_Library/Core/Src/usbh_ioreq.c **** }
 417              		.loc 1 277 1 is_stmt 0 view .LVU70
 418 001c 2046     		mov	r0, r4
 419 001e 05B0     		add	sp, sp, #20
 420              	.LCFI20:
ARM GAS  /tmp/ccwRFC9F.s 			page 13


 421              		.cfi_def_cfa_offset 12
 422              		@ sp needed
 423 0020 30BD     		pop	{r4, r5, pc}
 424              		.loc 1 277 1 view .LVU71
 425              		.cfi_endproc
 426              	.LFE248:
 428              		.section	.text.USBH_IsocReceiveData,"ax",%progbits
 429              		.align	1
 430              		.global	USBH_IsocReceiveData
 431              		.syntax unified
 432              		.thumb
 433              		.thumb_func
 434              		.fpu fpv4-sp-d16
 436              	USBH_IsocReceiveData:
 437              	.LVL39:
 438              	.LFB249:
 278:Middlewares/ST/STM32_USB_Host_Library/Core/Src/usbh_ioreq.c **** 
 279:Middlewares/ST/STM32_USB_Host_Library/Core/Src/usbh_ioreq.c **** /**
 280:Middlewares/ST/STM32_USB_Host_Library/Core/Src/usbh_ioreq.c ****   * @brief  USBH_IsocReceiveData
 281:Middlewares/ST/STM32_USB_Host_Library/Core/Src/usbh_ioreq.c ****   *         Receives the Device Response to the Isochronous IN token
 282:Middlewares/ST/STM32_USB_Host_Library/Core/Src/usbh_ioreq.c ****   * @param  phost: Host Handle
 283:Middlewares/ST/STM32_USB_Host_Library/Core/Src/usbh_ioreq.c ****   * @param  buff: Buffer pointer in which the response needs to be copied
 284:Middlewares/ST/STM32_USB_Host_Library/Core/Src/usbh_ioreq.c ****   * @param  length: Length of the data to be received
 285:Middlewares/ST/STM32_USB_Host_Library/Core/Src/usbh_ioreq.c ****   * @param  pipe_num: Pipe Number
 286:Middlewares/ST/STM32_USB_Host_Library/Core/Src/usbh_ioreq.c ****   * @retval USBH Status.
 287:Middlewares/ST/STM32_USB_Host_Library/Core/Src/usbh_ioreq.c ****   */
 288:Middlewares/ST/STM32_USB_Host_Library/Core/Src/usbh_ioreq.c **** USBH_StatusTypeDef USBH_IsocReceiveData(USBH_HandleTypeDef *phost,
 289:Middlewares/ST/STM32_USB_Host_Library/Core/Src/usbh_ioreq.c ****                                         uint8_t *buff,
 290:Middlewares/ST/STM32_USB_Host_Library/Core/Src/usbh_ioreq.c ****                                         uint32_t length,
 291:Middlewares/ST/STM32_USB_Host_Library/Core/Src/usbh_ioreq.c ****                                         uint8_t pipe_num)
 292:Middlewares/ST/STM32_USB_Host_Library/Core/Src/usbh_ioreq.c **** {
 439              		.loc 1 292 1 is_stmt 1 view -0
 440              		.cfi_startproc
 441              		@ args = 0, pretend = 0, frame = 0
 442              		@ frame_needed = 0, uses_anonymous_args = 0
 443              		.loc 1 292 1 is_stmt 0 view .LVU73
 444 0000 30B5     		push	{r4, r5, lr}
 445              	.LCFI21:
 446              		.cfi_def_cfa_offset 12
 447              		.cfi_offset 4, -12
 448              		.cfi_offset 5, -8
 449              		.cfi_offset 14, -4
 450 0002 85B0     		sub	sp, sp, #20
 451              	.LCFI22:
 452              		.cfi_def_cfa_offset 32
 453 0004 0D46     		mov	r5, r1
 454 0006 1946     		mov	r1, r3
 455              	.LVL40:
 293:Middlewares/ST/STM32_USB_Host_Library/Core/Src/usbh_ioreq.c ****   (void)USBH_LL_SubmitURB(phost,                /* Driver handle    */
 456              		.loc 1 293 3 is_stmt 1 view .LVU74
 457              		.loc 1 293 9 is_stmt 0 view .LVU75
 458 0008 0024     		movs	r4, #0
 459 000a 0394     		str	r4, [sp, #12]
 460 000c 92B2     		uxth	r2, r2
 461              	.LVL41:
 462              		.loc 1 293 9 view .LVU76
 463 000e 0292     		str	r2, [sp, #8]
ARM GAS  /tmp/ccwRFC9F.s 			page 14


 464 0010 0195     		str	r5, [sp, #4]
 465 0012 0122     		movs	r2, #1
 466 0014 0092     		str	r2, [sp]
 467 0016 1346     		mov	r3, r2
 468              	.LVL42:
 469              		.loc 1 293 9 view .LVU77
 470 0018 FFF7FEFF 		bl	USBH_LL_SubmitURB
 471              	.LVL43:
 294:Middlewares/ST/STM32_USB_Host_Library/Core/Src/usbh_ioreq.c ****                           pipe_num,             /* Pipe index       */
 295:Middlewares/ST/STM32_USB_Host_Library/Core/Src/usbh_ioreq.c ****                           1U,                   /* Direction : IN   */
 296:Middlewares/ST/STM32_USB_Host_Library/Core/Src/usbh_ioreq.c ****                           USBH_EP_ISO,          /* EP type          */
 297:Middlewares/ST/STM32_USB_Host_Library/Core/Src/usbh_ioreq.c ****                           USBH_PID_DATA,        /* Type Data        */
 298:Middlewares/ST/STM32_USB_Host_Library/Core/Src/usbh_ioreq.c ****                           buff,                 /* data buffer      */
 299:Middlewares/ST/STM32_USB_Host_Library/Core/Src/usbh_ioreq.c ****                           (uint16_t)length,     /* data length      */
 300:Middlewares/ST/STM32_USB_Host_Library/Core/Src/usbh_ioreq.c ****                           0U);
 301:Middlewares/ST/STM32_USB_Host_Library/Core/Src/usbh_ioreq.c **** 
 302:Middlewares/ST/STM32_USB_Host_Library/Core/Src/usbh_ioreq.c **** 
 303:Middlewares/ST/STM32_USB_Host_Library/Core/Src/usbh_ioreq.c ****   return USBH_OK;
 472              		.loc 1 303 3 is_stmt 1 view .LVU78
 304:Middlewares/ST/STM32_USB_Host_Library/Core/Src/usbh_ioreq.c **** }
 473              		.loc 1 304 1 is_stmt 0 view .LVU79
 474 001c 2046     		mov	r0, r4
 475 001e 05B0     		add	sp, sp, #20
 476              	.LCFI23:
 477              		.cfi_def_cfa_offset 12
 478              		@ sp needed
 479 0020 30BD     		pop	{r4, r5, pc}
 480              		.loc 1 304 1 view .LVU80
 481              		.cfi_endproc
 482              	.LFE249:
 484              		.section	.text.USBH_IsocSendData,"ax",%progbits
 485              		.align	1
 486              		.global	USBH_IsocSendData
 487              		.syntax unified
 488              		.thumb
 489              		.thumb_func
 490              		.fpu fpv4-sp-d16
 492              	USBH_IsocSendData:
 493              	.LVL44:
 494              	.LFB250:
 305:Middlewares/ST/STM32_USB_Host_Library/Core/Src/usbh_ioreq.c **** 
 306:Middlewares/ST/STM32_USB_Host_Library/Core/Src/usbh_ioreq.c **** /**
 307:Middlewares/ST/STM32_USB_Host_Library/Core/Src/usbh_ioreq.c ****   * @brief  USBH_IsocSendData
 308:Middlewares/ST/STM32_USB_Host_Library/Core/Src/usbh_ioreq.c ****   *         Sends the data on Isochronous OUT Endpoint
 309:Middlewares/ST/STM32_USB_Host_Library/Core/Src/usbh_ioreq.c ****   * @param  phost: Host Handle
 310:Middlewares/ST/STM32_USB_Host_Library/Core/Src/usbh_ioreq.c ****   * @param  buff: Buffer pointer from where the data needs to be copied
 311:Middlewares/ST/STM32_USB_Host_Library/Core/Src/usbh_ioreq.c ****   * @param  length: Length of the data to be sent
 312:Middlewares/ST/STM32_USB_Host_Library/Core/Src/usbh_ioreq.c ****   * @param  pipe_num: Pipe Number
 313:Middlewares/ST/STM32_USB_Host_Library/Core/Src/usbh_ioreq.c ****   * @retval USBH Status.
 314:Middlewares/ST/STM32_USB_Host_Library/Core/Src/usbh_ioreq.c ****   */
 315:Middlewares/ST/STM32_USB_Host_Library/Core/Src/usbh_ioreq.c **** USBH_StatusTypeDef USBH_IsocSendData(USBH_HandleTypeDef *phost,
 316:Middlewares/ST/STM32_USB_Host_Library/Core/Src/usbh_ioreq.c ****                                      uint8_t *buff,
 317:Middlewares/ST/STM32_USB_Host_Library/Core/Src/usbh_ioreq.c ****                                      uint32_t length,
 318:Middlewares/ST/STM32_USB_Host_Library/Core/Src/usbh_ioreq.c ****                                      uint8_t pipe_num)
 319:Middlewares/ST/STM32_USB_Host_Library/Core/Src/usbh_ioreq.c **** {
 495              		.loc 1 319 1 is_stmt 1 view -0
 496              		.cfi_startproc
ARM GAS  /tmp/ccwRFC9F.s 			page 15


 497              		@ args = 0, pretend = 0, frame = 0
 498              		@ frame_needed = 0, uses_anonymous_args = 0
 499              		.loc 1 319 1 is_stmt 0 view .LVU82
 500 0000 30B5     		push	{r4, r5, lr}
 501              	.LCFI24:
 502              		.cfi_def_cfa_offset 12
 503              		.cfi_offset 4, -12
 504              		.cfi_offset 5, -8
 505              		.cfi_offset 14, -4
 506 0002 85B0     		sub	sp, sp, #20
 507              	.LCFI25:
 508              		.cfi_def_cfa_offset 32
 509 0004 0D46     		mov	r5, r1
 510 0006 1946     		mov	r1, r3
 511              	.LVL45:
 320:Middlewares/ST/STM32_USB_Host_Library/Core/Src/usbh_ioreq.c ****   (void)USBH_LL_SubmitURB(phost,                /* Driver handle    */
 512              		.loc 1 320 3 is_stmt 1 view .LVU83
 513              		.loc 1 320 9 is_stmt 0 view .LVU84
 514 0008 0024     		movs	r4, #0
 515 000a 0394     		str	r4, [sp, #12]
 516 000c 92B2     		uxth	r2, r2
 517              	.LVL46:
 518              		.loc 1 320 9 view .LVU85
 519 000e 0292     		str	r2, [sp, #8]
 520 0010 0195     		str	r5, [sp, #4]
 521 0012 0123     		movs	r3, #1
 522              	.LVL47:
 523              		.loc 1 320 9 view .LVU86
 524 0014 0093     		str	r3, [sp]
 525 0016 2246     		mov	r2, r4
 526 0018 FFF7FEFF 		bl	USBH_LL_SubmitURB
 527              	.LVL48:
 321:Middlewares/ST/STM32_USB_Host_Library/Core/Src/usbh_ioreq.c ****                           pipe_num,             /* Pipe index       */
 322:Middlewares/ST/STM32_USB_Host_Library/Core/Src/usbh_ioreq.c ****                           0U,                   /* Direction : OUT  */
 323:Middlewares/ST/STM32_USB_Host_Library/Core/Src/usbh_ioreq.c ****                           USBH_EP_ISO,          /* EP type          */
 324:Middlewares/ST/STM32_USB_Host_Library/Core/Src/usbh_ioreq.c ****                           USBH_PID_DATA,        /* Type Data        */
 325:Middlewares/ST/STM32_USB_Host_Library/Core/Src/usbh_ioreq.c ****                           buff,                 /* data buffer      */
 326:Middlewares/ST/STM32_USB_Host_Library/Core/Src/usbh_ioreq.c ****                           (uint16_t)length,     /* data length      */
 327:Middlewares/ST/STM32_USB_Host_Library/Core/Src/usbh_ioreq.c ****                           0U);
 328:Middlewares/ST/STM32_USB_Host_Library/Core/Src/usbh_ioreq.c **** 
 329:Middlewares/ST/STM32_USB_Host_Library/Core/Src/usbh_ioreq.c ****   return USBH_OK;
 528              		.loc 1 329 3 is_stmt 1 view .LVU87
 330:Middlewares/ST/STM32_USB_Host_Library/Core/Src/usbh_ioreq.c **** }
 529              		.loc 1 330 1 is_stmt 0 view .LVU88
 530 001c 2046     		mov	r0, r4
 531 001e 05B0     		add	sp, sp, #20
 532              	.LCFI26:
 533              		.cfi_def_cfa_offset 12
 534              		@ sp needed
 535 0020 30BD     		pop	{r4, r5, pc}
 536              		.loc 1 330 1 view .LVU89
 537              		.cfi_endproc
 538              	.LFE250:
 540              		.text
 541              	.Letext0:
 542              		.file 2 "/usr/include/newlib/machine/_default_types.h"
 543              		.file 3 "/usr/lib/gcc/arm-none-eabi/9.2.1/include/stddef.h"
ARM GAS  /tmp/ccwRFC9F.s 			page 16


 544              		.file 4 "/usr/include/newlib/sys/_types.h"
 545              		.file 5 "/usr/include/newlib/sys/reent.h"
 546              		.file 6 "/usr/include/newlib/sys/lock.h"
 547              		.file 7 "/usr/include/newlib/sys/_stdint.h"
 548              		.file 8 "/usr/include/newlib/stdlib.h"
 549              		.file 9 "Drivers/CMSIS/Include/core_cm4.h"
 550              		.file 10 "Drivers/CMSIS/Device/ST/STM32F4xx/Include/system_stm32f4xx.h"
 551              		.file 11 "Drivers/STM32F4xx_HAL_Driver/Inc/stm32f4xx_hal.h"
 552              		.file 12 "Middlewares/Third_Party/FreeRTOS/Source/CMSIS_RTOS_V2/cmsis_os2.h"
 553              		.file 13 "Middlewares/ST/STM32_USB_Host_Library/Core/Inc/usbh_def.h"
 554              		.file 14 "Middlewares/ST/STM32_USB_Host_Library/Core/Inc/usbh_ctlreq.h"
 555              		.file 15 "Middlewares/ST/STM32_USB_Host_Library/Core/Inc/usbh_core.h"
ARM GAS  /tmp/ccwRFC9F.s 			page 17


DEFINED SYMBOLS
                            *ABS*:0000000000000000 usbh_ioreq.c
     /tmp/ccwRFC9F.s:18     .text.USBH_CtlSendSetup:0000000000000000 $t
     /tmp/ccwRFC9F.s:26     .text.USBH_CtlSendSetup:0000000000000000 USBH_CtlSendSetup
     /tmp/ccwRFC9F.s:74     .text.USBH_CtlSendData:0000000000000000 $t
     /tmp/ccwRFC9F.s:81     .text.USBH_CtlSendData:0000000000000000 USBH_CtlSendData
     /tmp/ccwRFC9F.s:141    .text.USBH_CtlReceiveData:0000000000000000 $t
     /tmp/ccwRFC9F.s:148    .text.USBH_CtlReceiveData:0000000000000000 USBH_CtlReceiveData
     /tmp/ccwRFC9F.s:196    .text.USBH_BulkSendData:0000000000000000 $t
     /tmp/ccwRFC9F.s:203    .text.USBH_BulkSendData:0000000000000000 USBH_BulkSendData
     /tmp/ccwRFC9F.s:263    .text.USBH_BulkReceiveData:0000000000000000 $t
     /tmp/ccwRFC9F.s:270    .text.USBH_BulkReceiveData:0000000000000000 USBH_BulkReceiveData
     /tmp/ccwRFC9F.s:318    .text.USBH_InterruptReceiveData:0000000000000000 $t
     /tmp/ccwRFC9F.s:325    .text.USBH_InterruptReceiveData:0000000000000000 USBH_InterruptReceiveData
     /tmp/ccwRFC9F.s:373    .text.USBH_InterruptSendData:0000000000000000 $t
     /tmp/ccwRFC9F.s:380    .text.USBH_InterruptSendData:0000000000000000 USBH_InterruptSendData
     /tmp/ccwRFC9F.s:429    .text.USBH_IsocReceiveData:0000000000000000 $t
     /tmp/ccwRFC9F.s:436    .text.USBH_IsocReceiveData:0000000000000000 USBH_IsocReceiveData
     /tmp/ccwRFC9F.s:485    .text.USBH_IsocSendData:0000000000000000 $t
     /tmp/ccwRFC9F.s:492    .text.USBH_IsocSendData:0000000000000000 USBH_IsocSendData

UNDEFINED SYMBOLS
USBH_LL_SubmitURB
